[2025-05-20T11:01:34.196+0000] {manager.py:487} INFO - Processing files using up to 2 processes at a time 
[2025-05-20T11:01:34.196+0000] {manager.py:488} INFO - Process each file at most once every 30 seconds
[2025-05-20T11:01:34.196+0000] {manager.py:489} INFO - Checking for new files in /opt/airflow/dags every 300 seconds
[2025-05-20T11:01:34.196+0000] {manager.py:755} INFO - Searching for files in /opt/airflow/dags
[2025-05-20T11:01:34.197+0000] {manager.py:758} INFO - There are 0 files in /opt/airflow/dags
[2025-05-20T11:06:34.992+0000] {manager.py:755} INFO - Searching for files in /opt/airflow/dags
[2025-05-20T11:06:34.999+0000] {manager.py:758} INFO - There are 0 files in /opt/airflow/dags
[2025-05-20T11:11:35.767+0000] {manager.py:755} INFO - Searching for files in /opt/airflow/dags
[2025-05-20T11:11:35.773+0000] {manager.py:758} INFO - There are 0 files in /opt/airflow/dags
[2025-05-20T11:16:36.347+0000] {manager.py:755} INFO - Searching for files in /opt/airflow/dags
[2025-05-20T11:16:36.358+0000] {manager.py:758} INFO - There are 0 files in /opt/airflow/dags
[2025-05-20T11:21:36.896+0000] {manager.py:755} INFO - Searching for files in /opt/airflow/dags
[2025-05-20T11:21:36.903+0000] {manager.py:758} INFO - There are 0 files in /opt/airflow/dags
[2025-05-20T11:26:37.524+0000] {manager.py:755} INFO - Searching for files in /opt/airflow/dags
[2025-05-20T11:26:37.530+0000] {manager.py:758} INFO - There are 0 files in /opt/airflow/dags
[2025-05-20T11:31:38.015+0000] {manager.py:755} INFO - Searching for files in /opt/airflow/dags
[2025-05-20T11:31:38.037+0000] {manager.py:758} INFO - There are 0 files in /opt/airflow/dags
[2025-05-20T11:36:38.581+0000] {manager.py:755} INFO - Searching for files in /opt/airflow/dags
[2025-05-20T11:36:38.599+0000] {manager.py:758} INFO - There are 1 files in /opt/airflow/dags
[2025-05-20T11:36:52.789+0000] {manager.py:887} INFO - 
================================================================================
DAG File Processing Stats

File Path                                PID    Runtime      # DAGs    # Errors  Last Runtime    Last Run
---------------------------------------  -----  ---------  --------  ----------  --------------  -------------------
/opt/airflow/dags/kafka_to_snowflake.py                           0           1  0.08s           2025-05-20T11:36:38
================================================================================
[2025-05-20T11:37:23.054+0000] {manager.py:887} INFO - 
================================================================================
DAG File Processing Stats

File Path                                PID    Runtime      # DAGs    # Errors  Last Runtime    Last Run
---------------------------------------  -----  ---------  --------  ----------  --------------  -------------------
/opt/airflow/dags/kafka_to_snowflake.py                           0           1  0.04s           2025-05-20T11:37:08
================================================================================
[2025-05-20T11:37:53.346+0000] {manager.py:887} INFO - 
================================================================================
DAG File Processing Stats

File Path                                PID    Runtime      # DAGs    # Errors  Last Runtime    Last Run
---------------------------------------  -----  ---------  --------  ----------  --------------  -------------------
/opt/airflow/dags/kafka_to_snowflake.py                           0           1  0.09s           2025-05-20T11:37:39
================================================================================
[2025-05-20T11:38:23.658+0000] {manager.py:887} INFO - 
================================================================================
DAG File Processing Stats

File Path                                PID    Runtime      # DAGs    # Errors  Last Runtime    Last Run
---------------------------------------  -----  ---------  --------  ----------  --------------  -------------------
/opt/airflow/dags/kafka_to_snowflake.py                           0           1  0.09s           2025-05-20T11:38:09
================================================================================
[2025-05-20T11:38:53.983+0000] {manager.py:887} INFO - 
================================================================================
DAG File Processing Stats

File Path                                PID    Runtime      # DAGs    # Errors  Last Runtime    Last Run
---------------------------------------  -----  ---------  --------  ----------  --------------  -------------------
/opt/airflow/dags/kafka_to_snowflake.py                           0           1  0.09s           2025-05-20T11:38:39
================================================================================
[2025-05-20T11:39:24.275+0000] {manager.py:887} INFO - 
================================================================================
DAG File Processing Stats

File Path                                PID    Runtime      # DAGs    # Errors  Last Runtime    Last Run
---------------------------------------  -----  ---------  --------  ----------  --------------  -------------------
/opt/airflow/dags/kafka_to_snowflake.py                           0           1  0.05s           2025-05-20T11:39:10
================================================================================
[2025-05-20T11:39:54.623+0000] {manager.py:887} INFO - 
================================================================================
DAG File Processing Stats

File Path                                PID    Runtime      # DAGs    # Errors  Last Runtime    Last Run
---------------------------------------  -----  ---------  --------  ----------  --------------  -------------------
/opt/airflow/dags/kafka_to_snowflake.py                           0           1  0.11s           2025-05-20T11:39:40
================================================================================
[2025-05-20T11:40:24.960+0000] {manager.py:887} INFO - 
================================================================================
DAG File Processing Stats

File Path                                PID    Runtime      # DAGs    # Errors  Last Runtime    Last Run
---------------------------------------  -----  ---------  --------  ----------  --------------  -------------------
/opt/airflow/dags/kafka_to_snowflake.py                           0           1  0.04s           2025-05-20T11:40:10
================================================================================
[2025-05-20T11:40:55.367+0000] {manager.py:887} INFO - 
================================================================================
DAG File Processing Stats

File Path                                PID    Runtime      # DAGs    # Errors  Last Runtime    Last Run
---------------------------------------  -----  ---------  --------  ----------  --------------  -------------------
/opt/airflow/dags/kafka_to_snowflake.py                           0           1  0.12s           2025-05-20T11:40:41
================================================================================
[2025-05-20T11:41:25.709+0000] {manager.py:887} INFO - 
================================================================================
DAG File Processing Stats

File Path                                PID    Runtime      # DAGs    # Errors  Last Runtime    Last Run
---------------------------------------  -----  ---------  --------  ----------  --------------  -------------------
/opt/airflow/dags/kafka_to_snowflake.py                           0           1  0.06s           2025-05-20T11:41:11
================================================================================
[2025-05-20T11:41:38.840+0000] {manager.py:755} INFO - Searching for files in /opt/airflow/dags
[2025-05-20T11:41:38.849+0000] {manager.py:758} INFO - There are 1 files in /opt/airflow/dags
[2025-05-20T11:41:56.117+0000] {manager.py:887} INFO - 
================================================================================
DAG File Processing Stats

File Path                                PID    Runtime      # DAGs    # Errors  Last Runtime    Last Run
---------------------------------------  -----  ---------  --------  ----------  --------------  -------------------
/opt/airflow/dags/kafka_to_snowflake.py                           0           1  0.11s           2025-05-20T11:41:42
================================================================================
[2025-05-20T11:42:26.457+0000] {manager.py:887} INFO - 
================================================================================
DAG File Processing Stats

File Path                                PID    Runtime      # DAGs    # Errors  Last Runtime    Last Run
---------------------------------------  -----  ---------  --------  ----------  --------------  -------------------
/opt/airflow/dags/kafka_to_snowflake.py                           0           1  0.08s           2025-05-20T11:42:12
================================================================================
[2025-05-20T11:42:56.814+0000] {manager.py:887} INFO - 
================================================================================
DAG File Processing Stats

File Path                                PID    Runtime      # DAGs    # Errors  Last Runtime    Last Run
---------------------------------------  -----  ---------  --------  ----------  --------------  -------------------
/opt/airflow/dags/kafka_to_snowflake.py                           0           1  0.10s           2025-05-20T11:42:42
================================================================================
[2025-05-20T11:43:27.154+0000] {manager.py:887} INFO - 
================================================================================
DAG File Processing Stats

File Path                                PID    Runtime      # DAGs    # Errors  Last Runtime    Last Run
---------------------------------------  -----  ---------  --------  ----------  --------------  -------------------
/opt/airflow/dags/kafka_to_snowflake.py                           0           1  0.06s           2025-05-20T11:43:13
================================================================================
[2025-05-20T11:43:57.556+0000] {manager.py:887} INFO - 
================================================================================
DAG File Processing Stats

File Path                                PID    Runtime      # DAGs    # Errors  Last Runtime    Last Run
---------------------------------------  -----  ---------  --------  ----------  --------------  -------------------
/opt/airflow/dags/kafka_to_snowflake.py                           0           1  0.12s           2025-05-20T11:43:43
================================================================================
[2025-05-20T11:44:27.998+0000] {manager.py:887} INFO - 
================================================================================
DAG File Processing Stats

File Path                                PID    Runtime      # DAGs    # Errors  Last Runtime    Last Run
---------------------------------------  -----  ---------  --------  ----------  --------------  -------------------
/opt/airflow/dags/kafka_to_snowflake.py                           0           1  0.11s           2025-05-20T11:44:13
================================================================================
[2025-05-20T11:44:58.320+0000] {manager.py:887} INFO - 
================================================================================
DAG File Processing Stats

File Path                                PID    Runtime      # DAGs    # Errors  Last Runtime    Last Run
---------------------------------------  -----  ---------  --------  ----------  --------------  -------------------
/opt/airflow/dags/kafka_to_snowflake.py                           0           1  0.10s           2025-05-20T11:44:44
================================================================================
[2025-05-20T11:45:28.666+0000] {manager.py:887} INFO - 
================================================================================
DAG File Processing Stats

File Path                                PID    Runtime      # DAGs    # Errors  Last Runtime    Last Run
---------------------------------------  -----  ---------  --------  ----------  --------------  -------------------
/opt/airflow/dags/kafka_to_snowflake.py                           0           1  0.10s           2025-05-20T11:45:14
================================================================================
[2025-05-20T11:45:58.982+0000] {manager.py:887} INFO - 
================================================================================
DAG File Processing Stats

File Path                                PID    Runtime      # DAGs    # Errors  Last Runtime    Last Run
---------------------------------------  -----  ---------  --------  ----------  --------------  -------------------
/opt/airflow/dags/kafka_to_snowflake.py                           0           1  0.09s           2025-05-20T11:45:44
================================================================================
[2025-05-20T11:46:29.284+0000] {manager.py:887} INFO - 
================================================================================
DAG File Processing Stats

File Path                                PID    Runtime      # DAGs    # Errors  Last Runtime    Last Run
---------------------------------------  -----  ---------  --------  ----------  --------------  -------------------
/opt/airflow/dags/kafka_to_snowflake.py                           0           1  0.07s           2025-05-20T11:46:15
================================================================================
[2025-05-20T11:46:39.385+0000] {manager.py:755} INFO - Searching for files in /opt/airflow/dags
[2025-05-20T11:46:39.403+0000] {manager.py:758} INFO - There are 1 files in /opt/airflow/dags
[2025-05-20T11:46:59.689+0000] {manager.py:887} INFO - 
================================================================================
DAG File Processing Stats

File Path                                PID    Runtime      # DAGs    # Errors  Last Runtime    Last Run
---------------------------------------  -----  ---------  --------  ----------  --------------  -------------------
/opt/airflow/dags/kafka_to_snowflake.py                           0           1  0.11s           2025-05-20T11:46:45
================================================================================
[2025-05-20T11:47:30.076+0000] {manager.py:887} INFO - 
================================================================================
DAG File Processing Stats

File Path                                PID    Runtime      # DAGs    # Errors  Last Runtime    Last Run
---------------------------------------  -----  ---------  --------  ----------  --------------  -------------------
/opt/airflow/dags/kafka_to_snowflake.py                           0           1  0.10s           2025-05-20T11:47:15
================================================================================
[2025-05-20T11:48:00.421+0000] {manager.py:887} INFO - 
================================================================================
DAG File Processing Stats

File Path                                PID    Runtime      # DAGs    # Errors  Last Runtime    Last Run
---------------------------------------  -----  ---------  --------  ----------  --------------  -------------------
/opt/airflow/dags/kafka_to_snowflake.py                           0           1  0.09s           2025-05-20T11:47:46
================================================================================
[2025-05-20T11:48:30.744+0000] {manager.py:887} INFO - 
================================================================================
DAG File Processing Stats

File Path                                PID    Runtime      # DAGs    # Errors  Last Runtime    Last Run
---------------------------------------  -----  ---------  --------  ----------  --------------  -------------------
/opt/airflow/dags/kafka_to_snowflake.py                           0           1  0.09s           2025-05-20T11:48:16
================================================================================
[2025-05-20T11:49:01.066+0000] {manager.py:887} INFO - 
================================================================================
DAG File Processing Stats

File Path                                PID    Runtime      # DAGs    # Errors  Last Runtime    Last Run
---------------------------------------  -----  ---------  --------  ----------  --------------  -------------------
/opt/airflow/dags/kafka_to_snowflake.py                           0           1  0.13s           2025-05-20T11:48:47
================================================================================
[2025-05-20T11:49:31.380+0000] {manager.py:887} INFO - 
================================================================================
DAG File Processing Stats

File Path                                PID    Runtime      # DAGs    # Errors  Last Runtime    Last Run
---------------------------------------  -----  ---------  --------  ----------  --------------  -------------------
/opt/airflow/dags/kafka_to_snowflake.py                           0           1  0.08s           2025-05-20T11:49:17
================================================================================
[2025-05-20T11:50:01.807+0000] {manager.py:887} INFO - 
================================================================================
DAG File Processing Stats

File Path                                PID    Runtime      # DAGs    # Errors  Last Runtime    Last Run
---------------------------------------  -----  ---------  --------  ----------  --------------  -------------------
/opt/airflow/dags/kafka_to_snowflake.py                           0           1  0.09s           2025-05-20T11:49:47
================================================================================
[2025-05-20T11:50:32.102+0000] {manager.py:887} INFO - 
================================================================================
DAG File Processing Stats

File Path                                PID    Runtime      # DAGs    # Errors  Last Runtime    Last Run
---------------------------------------  -----  ---------  --------  ----------  --------------  -------------------
/opt/airflow/dags/kafka_to_snowflake.py                           0           1  0.06s           2025-05-20T11:50:18
================================================================================
[2025-05-20T11:51:02.398+0000] {manager.py:887} INFO - 
================================================================================
DAG File Processing Stats

File Path                                PID    Runtime      # DAGs    # Errors  Last Runtime    Last Run
---------------------------------------  -----  ---------  --------  ----------  --------------  -------------------
/opt/airflow/dags/kafka_to_snowflake.py                           0           1  0.10s           2025-05-20T11:50:48
================================================================================
[2025-05-20T11:51:32.700+0000] {manager.py:887} INFO - 
================================================================================
DAG File Processing Stats

File Path                                PID    Runtime      # DAGs    # Errors  Last Runtime    Last Run
---------------------------------------  -----  ---------  --------  ----------  --------------  -------------------
/opt/airflow/dags/kafka_to_snowflake.py                           0           1  0.06s           2025-05-20T11:51:18
================================================================================
[2025-05-20T11:51:39.770+0000] {manager.py:755} INFO - Searching for files in /opt/airflow/dags
[2025-05-20T11:51:39.779+0000] {manager.py:758} INFO - There are 1 files in /opt/airflow/dags
[2025-05-20T11:52:03.065+0000] {manager.py:887} INFO - 
================================================================================
DAG File Processing Stats

File Path                                PID    Runtime      # DAGs    # Errors  Last Runtime    Last Run
---------------------------------------  -----  ---------  --------  ----------  --------------  -------------------
/opt/airflow/dags/kafka_to_snowflake.py                           0           1  0.08s           2025-05-20T11:51:48
================================================================================
[2025-05-20T11:52:33.388+0000] {manager.py:887} INFO - 
================================================================================
DAG File Processing Stats

File Path                                PID    Runtime      # DAGs    # Errors  Last Runtime    Last Run
---------------------------------------  -----  ---------  --------  ----------  --------------  -------------------
/opt/airflow/dags/kafka_to_snowflake.py                           0           1  0.10s           2025-05-20T11:52:19
================================================================================
[2025-05-20T11:53:03.682+0000] {manager.py:887} INFO - 
================================================================================
DAG File Processing Stats

File Path                                PID    Runtime      # DAGs    # Errors  Last Runtime    Last Run
---------------------------------------  -----  ---------  --------  ----------  --------------  -------------------
/opt/airflow/dags/kafka_to_snowflake.py                           0           1  0.08s           2025-05-20T11:52:49
================================================================================
[2025-05-20T11:53:33.942+0000] {manager.py:887} INFO - 
================================================================================
DAG File Processing Stats

File Path                                PID    Runtime      # DAGs    # Errors  Last Runtime    Last Run
---------------------------------------  -----  ---------  --------  ----------  --------------  -------------------
/opt/airflow/dags/kafka_to_snowflake.py                           0           1  0.04s           2025-05-20T11:53:19
================================================================================
[2025-05-20T11:54:04.321+0000] {manager.py:887} INFO - 
================================================================================
DAG File Processing Stats

File Path                                PID    Runtime      # DAGs    # Errors  Last Runtime    Last Run
---------------------------------------  -----  ---------  --------  ----------  --------------  -------------------
/opt/airflow/dags/kafka_to_snowflake.py                           0           1  0.11s           2025-05-20T11:53:50
================================================================================
[2025-05-20T11:54:34.675+0000] {manager.py:887} INFO - 
================================================================================
DAG File Processing Stats

File Path                                PID    Runtime      # DAGs    # Errors  Last Runtime    Last Run
---------------------------------------  -----  ---------  --------  ----------  --------------  -------------------
/opt/airflow/dags/kafka_to_snowflake.py                           0           1  0.15s           2025-05-20T11:54:20
================================================================================
[2025-05-20T11:55:04.971+0000] {manager.py:887} INFO - 
================================================================================
DAG File Processing Stats

File Path                                PID    Runtime      # DAGs    # Errors  Last Runtime    Last Run
---------------------------------------  -----  ---------  --------  ----------  --------------  -------------------
/opt/airflow/dags/kafka_to_snowflake.py                           0           1  0.13s           2025-05-20T11:54:50
================================================================================
[2025-05-20T11:55:35.280+0000] {manager.py:887} INFO - 
================================================================================
DAG File Processing Stats

File Path                                PID    Runtime      # DAGs    # Errors  Last Runtime    Last Run
---------------------------------------  -----  ---------  --------  ----------  --------------  -------------------
/opt/airflow/dags/kafka_to_snowflake.py                           0           1  0.08s           2025-05-20T11:55:21
================================================================================
[2025-05-20T11:56:05.554+0000] {manager.py:887} INFO - 
================================================================================
DAG File Processing Stats

File Path                                PID    Runtime      # DAGs    # Errors  Last Runtime    Last Run
---------------------------------------  -----  ---------  --------  ----------  --------------  -------------------
/opt/airflow/dags/kafka_to_snowflake.py                           0           1  0.06s           2025-05-20T11:55:51
================================================================================
[2025-05-20T11:56:35.874+0000] {manager.py:887} INFO - 
================================================================================
DAG File Processing Stats

File Path                                PID    Runtime      # DAGs    # Errors  Last Runtime    Last Run
---------------------------------------  -----  ---------  --------  ----------  --------------  -------------------
/opt/airflow/dags/kafka_to_snowflake.py                           0           1  0.10s           2025-05-20T11:56:21
================================================================================
[2025-05-20T11:56:39.894+0000] {manager.py:755} INFO - Searching for files in /opt/airflow/dags
[2025-05-20T11:56:39.900+0000] {manager.py:758} INFO - There are 1 files in /opt/airflow/dags
[2025-05-20T11:57:06.155+0000] {manager.py:887} INFO - 
================================================================================
DAG File Processing Stats

File Path                                PID    Runtime      # DAGs    # Errors  Last Runtime    Last Run
---------------------------------------  -----  ---------  --------  ----------  --------------  -------------------
/opt/airflow/dags/kafka_to_snowflake.py                           1           0  2.10s           2025-05-20T11:56:54
================================================================================
[2025-05-20T11:57:36.325+0000] {manager.py:887} INFO - 
================================================================================
DAG File Processing Stats

File Path                                PID    Runtime      # DAGs    # Errors  Last Runtime    Last Run
---------------------------------------  -----  ---------  --------  ----------  --------------  -------------------
/opt/airflow/dags/kafka_to_snowflake.py                           1           0  0.91s           2025-05-20T11:57:25
================================================================================
[2025-05-20T11:58:06.374+0000] {manager.py:887} INFO - 
================================================================================
DAG File Processing Stats

File Path                                PID    Runtime      # DAGs    # Errors  Last Runtime    Last Run
---------------------------------------  -----  ---------  --------  ----------  --------------  -------------------
/opt/airflow/dags/kafka_to_snowflake.py                           1           0  0.78s           2025-05-20T11:57:56
================================================================================
[2025-05-20T11:58:36.903+0000] {manager.py:887} INFO - 
================================================================================
DAG File Processing Stats

File Path                                PID    Runtime      # DAGs    # Errors  Last Runtime    Last Run
---------------------------------------  -----  ---------  --------  ----------  --------------  -------------------
/opt/airflow/dags/kafka_to_snowflake.py                           1           0  0.54s           2025-05-20T11:58:27
================================================================================
[2025-05-20T11:59:07.171+0000] {manager.py:887} INFO - 
================================================================================
DAG File Processing Stats

File Path                                PID    Runtime      # DAGs    # Errors  Last Runtime    Last Run
---------------------------------------  -----  ---------  --------  ----------  --------------  -------------------
/opt/airflow/dags/kafka_to_snowflake.py                           1           0  0.83s           2025-05-20T11:58:58
================================================================================
[2025-05-20T11:59:37.256+0000] {manager.py:887} INFO - 
================================================================================
DAG File Processing Stats

File Path                                PID    Runtime      # DAGs    # Errors  Last Runtime    Last Run
---------------------------------------  -----  ---------  --------  ----------  --------------  -------------------
/opt/airflow/dags/kafka_to_snowflake.py                           1           0  0.83s           2025-05-20T11:59:29
================================================================================
[2025-05-20T12:00:07.381+0000] {manager.py:887} INFO - 
================================================================================
DAG File Processing Stats

File Path                                PID    Runtime      # DAGs    # Errors  Last Runtime    Last Run
---------------------------------------  -----  ---------  --------  ----------  --------------  -------------------
/opt/airflow/dags/kafka_to_snowflake.py                           1           0  0.88s           2025-05-20T12:00:00
================================================================================
[2025-05-20T12:00:37.485+0000] {manager.py:887} INFO - 
================================================================================
DAG File Processing Stats

File Path                                PID    Runtime      # DAGs    # Errors  Last Runtime    Last Run
---------------------------------------  -----  ---------  --------  ----------  --------------  -------------------
/opt/airflow/dags/kafka_to_snowflake.py                           1           0  0.84s           2025-05-20T12:00:31
================================================================================
[2025-05-20T12:01:07.539+0000] {manager.py:887} INFO - 
================================================================================
DAG File Processing Stats

File Path                                PID    Runtime      # DAGs    # Errors  Last Runtime    Last Run
---------------------------------------  -----  ---------  --------  ----------  --------------  -------------------
/opt/airflow/dags/kafka_to_snowflake.py                           1           0  0.77s           2025-05-20T12:01:02
================================================================================
[2025-05-20T12:01:37.623+0000] {manager.py:887} INFO - 
================================================================================
DAG File Processing Stats

File Path                                PID    Runtime      # DAGs    # Errors  Last Runtime    Last Run
---------------------------------------  -----  ---------  --------  ----------  --------------  -------------------
/opt/airflow/dags/kafka_to_snowflake.py                           1           0  0.85s           2025-05-20T12:01:33
================================================================================
[2025-05-20T12:01:40.527+0000] {manager.py:755} INFO - Searching for files in /opt/airflow/dags
[2025-05-20T12:01:40.533+0000] {manager.py:758} INFO - There are 1 files in /opt/airflow/dags
[2025-05-20T12:02:07.806+0000] {manager.py:887} INFO - 
================================================================================
DAG File Processing Stats

File Path                                PID    Runtime      # DAGs    # Errors  Last Runtime    Last Run
---------------------------------------  -----  ---------  --------  ----------  --------------  -------------------
/opt/airflow/dags/kafka_to_snowflake.py                           1           0  0.59s           2025-05-20T12:02:04
================================================================================
[2025-05-20T12:02:38.078+0000] {manager.py:887} INFO - 
================================================================================
DAG File Processing Stats

File Path                                PID    Runtime      # DAGs    # Errors  Last Runtime    Last Run
---------------------------------------  -----  ---------  --------  ----------  --------------  -------------------
/opt/airflow/dags/kafka_to_snowflake.py                           1           0  0.87s           2025-05-20T12:02:35
================================================================================
[2025-05-20T12:03:08.385+0000] {manager.py:887} INFO - 
================================================================================
DAG File Processing Stats

File Path                                PID    Runtime      # DAGs    # Errors  Last Runtime    Last Run
---------------------------------------  -----  ---------  --------  ----------  --------------  -------------------
/opt/airflow/dags/kafka_to_snowflake.py                           1           0  0.52s           2025-05-20T12:03:06
================================================================================
[2025-05-20T12:03:38.694+0000] {manager.py:887} INFO - 
================================================================================
DAG File Processing Stats

File Path                                PID    Runtime      # DAGs    # Errors  Last Runtime    Last Run
---------------------------------------  -----  ---------  --------  ----------  --------------  -------------------
/opt/airflow/dags/kafka_to_snowflake.py                           1           0  0.52s           2025-05-20T12:03:37
================================================================================
[2025-05-20T12:04:08.923+0000] {manager.py:887} INFO - 
================================================================================
DAG File Processing Stats

File Path                                PID    Runtime      # DAGs    # Errors  Last Runtime    Last Run
---------------------------------------  -----  ---------  --------  ----------  --------------  -------------------
/opt/airflow/dags/kafka_to_snowflake.py                           1           0  0.59s           2025-05-20T12:04:08
================================================================================
[2025-05-20T12:04:39.132+0000] {manager.py:887} INFO - 
================================================================================
DAG File Processing Stats

File Path                                PID    Runtime      # DAGs    # Errors  Last Runtime    Last Run
---------------------------------------  -----  ---------  --------  ----------  --------------  -------------------
/opt/airflow/dags/kafka_to_snowflake.py                           1           0  0.91s           2025-05-20T12:04:39
================================================================================
[2025-05-20T12:05:37.153+0000] {manager.py:887} INFO - 
================================================================================
DAG File Processing Stats

File Path                                PID    Runtime      # DAGs    # Errors  Last Runtime    Last Run
---------------------------------------  -----  ---------  --------  ----------  --------------  -------------------
/opt/airflow/dags/kafka_to_snowflake.py                           1           0  0.49s           2025-05-20T12:05:24
================================================================================
[2025-05-20T12:06:11.943+0000] {manager.py:887} INFO - 
================================================================================
DAG File Processing Stats

File Path                                PID    Runtime      # DAGs    # Errors  Last Runtime    Last Run
---------------------------------------  -----  ---------  --------  ----------  --------------  -------------------
/opt/airflow/dags/kafka_to_snowflake.py                           1           0  0.61s           2025-05-20T12:05:58
================================================================================
[2025-05-20T12:06:40.619+0000] {manager.py:755} INFO - Searching for files in /opt/airflow/dags
[2025-05-20T12:06:40.627+0000] {manager.py:758} INFO - There are 1 files in /opt/airflow/dags
[2025-05-20T12:06:42.272+0000] {manager.py:887} INFO - 
================================================================================
DAG File Processing Stats

File Path                                PID    Runtime      # DAGs    # Errors  Last Runtime    Last Run
---------------------------------------  -----  ---------  --------  ----------  --------------  -------------------
/opt/airflow/dags/kafka_to_snowflake.py                           1           0  0.80s           2025-05-20T12:06:29
================================================================================
[2025-05-20T12:07:17.691+0000] {manager.py:887} INFO - 
================================================================================
DAG File Processing Stats

File Path                                PID    Runtime      # DAGs    # Errors  Last Runtime    Last Run
---------------------------------------  -----  ---------  --------  ----------  --------------  -------------------
/opt/airflow/dags/kafka_to_snowflake.py                           1           0  0.57s           2025-05-20T12:07:03
================================================================================
[2025-05-20T12:07:47.744+0000] {manager.py:887} INFO - 
================================================================================
DAG File Processing Stats

File Path                                PID    Runtime      # DAGs    # Errors  Last Runtime    Last Run
---------------------------------------  -----  ---------  --------  ----------  --------------  -------------------
/opt/airflow/dags/kafka_to_snowflake.py                           1           0  0.74s           2025-05-20T12:07:34
================================================================================
[2025-05-20T12:08:22.117+0000] {manager.py:887} INFO - 
================================================================================
DAG File Processing Stats

File Path                                PID    Runtime      # DAGs    # Errors  Last Runtime    Last Run
---------------------------------------  -----  ---------  --------  ----------  --------------  -------------------
/opt/airflow/dags/kafka_to_snowflake.py                           1           0  0.64s           2025-05-20T12:08:07
================================================================================
[2025-05-20T12:08:57.372+0000] {manager.py:887} INFO - 
================================================================================
DAG File Processing Stats

File Path                                PID    Runtime      # DAGs    # Errors  Last Runtime    Last Run
---------------------------------------  -----  ---------  --------  ----------  --------------  -------------------
/opt/airflow/dags/kafka_to_snowflake.py                           1           0  0.81s           2025-05-20T12:08:42
================================================================================
[2025-05-20T12:09:28.350+0000] {manager.py:887} INFO - 
================================================================================
DAG File Processing Stats

File Path                                PID    Runtime      # DAGs    # Errors  Last Runtime    Last Run
---------------------------------------  -----  ---------  --------  ----------  --------------  -------------------
/opt/airflow/dags/kafka_to_snowflake.py                           1           0  0.46s           2025-05-20T12:09:13
================================================================================
[2025-05-20T12:10:02.066+0000] {manager.py:887} INFO - 
================================================================================
DAG File Processing Stats

File Path                                PID    Runtime      # DAGs    # Errors  Last Runtime    Last Run
---------------------------------------  -----  ---------  --------  ----------  --------------  -------------------
/opt/airflow/dags/kafka_to_snowflake.py                           1           0  0.81s           2025-05-20T12:09:45
================================================================================
[2025-05-20T12:10:32.182+0000] {manager.py:887} INFO - 
================================================================================
DAG File Processing Stats

File Path                                PID    Runtime      # DAGs    # Errors  Last Runtime    Last Run
---------------------------------------  -----  ---------  --------  ----------  --------------  -------------------
/opt/airflow/dags/kafka_to_snowflake.py                           1           0  0.78s           2025-05-20T12:10:17
================================================================================
[2025-05-20T12:24:57.476+0000] {manager.py:755} INFO - Searching for files in /opt/airflow/dags
[2025-05-20T12:24:57.489+0000] {manager.py:758} INFO - There are 1 files in /opt/airflow/dags
[2025-05-20T12:25:14.657+0000] {manager.py:887} INFO - 
================================================================================
DAG File Processing Stats

File Path                                PID    Runtime      # DAGs    # Errors  Last Runtime    Last Run
---------------------------------------  -----  ---------  --------  ----------  --------------  -------------------
/opt/airflow/dags/kafka_to_snowflake.py                           1           0  0.98s           2025-05-20T12:24:58
================================================================================
[2025-05-20T12:42:30.606+0000] {manager.py:755} INFO - Searching for files in /opt/airflow/dags
[2025-05-20T12:42:30.619+0000] {manager.py:758} INFO - There are 1 files in /opt/airflow/dags
[2025-05-20T12:42:47.814+0000] {manager.py:887} INFO - 
================================================================================
DAG File Processing Stats

File Path                                PID    Runtime      # DAGs    # Errors  Last Runtime    Last Run
---------------------------------------  -----  ---------  --------  ----------  --------------  -------------------
/opt/airflow/dags/kafka_to_snowflake.py                           1           0  1.00s           2025-05-20T12:42:31
================================================================================
[2025-05-20T12:43:17.980+0000] {manager.py:887} INFO - 
================================================================================
DAG File Processing Stats

File Path                                PID    Runtime      # DAGs    # Errors  Last Runtime    Last Run
---------------------------------------  -----  ---------  --------  ----------  --------------  -------------------
/opt/airflow/dags/kafka_to_snowflake.py                           1           0  0.83s           2025-05-20T12:43:02
================================================================================
[2025-05-20T12:43:48.461+0000] {manager.py:887} INFO - 
================================================================================
DAG File Processing Stats

File Path                                PID    Runtime      # DAGs    # Errors  Last Runtime    Last Run
---------------------------------------  -----  ---------  --------  ----------  --------------  -------------------
/opt/airflow/dags/kafka_to_snowflake.py                           1           0  0.44s           2025-05-20T12:43:33
================================================================================
[2025-05-20T12:44:18.577+0000] {manager.py:887} INFO - 
================================================================================
DAG File Processing Stats

File Path                                PID    Runtime      # DAGs    # Errors  Last Runtime    Last Run
---------------------------------------  -----  ---------  --------  ----------  --------------  -------------------
/opt/airflow/dags/kafka_to_snowflake.py                           1           0  0.78s           2025-05-20T12:44:04
================================================================================
[2025-05-20T12:44:48.904+0000] {manager.py:887} INFO - 
================================================================================
DAG File Processing Stats

File Path                                PID    Runtime      # DAGs    # Errors  Last Runtime    Last Run
---------------------------------------  -----  ---------  --------  ----------  --------------  -------------------
/opt/airflow/dags/kafka_to_snowflake.py                           1           0  0.50s           2025-05-20T12:44:34
================================================================================
[2025-05-20T12:45:22.852+0000] {manager.py:887} INFO - 
================================================================================
DAG File Processing Stats

File Path                                PID    Runtime      # DAGs    # Errors  Last Runtime    Last Run
---------------------------------------  -----  ---------  --------  ----------  --------------  -------------------
/opt/airflow/dags/kafka_to_snowflake.py                           1           0  0.69s           2025-05-20T12:45:05
================================================================================
[2025-05-20T12:45:53.603+0000] {manager.py:887} INFO - 
================================================================================
DAG File Processing Stats

File Path                                PID    Runtime      # DAGs    # Errors  Last Runtime    Last Run
---------------------------------------  -----  ---------  --------  ----------  --------------  -------------------
/opt/airflow/dags/kafka_to_snowflake.py                           1           0  0.44s           2025-05-20T12:45:36
================================================================================
[2025-05-20T12:46:23.624+0000] {manager.py:887} INFO - 
================================================================================
DAG File Processing Stats

File Path                                PID    Runtime      # DAGs    # Errors  Last Runtime    Last Run
---------------------------------------  -----  ---------  --------  ----------  --------------  -------------------
/opt/airflow/dags/kafka_to_snowflake.py                           1           0  0.76s           2025-05-20T12:46:07
================================================================================
[2025-05-20T12:46:54.138+0000] {manager.py:887} INFO - 
================================================================================
DAG File Processing Stats

File Path                                PID    Runtime      # DAGs    # Errors  Last Runtime    Last Run
---------------------------------------  -----  ---------  --------  ----------  --------------  -------------------
/opt/airflow/dags/kafka_to_snowflake.py                           1           0  0.50s           2025-05-20T12:46:38
================================================================================
[2025-05-20T12:47:24.701+0000] {manager.py:887} INFO - 
================================================================================
DAG File Processing Stats

File Path                                PID    Runtime      # DAGs    # Errors  Last Runtime    Last Run
---------------------------------------  -----  ---------  --------  ----------  --------------  -------------------
/opt/airflow/dags/kafka_to_snowflake.py                           1           0  0.73s           2025-05-20T12:47:08
================================================================================
[2025-05-20T12:47:30.756+0000] {manager.py:755} INFO - Searching for files in /opt/airflow/dags
[2025-05-20T12:47:30.759+0000] {manager.py:758} INFO - There are 1 files in /opt/airflow/dags
[2025-05-20T12:47:54.832+0000] {manager.py:887} INFO - 
================================================================================
DAG File Processing Stats

File Path                                PID    Runtime      # DAGs    # Errors  Last Runtime    Last Run
---------------------------------------  -----  ---------  --------  ----------  --------------  -------------------
/opt/airflow/dags/kafka_to_snowflake.py                           1           0  0.43s           2025-05-20T12:47:39
================================================================================
[2025-05-20T12:48:24.891+0000] {manager.py:887} INFO - 
================================================================================
DAG File Processing Stats

File Path                                PID    Runtime      # DAGs    # Errors  Last Runtime    Last Run
---------------------------------------  -----  ---------  --------  ----------  --------------  -------------------
/opt/airflow/dags/kafka_to_snowflake.py                           1           0  0.78s           2025-05-20T12:48:10
================================================================================
[2025-05-20T12:48:55.151+0000] {manager.py:887} INFO - 
================================================================================
DAG File Processing Stats

File Path                                PID    Runtime      # DAGs    # Errors  Last Runtime    Last Run
---------------------------------------  -----  ---------  --------  ----------  --------------  -------------------
/opt/airflow/dags/kafka_to_snowflake.py                           1           0  0.67s           2025-05-20T12:48:41
================================================================================
[2025-05-20T12:49:25.470+0000] {manager.py:887} INFO - 
================================================================================
DAG File Processing Stats

File Path                                PID    Runtime      # DAGs    # Errors  Last Runtime    Last Run
---------------------------------------  -----  ---------  --------  ----------  --------------  -------------------
/opt/airflow/dags/kafka_to_snowflake.py                           1           0  0.46s           2025-05-20T12:49:12
================================================================================
[2025-05-20T12:49:55.807+0000] {manager.py:887} INFO - 
================================================================================
DAG File Processing Stats

File Path                                PID    Runtime      # DAGs    # Errors  Last Runtime    Last Run
---------------------------------------  -----  ---------  --------  ----------  --------------  -------------------
/opt/airflow/dags/kafka_to_snowflake.py                           1           0  0.41s           2025-05-20T12:49:43
================================================================================
[2025-05-20T12:50:26.079+0000] {manager.py:887} INFO - 
================================================================================
DAG File Processing Stats

File Path                                PID    Runtime      # DAGs    # Errors  Last Runtime    Last Run
---------------------------------------  -----  ---------  --------  ----------  --------------  -------------------
/opt/airflow/dags/kafka_to_snowflake.py                           1           0  0.74s           2025-05-20T12:50:14
================================================================================
[2025-05-20T12:50:56.397+0000] {manager.py:887} INFO - 
================================================================================
DAG File Processing Stats

File Path                                PID    Runtime      # DAGs    # Errors  Last Runtime    Last Run
---------------------------------------  -----  ---------  --------  ----------  --------------  -------------------
/opt/airflow/dags/kafka_to_snowflake.py                           1           0  0.64s           2025-05-20T12:50:44
================================================================================
[2025-05-20T13:06:06.496+0000] {manager.py:755} INFO - Searching for files in /opt/airflow/dags
[2025-05-20T13:06:06.500+0000] {manager.py:758} INFO - There are 1 files in /opt/airflow/dags
[2025-05-20T13:06:29.017+0000] {manager.py:887} INFO - 
================================================================================
DAG File Processing Stats

File Path                                PID    Runtime      # DAGs    # Errors  Last Runtime    Last Run
---------------------------------------  -----  ---------  --------  ----------  --------------  -------------------
/opt/airflow/dags/kafka_to_snowflake.py                           1           0  0.91s           2025-05-20T13:06:07
================================================================================
[2025-05-20T13:06:59.293+0000] {manager.py:887} INFO - 
================================================================================
DAG File Processing Stats

File Path                                PID    Runtime      # DAGs    # Errors  Last Runtime    Last Run
---------------------------------------  -----  ---------  --------  ----------  --------------  -------------------
/opt/airflow/dags/kafka_to_snowflake.py                           1           0  0.56s           2025-05-20T13:06:38
================================================================================
[2025-05-20T13:07:29.867+0000] {manager.py:887} INFO - 
================================================================================
DAG File Processing Stats

File Path                                PID    Runtime      # DAGs    # Errors  Last Runtime    Last Run
---------------------------------------  -----  ---------  --------  ----------  --------------  -------------------
/opt/airflow/dags/kafka_to_snowflake.py                           1           0  0.53s           2025-05-20T13:07:08
================================================================================
[2025-05-20T13:08:00.454+0000] {manager.py:887} INFO - 
================================================================================
DAG File Processing Stats

File Path                                PID    Runtime      # DAGs    # Errors  Last Runtime    Last Run
---------------------------------------  -----  ---------  --------  ----------  --------------  -------------------
/opt/airflow/dags/kafka_to_snowflake.py                           1           0  0.50s           2025-05-20T13:07:39
================================================================================
[2025-05-20T13:08:30.535+0000] {manager.py:887} INFO - 
================================================================================
DAG File Processing Stats

File Path                                PID    Runtime      # DAGs    # Errors  Last Runtime    Last Run
---------------------------------------  -----  ---------  --------  ----------  --------------  -------------------
/opt/airflow/dags/kafka_to_snowflake.py                           1           0  0.73s           2025-05-20T13:08:10
================================================================================
[2025-05-20T13:09:01.338+0000] {manager.py:887} INFO - 
================================================================================
DAG File Processing Stats

File Path                                PID    Runtime      # DAGs    # Errors  Last Runtime    Last Run
---------------------------------------  -----  ---------  --------  ----------  --------------  -------------------
/opt/airflow/dags/kafka_to_snowflake.py                           1           0  0.49s           2025-05-20T13:08:41
================================================================================
[2025-05-20T13:09:31.403+0000] {manager.py:887} INFO - 
================================================================================
DAG File Processing Stats

File Path                                PID    Runtime      # DAGs    # Errors  Last Runtime    Last Run
---------------------------------------  -----  ---------  --------  ----------  --------------  -------------------
/opt/airflow/dags/kafka_to_snowflake.py                           1           0  0.72s           2025-05-20T13:09:12
================================================================================
[2025-05-20T13:10:01.951+0000] {manager.py:887} INFO - 
================================================================================
DAG File Processing Stats

File Path                                PID    Runtime      # DAGs    # Errors  Last Runtime    Last Run
---------------------------------------  -----  ---------  --------  ----------  --------------  -------------------
/opt/airflow/dags/kafka_to_snowflake.py                           1           0  0.48s           2025-05-20T13:09:43
================================================================================
[2025-05-20T13:10:31.980+0000] {manager.py:887} INFO - 
================================================================================
DAG File Processing Stats

File Path                                PID    Runtime      # DAGs    # Errors  Last Runtime    Last Run
---------------------------------------  -----  ---------  --------  ----------  --------------  -------------------
/opt/airflow/dags/kafka_to_snowflake.py                           1           0  0.71s           2025-05-20T13:10:13
================================================================================
[2025-05-20T13:11:02.718+0000] {manager.py:887} INFO - 
================================================================================
DAG File Processing Stats

File Path                                PID    Runtime      # DAGs    # Errors  Last Runtime    Last Run
---------------------------------------  -----  ---------  --------  ----------  --------------  -------------------
/opt/airflow/dags/kafka_to_snowflake.py                           1           0  0.51s           2025-05-20T13:10:44
================================================================================
[2025-05-20T13:11:06.764+0000] {manager.py:755} INFO - Searching for files in /opt/airflow/dags
[2025-05-20T13:11:06.773+0000] {manager.py:758} INFO - There are 1 files in /opt/airflow/dags
[2025-05-20T13:11:32.923+0000] {manager.py:887} INFO - 
================================================================================
DAG File Processing Stats

File Path                                PID    Runtime      # DAGs    # Errors  Last Runtime    Last Run
---------------------------------------  -----  ---------  --------  ----------  --------------  -------------------
/opt/airflow/dags/kafka_to_snowflake.py                           1           0  0.81s           2025-05-20T13:11:15
================================================================================
[2025-05-20T13:12:03.403+0000] {manager.py:887} INFO - 
================================================================================
DAG File Processing Stats

File Path                                PID    Runtime      # DAGs    # Errors  Last Runtime    Last Run
---------------------------------------  -----  ---------  --------  ----------  --------------  -------------------
/opt/airflow/dags/kafka_to_snowflake.py                           1           0  0.53s           2025-05-20T13:11:46
================================================================================
[2025-05-20T13:21:47.296+0000] {manager.py:755} INFO - Searching for files in /opt/airflow/dags
[2025-05-20T13:21:47.345+0000] {manager.py:758} INFO - There are 1 files in /opt/airflow/dags
[2025-05-20T13:22:15.072+0000] {manager.py:887} INFO - 
================================================================================
DAG File Processing Stats

File Path                                PID    Runtime      # DAGs    # Errors  Last Runtime    Last Run
---------------------------------------  -----  ---------  --------  ----------  --------------  -------------------
/opt/airflow/dags/kafka_to_snowflake.py                           1           0  3.56s           2025-05-20T13:21:50
================================================================================
[2025-05-20T13:22:45.360+0000] {manager.py:887} INFO - 
================================================================================
DAG File Processing Stats

File Path                                PID    Runtime      # DAGs    # Errors  Last Runtime    Last Run
---------------------------------------  -----  ---------  --------  ----------  --------------  -------------------
/opt/airflow/dags/kafka_to_snowflake.py                           1           0  1.11s           2025-05-20T13:22:22
================================================================================
[2025-05-20T13:23:15.448+0000] {manager.py:887} INFO - 
================================================================================
DAG File Processing Stats

File Path                                PID    Runtime      # DAGs    # Errors  Last Runtime    Last Run
---------------------------------------  -----  ---------  --------  ----------  --------------  -------------------
/opt/airflow/dags/kafka_to_snowflake.py                           1           0  0.80s           2025-05-20T13:22:53
================================================================================
[2025-05-20T13:23:45.651+0000] {manager.py:887} INFO - 
================================================================================
DAG File Processing Stats

File Path                                PID    Runtime      # DAGs    # Errors  Last Runtime    Last Run
---------------------------------------  -----  ---------  --------  ----------  --------------  -------------------
/opt/airflow/dags/kafka_to_snowflake.py                           1           0  0.90s           2025-05-20T13:23:24
================================================================================
[2025-05-20T13:24:15.708+0000] {manager.py:887} INFO - 
================================================================================
DAG File Processing Stats

File Path                                PID    Runtime      # DAGs    # Errors  Last Runtime    Last Run
---------------------------------------  -----  ---------  --------  ----------  --------------  -------------------
/opt/airflow/dags/kafka_to_snowflake.py                           1           0  0.78s           2025-05-20T13:23:55
================================================================================
[2025-05-20T13:24:46.319+0000] {manager.py:887} INFO - 
================================================================================
DAG File Processing Stats

File Path                                PID    Runtime      # DAGs    # Errors  Last Runtime    Last Run
---------------------------------------  -----  ---------  --------  ----------  --------------  -------------------
/opt/airflow/dags/kafka_to_snowflake.py                           1           0  0.58s           2025-05-20T13:24:26
================================================================================
[2025-05-20T13:25:16.367+0000] {manager.py:887} INFO - 
================================================================================
DAG File Processing Stats

File Path                                PID    Runtime      # DAGs    # Errors  Last Runtime    Last Run
---------------------------------------  -----  ---------  --------  ----------  --------------  -------------------
/opt/airflow/dags/kafka_to_snowflake.py                           1           0  0.79s           2025-05-20T13:24:57
================================================================================
[2025-05-20T13:25:47.125+0000] {manager.py:887} INFO - 
================================================================================
DAG File Processing Stats

File Path                                PID    Runtime      # DAGs    # Errors  Last Runtime    Last Run
---------------------------------------  -----  ---------  --------  ----------  --------------  -------------------
/opt/airflow/dags/kafka_to_snowflake.py                           1           0  0.64s           2025-05-20T13:25:28
================================================================================
[2025-05-20T13:26:17.363+0000] {manager.py:887} INFO - 
================================================================================
DAG File Processing Stats

File Path                                PID    Runtime      # DAGs    # Errors  Last Runtime    Last Run
---------------------------------------  -----  ---------  --------  ----------  --------------  -------------------
/opt/airflow/dags/kafka_to_snowflake.py                           1           0  0.96s           2025-05-20T13:25:59
================================================================================
[2025-05-20T13:26:47.522+0000] {manager.py:755} INFO - Searching for files in /opt/airflow/dags
[2025-05-20T13:26:47.530+0000] {manager.py:758} INFO - There are 1 files in /opt/airflow/dags
[2025-05-20T13:26:47.547+0000] {manager.py:887} INFO - 
================================================================================
DAG File Processing Stats

File Path                                PID    Runtime      # DAGs    # Errors  Last Runtime    Last Run
---------------------------------------  -----  ---------  --------  ----------  --------------  -------------------
/opt/airflow/dags/kafka_to_snowflake.py                           1           0  0.90s           2025-05-20T13:26:30
================================================================================
[2025-05-20T13:27:18.028+0000] {manager.py:887} INFO - 
================================================================================
DAG File Processing Stats

File Path                                PID    Runtime      # DAGs    # Errors  Last Runtime    Last Run
---------------------------------------  -----  ---------  --------  ----------  --------------  -------------------
/opt/airflow/dags/kafka_to_snowflake.py                           1           0  0.48s           2025-05-20T13:27:01
================================================================================
[2025-05-20T13:27:48.123+0000] {manager.py:887} INFO - 
================================================================================
DAG File Processing Stats

File Path                                PID    Runtime      # DAGs    # Errors  Last Runtime    Last Run
---------------------------------------  -----  ---------  --------  ----------  --------------  -------------------
/opt/airflow/dags/kafka_to_snowflake.py                           1           0  0.81s           2025-05-20T13:27:31
================================================================================
[2025-05-20T13:28:18.783+0000] {manager.py:887} INFO - 
================================================================================
DAG File Processing Stats

File Path                                PID    Runtime      # DAGs    # Errors  Last Runtime    Last Run
---------------------------------------  -----  ---------  --------  ----------  --------------  -------------------
/opt/airflow/dags/kafka_to_snowflake.py                           1           0  0.49s           2025-05-20T13:28:02
================================================================================
[2025-05-20T13:28:48.858+0000] {manager.py:887} INFO - 
================================================================================
DAG File Processing Stats

File Path                                PID    Runtime      # DAGs    # Errors  Last Runtime    Last Run
---------------------------------------  -----  ---------  --------  ----------  --------------  -------------------
/opt/airflow/dags/kafka_to_snowflake.py                           1           0  0.77s           2025-05-20T13:28:33
================================================================================
[2025-05-20T13:29:19.359+0000] {manager.py:887} INFO - 
================================================================================
DAG File Processing Stats

File Path                                PID    Runtime      # DAGs    # Errors  Last Runtime    Last Run
---------------------------------------  -----  ---------  --------  ----------  --------------  -------------------
/opt/airflow/dags/kafka_to_snowflake.py                           1           0  0.48s           2025-05-20T13:29:04
================================================================================
[2025-05-20T13:29:49.404+0000] {manager.py:887} INFO - 
================================================================================
DAG File Processing Stats

File Path                                PID    Runtime      # DAGs    # Errors  Last Runtime    Last Run
---------------------------------------  -----  ---------  --------  ----------  --------------  -------------------
/opt/airflow/dags/kafka_to_snowflake.py                           1           0  0.75s           2025-05-20T13:29:35
================================================================================
[2025-05-20T13:30:19.413+0000] {manager.py:887} INFO - 
================================================================================
DAG File Processing Stats

File Path                                PID    Runtime      # DAGs    # Errors  Last Runtime    Last Run
---------------------------------------  -----  ---------  --------  ----------  --------------  -------------------
/opt/airflow/dags/kafka_to_snowflake.py                           1           0  0.73s           2025-05-20T13:30:06
================================================================================
[2025-05-20T13:30:49.564+0000] {manager.py:887} INFO - 
================================================================================
DAG File Processing Stats

File Path                                PID    Runtime      # DAGs    # Errors  Last Runtime    Last Run
---------------------------------------  -----  ---------  --------  ----------  --------------  -------------------
/opt/airflow/dags/kafka_to_snowflake.py                           1           0  0.86s           2025-05-20T13:30:37
================================================================================
[2025-05-20T13:31:19.570+0000] {manager.py:887} INFO - 
================================================================================
DAG File Processing Stats

File Path                                PID    Runtime      # DAGs    # Errors  Last Runtime    Last Run
---------------------------------------  -----  ---------  --------  ----------  --------------  -------------------
/opt/airflow/dags/kafka_to_snowflake.py                           1           0  0.74s           2025-05-20T13:31:08
================================================================================
[2025-05-20T13:31:47.700+0000] {manager.py:755} INFO - Searching for files in /opt/airflow/dags
[2025-05-20T13:31:47.706+0000] {manager.py:758} INFO - There are 1 files in /opt/airflow/dags
[2025-05-20T13:31:49.743+0000] {manager.py:887} INFO - 
================================================================================
DAG File Processing Stats

File Path                                PID    Runtime      # DAGs    # Errors  Last Runtime    Last Run
---------------------------------------  -----  ---------  --------  ----------  --------------  -------------------
/opt/airflow/dags/kafka_to_snowflake.py                           1           0  0.87s           2025-05-20T13:31:39
================================================================================
[2025-05-20T13:32:19.767+0000] {manager.py:887} INFO - 
================================================================================
DAG File Processing Stats

File Path                                PID    Runtime      # DAGs    # Errors  Last Runtime    Last Run
---------------------------------------  -----  ---------  --------  ----------  --------------  -------------------
/opt/airflow/dags/kafka_to_snowflake.py                           1           0  0.73s           2025-05-20T13:32:10
================================================================================
[2025-05-20T13:32:49.957+0000] {manager.py:887} INFO - 
================================================================================
DAG File Processing Stats

File Path                                PID    Runtime      # DAGs    # Errors  Last Runtime    Last Run
---------------------------------------  -----  ---------  --------  ----------  --------------  -------------------
/opt/airflow/dags/kafka_to_snowflake.py                           1           0  0.90s           2025-05-20T13:32:41
================================================================================
[2025-05-20T13:33:20.001+0000] {manager.py:887} INFO - 
================================================================================
DAG File Processing Stats

File Path                                PID    Runtime      # DAGs    # Errors  Last Runtime    Last Run
---------------------------------------  -----  ---------  --------  ----------  --------------  -------------------
/opt/airflow/dags/kafka_to_snowflake.py                           1           0  0.73s           2025-05-20T13:33:12
================================================================================
[2025-05-20T13:33:50.114+0000] {manager.py:887} INFO - 
================================================================================
DAG File Processing Stats

File Path                                PID    Runtime      # DAGs    # Errors  Last Runtime    Last Run
---------------------------------------  -----  ---------  --------  ----------  --------------  -------------------
/opt/airflow/dags/kafka_to_snowflake.py                           1           0  0.81s           2025-05-20T13:33:44
================================================================================
[2025-05-20T13:34:21.017+0000] {manager.py:887} INFO - 
================================================================================
DAG File Processing Stats

File Path                                PID    Runtime      # DAGs    # Errors  Last Runtime    Last Run
---------------------------------------  -----  ---------  --------  ----------  --------------  -------------------
/opt/airflow/dags/kafka_to_snowflake.py                           1           0  0.70s           2025-05-20T13:34:15
================================================================================
[2025-05-20T13:34:51.056+0000] {manager.py:887} INFO - 
================================================================================
DAG File Processing Stats

File Path                                PID    Runtime      # DAGs    # Errors  Last Runtime    Last Run
---------------------------------------  -----  ---------  --------  ----------  --------------  -------------------
/opt/airflow/dags/kafka_to_snowflake.py                           1           0  0.73s           2025-05-20T13:34:46
================================================================================
[2025-05-20T13:35:21.181+0000] {manager.py:887} INFO - 
================================================================================
DAG File Processing Stats

File Path                                PID    Runtime      # DAGs    # Errors  Last Runtime    Last Run
---------------------------------------  -----  ---------  --------  ----------  --------------  -------------------
/opt/airflow/dags/kafka_to_snowflake.py                           1           0  0.84s           2025-05-20T13:35:17
================================================================================
[2025-05-20T13:35:51.231+0000] {manager.py:887} INFO - 
================================================================================
DAG File Processing Stats

File Path                                PID    Runtime      # DAGs    # Errors  Last Runtime    Last Run
---------------------------------------  -----  ---------  --------  ----------  --------------  -------------------
/opt/airflow/dags/kafka_to_snowflake.py                           1           0  0.77s           2025-05-20T13:35:48
================================================================================
[2025-05-20T13:36:21.280+0000] {manager.py:887} INFO - 
================================================================================
DAG File Processing Stats

File Path                                PID    Runtime      # DAGs    # Errors  Last Runtime    Last Run
---------------------------------------  -----  ---------  --------  ----------  --------------  -------------------
/opt/airflow/dags/kafka_to_snowflake.py                           1           0  0.81s           2025-05-20T13:36:19
================================================================================
[2025-05-20T13:36:48.202+0000] {manager.py:755} INFO - Searching for files in /opt/airflow/dags
[2025-05-20T13:36:48.212+0000] {manager.py:758} INFO - There are 1 files in /opt/airflow/dags
[2025-05-20T13:36:52.261+0000] {manager.py:887} INFO - 
================================================================================
DAG File Processing Stats

File Path                                PID    Runtime      # DAGs    # Errors  Last Runtime    Last Run
---------------------------------------  -----  ---------  --------  ----------  --------------  -------------------
/opt/airflow/dags/kafka_to_snowflake.py                           1           0  0.79s           2025-05-20T13:36:50
================================================================================
[2025-05-20T13:37:22.443+0000] {manager.py:887} INFO - 
================================================================================
DAG File Processing Stats

File Path                                PID    Runtime      # DAGs    # Errors  Last Runtime    Last Run
---------------------------------------  -----  ---------  --------  ----------  --------------  -------------------
/opt/airflow/dags/kafka_to_snowflake.py                           1           0  0.90s           2025-05-20T13:37:21
================================================================================
[2025-05-20T13:37:52.526+0000] {manager.py:887} INFO - 
================================================================================
DAG File Processing Stats

File Path                                PID    Runtime      # DAGs    # Errors  Last Runtime    Last Run
---------------------------------------  -----  ---------  --------  ----------  --------------  -------------------
/opt/airflow/dags/kafka_to_snowflake.py                           1           0  0.81s           2025-05-20T13:37:52
================================================================================
[2025-05-20T13:38:22.897+0000] {manager.py:887} INFO - 
================================================================================
DAG File Processing Stats

File Path                                  PID  Runtime      # DAGs    # Errors  Last Runtime    Last Run
---------------------------------------  -----  ---------  --------  ----------  --------------  -------------------
/opt/airflow/dags/kafka_to_snowflake.py   1007  0.03s             1           0  0.81s           2025-05-20T13:37:52
================================================================================
[2025-05-20T13:38:52.974+0000] {manager.py:887} INFO - 
================================================================================
DAG File Processing Stats

File Path                                PID    Runtime      # DAGs    # Errors  Last Runtime    Last Run
---------------------------------------  -----  ---------  --------  ----------  --------------  -------------------
/opt/airflow/dags/kafka_to_snowflake.py                           1           0  0.82s           2025-05-20T13:38:23
================================================================================
[2025-05-20T13:39:23.061+0000] {manager.py:887} INFO - 
================================================================================
DAG File Processing Stats

File Path                                PID    Runtime      # DAGs    # Errors  Last Runtime    Last Run
---------------------------------------  -----  ---------  --------  ----------  --------------  -------------------
/opt/airflow/dags/kafka_to_snowflake.py                           1           0  0.80s           2025-05-20T13:38:54
================================================================================
[2025-05-20T13:39:53.823+0000] {manager.py:887} INFO - 
================================================================================
DAG File Processing Stats

File Path                                PID    Runtime      # DAGs    # Errors  Last Runtime    Last Run
---------------------------------------  -----  ---------  --------  ----------  --------------  -------------------
/opt/airflow/dags/kafka_to_snowflake.py                           1           0  0.52s           2025-05-20T13:39:25
================================================================================
[2025-05-20T13:40:24.086+0000] {manager.py:887} INFO - 
================================================================================
DAG File Processing Stats

File Path                                PID    Runtime      # DAGs    # Errors  Last Runtime    Last Run
---------------------------------------  -----  ---------  --------  ----------  --------------  -------------------
/opt/airflow/dags/kafka_to_snowflake.py                           1           0  0.65s           2025-05-20T13:39:56
================================================================================
[2025-05-20T13:40:54.354+0000] {manager.py:887} INFO - 
================================================================================
DAG File Processing Stats

File Path                                PID    Runtime      # DAGs    # Errors  Last Runtime    Last Run
---------------------------------------  -----  ---------  --------  ----------  --------------  -------------------
/opt/airflow/dags/kafka_to_snowflake.py                           1           0  0.60s           2025-05-20T13:40:27
================================================================================
[2025-05-20T13:41:24.645+0000] {manager.py:887} INFO - 
================================================================================
DAG File Processing Stats

File Path                                PID    Runtime      # DAGs    # Errors  Last Runtime    Last Run
---------------------------------------  -----  ---------  --------  ----------  --------------  -------------------
/opt/airflow/dags/kafka_to_snowflake.py                           1           0  0.75s           2025-05-20T13:40:58
================================================================================
[2025-05-20T13:41:48.760+0000] {manager.py:755} INFO - Searching for files in /opt/airflow/dags
[2025-05-20T13:41:48.776+0000] {manager.py:758} INFO - There are 1 files in /opt/airflow/dags
[2025-05-20T13:41:54.873+0000] {manager.py:887} INFO - 
================================================================================
DAG File Processing Stats

File Path                                PID    Runtime      # DAGs    # Errors  Last Runtime    Last Run
---------------------------------------  -----  ---------  --------  ----------  --------------  -------------------
/opt/airflow/dags/kafka_to_snowflake.py                           1           0  0.88s           2025-05-20T13:41:29
================================================================================
[2025-05-20T13:42:25.138+0000] {manager.py:887} INFO - 
================================================================================
DAG File Processing Stats

File Path                                PID    Runtime      # DAGs    # Errors  Last Runtime    Last Run
---------------------------------------  -----  ---------  --------  ----------  --------------  -------------------
/opt/airflow/dags/kafka_to_snowflake.py                           1           0  0.99s           2025-05-20T13:42:00
================================================================================
[2025-05-20T13:42:55.387+0000] {manager.py:887} INFO - 
================================================================================
DAG File Processing Stats

File Path                                PID    Runtime      # DAGs    # Errors  Last Runtime    Last Run
---------------------------------------  -----  ---------  --------  ----------  --------------  -------------------
/opt/airflow/dags/kafka_to_snowflake.py                           1           0  0.95s           2025-05-20T13:42:32
================================================================================
[2025-05-20T13:43:25.523+0000] {manager.py:887} INFO - 
================================================================================
DAG File Processing Stats

File Path                                PID    Runtime      # DAGs    # Errors  Last Runtime    Last Run
---------------------------------------  -----  ---------  --------  ----------  --------------  -------------------
/opt/airflow/dags/kafka_to_snowflake.py                           1           0  0.76s           2025-05-20T13:43:03
================================================================================
