[2025-05-21T07:13:32.833+0000] {processor.py:157} INFO - Started process (PID=172) to work on /opt/airflow/dags/kafka_to_snowflake.py
[2025-05-21T07:13:32.837+0000] {processor.py:829} INFO - Processing file /opt/airflow/dags/kafka_to_snowflake.py for tasks to queue
[2025-05-21T07:13:32.838+0000] {logging_mixin.py:154} INFO - [2025-05-21T07:13:32.838+0000] {dagbag.py:536} INFO - Filling up the DagBag from /opt/airflow/dags/kafka_to_snowflake.py
[2025-05-21T07:13:35.266+0000] {logging_mixin.py:154} WARNING - /home/airflow/.local/lib/python3.8/site-packages/snowflake/connector/options.py:103 UserWarning: You have an incompatible version of 'pyarrow' installed (11.0.0), please install a version that adheres to: 'pyarrow<10.1.0,>=10.0.1; extra == "pandas"'
[2025-05-21T07:13:35.489+0000] {processor.py:839} INFO - DAG(s) dict_keys(['kafka_to_snowflake']) retrieved from /opt/airflow/dags/kafka_to_snowflake.py
[2025-05-21T07:13:35.576+0000] {logging_mixin.py:154} INFO - [2025-05-21T07:13:35.576+0000] {manager.py:499} INFO - Created Permission View: %s
[2025-05-21T07:13:35.581+0000] {logging_mixin.py:154} INFO - [2025-05-21T07:13:35.581+0000] {manager.py:499} INFO - Created Permission View: %s
[2025-05-21T07:13:35.584+0000] {logging_mixin.py:154} INFO - [2025-05-21T07:13:35.584+0000] {manager.py:499} INFO - Created Permission View: %s
[2025-05-21T07:13:35.585+0000] {logging_mixin.py:154} INFO - [2025-05-21T07:13:35.584+0000] {dag.py:2941} INFO - Sync 1 DAGs
[2025-05-21T07:13:35.591+0000] {logging_mixin.py:154} INFO - [2025-05-21T07:13:35.591+0000] {dag.py:2963} INFO - Creating ORM DAG for kafka_to_snowflake
[2025-05-21T07:13:35.597+0000] {logging_mixin.py:154} INFO - [2025-05-21T07:13:35.597+0000] {dag.py:3722} INFO - Setting next_dagrun for kafka_to_snowflake to 2025-05-21T06:00:00+00:00, run_after=2025-05-21T07:00:00+00:00
[2025-05-21T07:13:35.605+0000] {processor.py:179} INFO - Processing /opt/airflow/dags/kafka_to_snowflake.py took 2.783 seconds
[2025-05-21T07:14:06.165+0000] {processor.py:157} INFO - Started process (PID=186) to work on /opt/airflow/dags/kafka_to_snowflake.py
[2025-05-21T07:14:06.166+0000] {processor.py:829} INFO - Processing file /opt/airflow/dags/kafka_to_snowflake.py for tasks to queue
[2025-05-21T07:14:06.166+0000] {logging_mixin.py:154} INFO - [2025-05-21T07:14:06.166+0000] {dagbag.py:536} INFO - Filling up the DagBag from /opt/airflow/dags/kafka_to_snowflake.py
[2025-05-21T07:14:07.097+0000] {logging_mixin.py:154} WARNING - /home/airflow/.local/lib/python3.8/site-packages/snowflake/connector/options.py:103 UserWarning: You have an incompatible version of 'pyarrow' installed (11.0.0), please install a version that adheres to: 'pyarrow<10.1.0,>=10.0.1; extra == "pandas"'
[2025-05-21T07:14:07.178+0000] {processor.py:839} INFO - DAG(s) dict_keys(['kafka_to_snowflake']) retrieved from /opt/airflow/dags/kafka_to_snowflake.py
[2025-05-21T07:14:07.212+0000] {logging_mixin.py:154} INFO - [2025-05-21T07:14:07.211+0000] {dag.py:2941} INFO - Sync 1 DAGs
[2025-05-21T07:14:07.243+0000] {logging_mixin.py:154} INFO - [2025-05-21T07:14:07.243+0000] {dag.py:3722} INFO - Setting next_dagrun for kafka_to_snowflake to 2025-05-21T06:00:00+00:00, run_after=2025-05-21T07:00:00+00:00
[2025-05-21T07:14:07.253+0000] {processor.py:179} INFO - Processing /opt/airflow/dags/kafka_to_snowflake.py took 1.090 seconds
[2025-05-21T07:15:34.176+0000] {processor.py:157} INFO - Started process (PID=172) to work on /opt/airflow/dags/kafka_to_snowflake.py
[2025-05-21T07:15:34.177+0000] {processor.py:829} INFO - Processing file /opt/airflow/dags/kafka_to_snowflake.py for tasks to queue
[2025-05-21T07:15:34.177+0000] {logging_mixin.py:154} INFO - [2025-05-21T07:15:34.177+0000] {dagbag.py:536} INFO - Filling up the DagBag from /opt/airflow/dags/kafka_to_snowflake.py
[2025-05-21T07:15:35.618+0000] {logging_mixin.py:154} WARNING - /home/airflow/.local/lib/python3.8/site-packages/snowflake/connector/options.py:103 UserWarning: You have an incompatible version of 'pyarrow' installed (11.0.0), please install a version that adheres to: 'pyarrow<10.1.0,>=10.0.1; extra == "pandas"'
[2025-05-21T07:15:35.837+0000] {processor.py:839} INFO - DAG(s) dict_keys(['kafka_to_snowflake']) retrieved from /opt/airflow/dags/kafka_to_snowflake.py
[2025-05-21T07:15:35.915+0000] {logging_mixin.py:154} INFO - [2025-05-21T07:15:35.915+0000] {manager.py:499} INFO - Created Permission View: %s
[2025-05-21T07:15:35.923+0000] {logging_mixin.py:154} INFO - [2025-05-21T07:15:35.922+0000] {manager.py:499} INFO - Created Permission View: %s
[2025-05-21T07:15:35.928+0000] {logging_mixin.py:154} INFO - [2025-05-21T07:15:35.928+0000] {manager.py:499} INFO - Created Permission View: %s
[2025-05-21T07:15:35.929+0000] {logging_mixin.py:154} INFO - [2025-05-21T07:15:35.928+0000] {dag.py:2941} INFO - Sync 1 DAGs
[2025-05-21T07:15:35.937+0000] {logging_mixin.py:154} INFO - [2025-05-21T07:15:35.936+0000] {dag.py:2963} INFO - Creating ORM DAG for kafka_to_snowflake
[2025-05-21T07:15:35.945+0000] {logging_mixin.py:154} INFO - [2025-05-21T07:15:35.945+0000] {dag.py:3722} INFO - Setting next_dagrun for kafka_to_snowflake to 2025-05-21T06:00:00+00:00, run_after=2025-05-21T07:00:00+00:00
[2025-05-21T07:15:35.955+0000] {processor.py:179} INFO - Processing /opt/airflow/dags/kafka_to_snowflake.py took 1.781 seconds
[2025-05-21T07:16:06.167+0000] {processor.py:157} INFO - Started process (PID=186) to work on /opt/airflow/dags/kafka_to_snowflake.py
[2025-05-21T07:16:06.168+0000] {processor.py:829} INFO - Processing file /opt/airflow/dags/kafka_to_snowflake.py for tasks to queue
[2025-05-21T07:16:06.169+0000] {logging_mixin.py:154} INFO - [2025-05-21T07:16:06.169+0000] {dagbag.py:536} INFO - Filling up the DagBag from /opt/airflow/dags/kafka_to_snowflake.py
[2025-05-21T07:16:06.742+0000] {logging_mixin.py:154} WARNING - /home/airflow/.local/lib/python3.8/site-packages/snowflake/connector/options.py:103 UserWarning: You have an incompatible version of 'pyarrow' installed (11.0.0), please install a version that adheres to: 'pyarrow<10.1.0,>=10.0.1; extra == "pandas"'
[2025-05-21T07:16:06.800+0000] {processor.py:839} INFO - DAG(s) dict_keys(['kafka_to_snowflake']) retrieved from /opt/airflow/dags/kafka_to_snowflake.py
[2025-05-21T07:16:06.814+0000] {logging_mixin.py:154} INFO - [2025-05-21T07:16:06.814+0000] {dag.py:2941} INFO - Sync 1 DAGs
[2025-05-21T07:16:06.826+0000] {logging_mixin.py:154} INFO - [2025-05-21T07:16:06.826+0000] {dag.py:3722} INFO - Setting next_dagrun for kafka_to_snowflake to 2025-05-21T06:00:00+00:00, run_after=2025-05-21T07:00:00+00:00
[2025-05-21T07:16:06.836+0000] {processor.py:179} INFO - Processing /opt/airflow/dags/kafka_to_snowflake.py took 0.671 seconds
[2025-05-21T07:16:37.133+0000] {processor.py:157} INFO - Started process (PID=198) to work on /opt/airflow/dags/kafka_to_snowflake.py
[2025-05-21T07:16:37.134+0000] {processor.py:829} INFO - Processing file /opt/airflow/dags/kafka_to_snowflake.py for tasks to queue
[2025-05-21T07:16:37.135+0000] {logging_mixin.py:154} INFO - [2025-05-21T07:16:37.135+0000] {dagbag.py:536} INFO - Filling up the DagBag from /opt/airflow/dags/kafka_to_snowflake.py
[2025-05-21T07:16:37.590+0000] {logging_mixin.py:154} WARNING - /home/airflow/.local/lib/python3.8/site-packages/snowflake/connector/options.py:103 UserWarning: You have an incompatible version of 'pyarrow' installed (11.0.0), please install a version that adheres to: 'pyarrow<10.1.0,>=10.0.1; extra == "pandas"'
[2025-05-21T07:16:37.636+0000] {processor.py:839} INFO - DAG(s) dict_keys(['kafka_to_snowflake']) retrieved from /opt/airflow/dags/kafka_to_snowflake.py
[2025-05-21T07:16:37.652+0000] {logging_mixin.py:154} INFO - [2025-05-21T07:16:37.652+0000] {dag.py:2941} INFO - Sync 1 DAGs
[2025-05-21T07:16:37.667+0000] {logging_mixin.py:154} INFO - [2025-05-21T07:16:37.666+0000] {dag.py:3722} INFO - Setting next_dagrun for kafka_to_snowflake to 2025-05-21T06:00:00+00:00, run_after=2025-05-21T07:00:00+00:00
[2025-05-21T07:16:37.678+0000] {processor.py:179} INFO - Processing /opt/airflow/dags/kafka_to_snowflake.py took 0.549 seconds
[2025-05-21T07:17:07.732+0000] {processor.py:157} INFO - Started process (PID=210) to work on /opt/airflow/dags/kafka_to_snowflake.py
[2025-05-21T07:17:07.734+0000] {processor.py:829} INFO - Processing file /opt/airflow/dags/kafka_to_snowflake.py for tasks to queue
[2025-05-21T07:17:07.735+0000] {logging_mixin.py:154} INFO - [2025-05-21T07:17:07.734+0000] {dagbag.py:536} INFO - Filling up the DagBag from /opt/airflow/dags/kafka_to_snowflake.py
[2025-05-21T07:17:08.344+0000] {logging_mixin.py:154} WARNING - /home/airflow/.local/lib/python3.8/site-packages/snowflake/connector/options.py:103 UserWarning: You have an incompatible version of 'pyarrow' installed (11.0.0), please install a version that adheres to: 'pyarrow<10.1.0,>=10.0.1; extra == "pandas"'
[2025-05-21T07:17:08.395+0000] {processor.py:839} INFO - DAG(s) dict_keys(['kafka_to_snowflake']) retrieved from /opt/airflow/dags/kafka_to_snowflake.py
[2025-05-21T07:17:08.409+0000] {logging_mixin.py:154} INFO - [2025-05-21T07:17:08.409+0000] {dag.py:2941} INFO - Sync 1 DAGs
[2025-05-21T07:17:08.420+0000] {logging_mixin.py:154} INFO - [2025-05-21T07:17:08.420+0000] {dag.py:3722} INFO - Setting next_dagrun for kafka_to_snowflake to 2025-05-21T06:00:00+00:00, run_after=2025-05-21T07:00:00+00:00
[2025-05-21T07:17:08.429+0000] {processor.py:179} INFO - Processing /opt/airflow/dags/kafka_to_snowflake.py took 0.702 seconds
[2025-05-21T07:17:38.783+0000] {processor.py:157} INFO - Started process (PID=222) to work on /opt/airflow/dags/kafka_to_snowflake.py
[2025-05-21T07:17:38.786+0000] {processor.py:829} INFO - Processing file /opt/airflow/dags/kafka_to_snowflake.py for tasks to queue
[2025-05-21T07:17:38.787+0000] {logging_mixin.py:154} INFO - [2025-05-21T07:17:38.787+0000] {dagbag.py:536} INFO - Filling up the DagBag from /opt/airflow/dags/kafka_to_snowflake.py
[2025-05-21T07:17:39.509+0000] {logging_mixin.py:154} WARNING - /home/airflow/.local/lib/python3.8/site-packages/snowflake/connector/options.py:103 UserWarning: You have an incompatible version of 'pyarrow' installed (11.0.0), please install a version that adheres to: 'pyarrow<10.1.0,>=10.0.1; extra == "pandas"'
[2025-05-21T07:17:39.564+0000] {processor.py:839} INFO - DAG(s) dict_keys(['kafka_to_snowflake']) retrieved from /opt/airflow/dags/kafka_to_snowflake.py
[2025-05-21T07:17:39.579+0000] {logging_mixin.py:154} INFO - [2025-05-21T07:17:39.579+0000] {dag.py:2941} INFO - Sync 1 DAGs
[2025-05-21T07:17:39.596+0000] {logging_mixin.py:154} INFO - [2025-05-21T07:17:39.596+0000] {dag.py:3722} INFO - Setting next_dagrun for kafka_to_snowflake to 2025-05-21T06:00:00+00:00, run_after=2025-05-21T07:00:00+00:00
[2025-05-21T07:17:39.610+0000] {processor.py:179} INFO - Processing /opt/airflow/dags/kafka_to_snowflake.py took 0.831 seconds
[2025-05-21T07:18:10.331+0000] {processor.py:157} INFO - Started process (PID=250) to work on /opt/airflow/dags/kafka_to_snowflake.py
[2025-05-21T07:18:10.333+0000] {processor.py:829} INFO - Processing file /opt/airflow/dags/kafka_to_snowflake.py for tasks to queue
[2025-05-21T07:18:10.334+0000] {logging_mixin.py:154} INFO - [2025-05-21T07:18:10.334+0000] {dagbag.py:536} INFO - Filling up the DagBag from /opt/airflow/dags/kafka_to_snowflake.py
[2025-05-21T07:18:10.781+0000] {logging_mixin.py:154} WARNING - /home/airflow/.local/lib/python3.8/site-packages/snowflake/connector/options.py:103 UserWarning: You have an incompatible version of 'pyarrow' installed (11.0.0), please install a version that adheres to: 'pyarrow<10.1.0,>=10.0.1; extra == "pandas"'
[2025-05-21T07:18:10.814+0000] {processor.py:839} INFO - DAG(s) dict_keys(['kafka_to_snowflake']) retrieved from /opt/airflow/dags/kafka_to_snowflake.py
[2025-05-21T07:18:10.841+0000] {logging_mixin.py:154} INFO - [2025-05-21T07:18:10.841+0000] {dag.py:2941} INFO - Sync 1 DAGs
[2025-05-21T07:18:10.854+0000] {logging_mixin.py:154} INFO - [2025-05-21T07:18:10.854+0000] {dag.py:3722} INFO - Setting next_dagrun for kafka_to_snowflake to 2025-05-21T07:00:00+00:00, run_after=2025-05-21T08:00:00+00:00
[2025-05-21T07:18:10.863+0000] {processor.py:179} INFO - Processing /opt/airflow/dags/kafka_to_snowflake.py took 0.537 seconds
[2025-05-21T07:18:41.203+0000] {processor.py:157} INFO - Started process (PID=262) to work on /opt/airflow/dags/kafka_to_snowflake.py
[2025-05-21T07:18:41.204+0000] {processor.py:829} INFO - Processing file /opt/airflow/dags/kafka_to_snowflake.py for tasks to queue
[2025-05-21T07:18:41.205+0000] {logging_mixin.py:154} INFO - [2025-05-21T07:18:41.204+0000] {dagbag.py:536} INFO - Filling up the DagBag from /opt/airflow/dags/kafka_to_snowflake.py
[2025-05-21T07:18:41.670+0000] {logging_mixin.py:154} WARNING - /home/airflow/.local/lib/python3.8/site-packages/snowflake/connector/options.py:103 UserWarning: You have an incompatible version of 'pyarrow' installed (11.0.0), please install a version that adheres to: 'pyarrow<10.1.0,>=10.0.1; extra == "pandas"'
[2025-05-21T07:18:41.715+0000] {processor.py:839} INFO - DAG(s) dict_keys(['kafka_to_snowflake']) retrieved from /opt/airflow/dags/kafka_to_snowflake.py
[2025-05-21T07:18:41.727+0000] {logging_mixin.py:154} INFO - [2025-05-21T07:18:41.727+0000] {dag.py:2941} INFO - Sync 1 DAGs
[2025-05-21T07:18:41.737+0000] {logging_mixin.py:154} INFO - [2025-05-21T07:18:41.737+0000] {dag.py:3722} INFO - Setting next_dagrun for kafka_to_snowflake to 2025-05-21T07:00:00+00:00, run_after=2025-05-21T08:00:00+00:00
[2025-05-21T07:18:41.745+0000] {processor.py:179} INFO - Processing /opt/airflow/dags/kafka_to_snowflake.py took 0.546 seconds
[2025-05-21T07:19:12.544+0000] {processor.py:157} INFO - Started process (PID=274) to work on /opt/airflow/dags/kafka_to_snowflake.py
[2025-05-21T07:19:12.545+0000] {processor.py:829} INFO - Processing file /opt/airflow/dags/kafka_to_snowflake.py for tasks to queue
[2025-05-21T07:19:12.546+0000] {logging_mixin.py:154} INFO - [2025-05-21T07:19:12.546+0000] {dagbag.py:536} INFO - Filling up the DagBag from /opt/airflow/dags/kafka_to_snowflake.py
[2025-05-21T07:19:13.148+0000] {logging_mixin.py:154} WARNING - /home/airflow/.local/lib/python3.8/site-packages/snowflake/connector/options.py:103 UserWarning: You have an incompatible version of 'pyarrow' installed (11.0.0), please install a version that adheres to: 'pyarrow<10.1.0,>=10.0.1; extra == "pandas"'
[2025-05-21T07:19:13.206+0000] {processor.py:839} INFO - DAG(s) dict_keys(['kafka_to_snowflake']) retrieved from /opt/airflow/dags/kafka_to_snowflake.py
[2025-05-21T07:19:13.223+0000] {logging_mixin.py:154} INFO - [2025-05-21T07:19:13.223+0000] {dag.py:2941} INFO - Sync 1 DAGs
[2025-05-21T07:19:13.236+0000] {logging_mixin.py:154} INFO - [2025-05-21T07:19:13.235+0000] {dag.py:3722} INFO - Setting next_dagrun for kafka_to_snowflake to 2025-05-21T07:00:00+00:00, run_after=2025-05-21T08:00:00+00:00
[2025-05-21T07:19:13.245+0000] {processor.py:179} INFO - Processing /opt/airflow/dags/kafka_to_snowflake.py took 0.705 seconds
[2025-05-21T07:19:44.039+0000] {processor.py:157} INFO - Started process (PID=286) to work on /opt/airflow/dags/kafka_to_snowflake.py
[2025-05-21T07:19:44.040+0000] {processor.py:829} INFO - Processing file /opt/airflow/dags/kafka_to_snowflake.py for tasks to queue
[2025-05-21T07:19:44.040+0000] {logging_mixin.py:154} INFO - [2025-05-21T07:19:44.040+0000] {dagbag.py:536} INFO - Filling up the DagBag from /opt/airflow/dags/kafka_to_snowflake.py
[2025-05-21T07:19:44.535+0000] {logging_mixin.py:154} WARNING - /home/airflow/.local/lib/python3.8/site-packages/snowflake/connector/options.py:103 UserWarning: You have an incompatible version of 'pyarrow' installed (11.0.0), please install a version that adheres to: 'pyarrow<10.1.0,>=10.0.1; extra == "pandas"'
[2025-05-21T07:19:44.591+0000] {processor.py:839} INFO - DAG(s) dict_keys(['kafka_to_snowflake']) retrieved from /opt/airflow/dags/kafka_to_snowflake.py
[2025-05-21T07:19:44.607+0000] {logging_mixin.py:154} INFO - [2025-05-21T07:19:44.606+0000] {dag.py:2941} INFO - Sync 1 DAGs
[2025-05-21T07:19:44.620+0000] {logging_mixin.py:154} INFO - [2025-05-21T07:19:44.620+0000] {dag.py:3722} INFO - Setting next_dagrun for kafka_to_snowflake to 2025-05-21T07:00:00+00:00, run_after=2025-05-21T08:00:00+00:00
[2025-05-21T07:19:44.630+0000] {processor.py:179} INFO - Processing /opt/airflow/dags/kafka_to_snowflake.py took 0.594 seconds
[2025-05-21T07:20:14.706+0000] {processor.py:157} INFO - Started process (PID=310) to work on /opt/airflow/dags/kafka_to_snowflake.py
[2025-05-21T07:20:14.707+0000] {processor.py:829} INFO - Processing file /opt/airflow/dags/kafka_to_snowflake.py for tasks to queue
[2025-05-21T07:20:14.708+0000] {logging_mixin.py:154} INFO - [2025-05-21T07:20:14.708+0000] {dagbag.py:536} INFO - Filling up the DagBag from /opt/airflow/dags/kafka_to_snowflake.py
[2025-05-21T07:20:15.370+0000] {logging_mixin.py:154} WARNING - /home/airflow/.local/lib/python3.8/site-packages/snowflake/connector/options.py:103 UserWarning: You have an incompatible version of 'pyarrow' installed (11.0.0), please install a version that adheres to: 'pyarrow<10.1.0,>=10.0.1; extra == "pandas"'
[2025-05-21T07:20:15.416+0000] {processor.py:839} INFO - DAG(s) dict_keys(['kafka_to_snowflake']) retrieved from /opt/airflow/dags/kafka_to_snowflake.py
[2025-05-21T07:20:15.432+0000] {logging_mixin.py:154} INFO - [2025-05-21T07:20:15.431+0000] {dag.py:2941} INFO - Sync 1 DAGs
[2025-05-21T07:20:15.443+0000] {logging_mixin.py:154} INFO - [2025-05-21T07:20:15.443+0000] {dag.py:3722} INFO - Setting next_dagrun for kafka_to_snowflake to 2025-05-21T07:00:00+00:00, run_after=2025-05-21T08:00:00+00:00
[2025-05-21T07:20:15.453+0000] {processor.py:179} INFO - Processing /opt/airflow/dags/kafka_to_snowflake.py took 0.750 seconds
[2025-05-21T07:20:45.861+0000] {processor.py:157} INFO - Started process (PID=322) to work on /opt/airflow/dags/kafka_to_snowflake.py
[2025-05-21T07:20:45.864+0000] {processor.py:829} INFO - Processing file /opt/airflow/dags/kafka_to_snowflake.py for tasks to queue
[2025-05-21T07:20:45.865+0000] {logging_mixin.py:154} INFO - [2025-05-21T07:20:45.864+0000] {dagbag.py:536} INFO - Filling up the DagBag from /opt/airflow/dags/kafka_to_snowflake.py
[2025-05-21T07:20:46.396+0000] {logging_mixin.py:154} WARNING - /home/airflow/.local/lib/python3.8/site-packages/snowflake/connector/options.py:103 UserWarning: You have an incompatible version of 'pyarrow' installed (11.0.0), please install a version that adheres to: 'pyarrow<10.1.0,>=10.0.1; extra == "pandas"'
[2025-05-21T07:20:46.446+0000] {processor.py:839} INFO - DAG(s) dict_keys(['kafka_to_snowflake']) retrieved from /opt/airflow/dags/kafka_to_snowflake.py
[2025-05-21T07:20:46.461+0000] {logging_mixin.py:154} INFO - [2025-05-21T07:20:46.461+0000] {dag.py:2941} INFO - Sync 1 DAGs
[2025-05-21T07:20:46.474+0000] {logging_mixin.py:154} INFO - [2025-05-21T07:20:46.474+0000] {dag.py:3722} INFO - Setting next_dagrun for kafka_to_snowflake to 2025-05-21T07:00:00+00:00, run_after=2025-05-21T08:00:00+00:00
[2025-05-21T07:20:46.482+0000] {processor.py:179} INFO - Processing /opt/airflow/dags/kafka_to_snowflake.py took 0.625 seconds
[2025-05-21T07:21:16.812+0000] {processor.py:157} INFO - Started process (PID=334) to work on /opt/airflow/dags/kafka_to_snowflake.py
[2025-05-21T07:21:16.814+0000] {processor.py:829} INFO - Processing file /opt/airflow/dags/kafka_to_snowflake.py for tasks to queue
[2025-05-21T07:21:16.815+0000] {logging_mixin.py:154} INFO - [2025-05-21T07:21:16.814+0000] {dagbag.py:536} INFO - Filling up the DagBag from /opt/airflow/dags/kafka_to_snowflake.py
[2025-05-21T07:21:17.251+0000] {logging_mixin.py:154} WARNING - /home/airflow/.local/lib/python3.8/site-packages/snowflake/connector/options.py:103 UserWarning: You have an incompatible version of 'pyarrow' installed (11.0.0), please install a version that adheres to: 'pyarrow<10.1.0,>=10.0.1; extra == "pandas"'
[2025-05-21T07:21:17.291+0000] {processor.py:839} INFO - DAG(s) dict_keys(['kafka_to_snowflake']) retrieved from /opt/airflow/dags/kafka_to_snowflake.py
[2025-05-21T07:21:17.305+0000] {logging_mixin.py:154} INFO - [2025-05-21T07:21:17.305+0000] {dag.py:2941} INFO - Sync 1 DAGs
[2025-05-21T07:21:17.315+0000] {logging_mixin.py:154} INFO - [2025-05-21T07:21:17.315+0000] {dag.py:3722} INFO - Setting next_dagrun for kafka_to_snowflake to 2025-05-21T07:00:00+00:00, run_after=2025-05-21T08:00:00+00:00
[2025-05-21T07:21:17.324+0000] {processor.py:179} INFO - Processing /opt/airflow/dags/kafka_to_snowflake.py took 0.518 seconds
[2025-05-21T07:21:47.419+0000] {processor.py:157} INFO - Started process (PID=346) to work on /opt/airflow/dags/kafka_to_snowflake.py
[2025-05-21T07:21:47.422+0000] {processor.py:829} INFO - Processing file /opt/airflow/dags/kafka_to_snowflake.py for tasks to queue
[2025-05-21T07:21:47.423+0000] {logging_mixin.py:154} INFO - [2025-05-21T07:21:47.422+0000] {dagbag.py:536} INFO - Filling up the DagBag from /opt/airflow/dags/kafka_to_snowflake.py
[2025-05-21T07:21:47.982+0000] {logging_mixin.py:154} WARNING - /home/airflow/.local/lib/python3.8/site-packages/snowflake/connector/options.py:103 UserWarning: You have an incompatible version of 'pyarrow' installed (11.0.0), please install a version that adheres to: 'pyarrow<10.1.0,>=10.0.1; extra == "pandas"'
[2025-05-21T07:21:48.033+0000] {processor.py:839} INFO - DAG(s) dict_keys(['kafka_to_snowflake']) retrieved from /opt/airflow/dags/kafka_to_snowflake.py
[2025-05-21T07:21:48.049+0000] {logging_mixin.py:154} INFO - [2025-05-21T07:21:48.049+0000] {dag.py:2941} INFO - Sync 1 DAGs
[2025-05-21T07:21:48.060+0000] {logging_mixin.py:154} INFO - [2025-05-21T07:21:48.060+0000] {dag.py:3722} INFO - Setting next_dagrun for kafka_to_snowflake to 2025-05-21T07:00:00+00:00, run_after=2025-05-21T08:00:00+00:00
[2025-05-21T07:21:48.070+0000] {processor.py:179} INFO - Processing /opt/airflow/dags/kafka_to_snowflake.py took 0.657 seconds
[2025-05-21T07:22:18.744+0000] {processor.py:157} INFO - Started process (PID=358) to work on /opt/airflow/dags/kafka_to_snowflake.py
[2025-05-21T07:22:18.747+0000] {processor.py:829} INFO - Processing file /opt/airflow/dags/kafka_to_snowflake.py for tasks to queue
[2025-05-21T07:22:18.748+0000] {logging_mixin.py:154} INFO - [2025-05-21T07:22:18.747+0000] {dagbag.py:536} INFO - Filling up the DagBag from /opt/airflow/dags/kafka_to_snowflake.py
[2025-05-21T07:22:19.609+0000] {logging_mixin.py:154} WARNING - /home/airflow/.local/lib/python3.8/site-packages/snowflake/connector/options.py:103 UserWarning: You have an incompatible version of 'pyarrow' installed (11.0.0), please install a version that adheres to: 'pyarrow<10.1.0,>=10.0.1; extra == "pandas"'
[2025-05-21T07:22:19.659+0000] {processor.py:839} INFO - DAG(s) dict_keys(['kafka_to_snowflake']) retrieved from /opt/airflow/dags/kafka_to_snowflake.py
[2025-05-21T07:22:19.685+0000] {logging_mixin.py:154} INFO - [2025-05-21T07:22:19.684+0000] {dag.py:2941} INFO - Sync 1 DAGs
[2025-05-21T07:22:19.699+0000] {logging_mixin.py:154} INFO - [2025-05-21T07:22:19.698+0000] {dag.py:3722} INFO - Setting next_dagrun for kafka_to_snowflake to 2025-05-21T07:00:00+00:00, run_after=2025-05-21T08:00:00+00:00
[2025-05-21T07:22:19.709+0000] {processor.py:179} INFO - Processing /opt/airflow/dags/kafka_to_snowflake.py took 0.973 seconds
[2025-05-21T07:22:50.228+0000] {processor.py:157} INFO - Started process (PID=370) to work on /opt/airflow/dags/kafka_to_snowflake.py
[2025-05-21T07:22:50.229+0000] {processor.py:829} INFO - Processing file /opt/airflow/dags/kafka_to_snowflake.py for tasks to queue
[2025-05-21T07:22:50.230+0000] {logging_mixin.py:154} INFO - [2025-05-21T07:22:50.230+0000] {dagbag.py:536} INFO - Filling up the DagBag from /opt/airflow/dags/kafka_to_snowflake.py
[2025-05-21T07:22:50.807+0000] {logging_mixin.py:154} WARNING - /home/airflow/.local/lib/python3.8/site-packages/snowflake/connector/options.py:103 UserWarning: You have an incompatible version of 'pyarrow' installed (11.0.0), please install a version that adheres to: 'pyarrow<10.1.0,>=10.0.1; extra == "pandas"'
[2025-05-21T07:22:50.850+0000] {processor.py:839} INFO - DAG(s) dict_keys(['kafka_to_snowflake']) retrieved from /opt/airflow/dags/kafka_to_snowflake.py
[2025-05-21T07:22:50.872+0000] {logging_mixin.py:154} INFO - [2025-05-21T07:22:50.871+0000] {dag.py:2941} INFO - Sync 1 DAGs
[2025-05-21T07:22:50.882+0000] {logging_mixin.py:154} INFO - [2025-05-21T07:22:50.882+0000] {dag.py:3722} INFO - Setting next_dagrun for kafka_to_snowflake to 2025-05-21T07:00:00+00:00, run_after=2025-05-21T08:00:00+00:00
[2025-05-21T07:22:50.890+0000] {processor.py:179} INFO - Processing /opt/airflow/dags/kafka_to_snowflake.py took 0.666 seconds
