[2025-05-21T07:17:39.557+0000] {taskinstance.py:1159} INFO - Dependencies all met for dep_context=non-requeueable deps ti=<TaskInstance: aircraft_alerts_telegram.send_telegram_alerts scheduled__2025-05-21T06:00:00+00:00 [queued]>
[2025-05-21T07:17:39.562+0000] {taskinstance.py:1159} INFO - Dependencies all met for dep_context=requeueable deps ti=<TaskInstance: aircraft_alerts_telegram.send_telegram_alerts scheduled__2025-05-21T06:00:00+00:00 [queued]>
[2025-05-21T07:17:39.562+0000] {taskinstance.py:1361} INFO - Starting attempt 1 of 1
[2025-05-21T07:17:39.570+0000] {taskinstance.py:1382} INFO - Executing <Task(PythonOperator): send_telegram_alerts> on 2025-05-21 06:00:00+00:00
[2025-05-21T07:17:39.577+0000] {standard_task_runner.py:57} INFO - Started process 229 to run task
[2025-05-21T07:17:39.581+0000] {standard_task_runner.py:84} INFO - Running: ['***', 'tasks', 'run', 'aircraft_alerts_telegram', 'send_telegram_alerts', 'scheduled__2025-05-21T06:00:00+00:00', '--job-id', '3', '--raw', '--subdir', 'DAGS_FOLDER/aircraft_alerts_telegram.py', '--cfg-path', '/tmp/tmp__7vu3b_']
[2025-05-21T07:17:39.584+0000] {standard_task_runner.py:85} INFO - Job 3: Subtask send_telegram_alerts
[2025-05-21T07:17:39.604+0000] {logging_mixin.py:154} WARNING - /home/***/.local/lib/python3.8/site-packages/***/settings.py:195 DeprecationWarning: The sql_alchemy_conn option in [core] has been moved to the sql_alchemy_conn option in [database] - the old setting has been used, but please update your config.
[2025-05-21T07:17:39.628+0000] {task_command.py:416} INFO - Running <TaskInstance: aircraft_alerts_telegram.send_telegram_alerts scheduled__2025-05-21T06:00:00+00:00 [running]> on host e59c1544f2e4
[2025-05-21T07:17:39.784+0000] {taskinstance.py:1662} INFO - Exporting env vars: AIRFLOW_CTX_DAG_OWNER='***' AIRFLOW_CTX_DAG_ID='aircraft_alerts_telegram' AIRFLOW_CTX_TASK_ID='send_telegram_alerts' AIRFLOW_CTX_EXECUTION_DATE='2025-05-21T06:00:00+00:00' AIRFLOW_CTX_TRY_NUMBER='1' AIRFLOW_CTX_DAG_RUN_ID='scheduled__2025-05-21T06:00:00+00:00'
[2025-05-21T07:17:39.784+0000] {taskinstance.py:1937} ERROR - Task failed with exception
Traceback (most recent call last):
  File "/home/airflow/.local/lib/python3.8/site-packages/airflow/operators/python.py", line 192, in execute
    return_value = self.execute_callable()
  File "/home/airflow/.local/lib/python3.8/site-packages/airflow/operators/python.py", line 209, in execute_callable
    return self.python_callable(*self.op_args, **self.op_kwargs)
  File "/opt/airflow/dags/aircraft_alerts_telegram.py", line 19, in alert_unusual_aircraft
    consumer = KafkaConsumer(
  File "/home/airflow/.local/lib/python3.8/site-packages/kafka/consumer/group.py", line 387, in __init__
    self._client = self.config['kafka_client'](metrics=self._metrics, **self.config)
  File "/home/airflow/.local/lib/python3.8/site-packages/kafka/client_async.py", line 234, in __init__
    self.cluster = ClusterMetadata(**self.config)
  File "/home/airflow/.local/lib/python3.8/site-packages/kafka/cluster.py", line 70, in __init__
    self._bootstrap_brokers = self._generate_bootstrap_brokers()
  File "/home/airflow/.local/lib/python3.8/site-packages/kafka/cluster.py", line 75, in _generate_bootstrap_brokers
    bootstrap_hosts = collect_hosts(self.config['bootstrap_servers'])
  File "/home/airflow/.local/lib/python3.8/site-packages/kafka/cluster.py", line 439, in collect_hosts
    for host_port in hosts:
TypeError: 'NoneType' object is not iterable
[2025-05-21T07:17:39.790+0000] {taskinstance.py:1400} INFO - Marking task as FAILED. dag_id=aircraft_alerts_telegram, task_id=send_telegram_alerts, execution_date=20250521T060000, start_date=20250521T071739, end_date=20250521T071739
[2025-05-21T07:17:39.796+0000] {standard_task_runner.py:104} ERROR - Failed to execute job 3 for task send_telegram_alerts ('NoneType' object is not iterable; 229)
[2025-05-21T07:17:39.850+0000] {local_task_job_runner.py:228} INFO - Task exited with return code 1
[2025-05-21T07:17:39.861+0000] {taskinstance.py:2778} INFO - 0 downstream tasks scheduled from follow-on schedule check
