[2025-05-20T13:33:55.073+0000] {taskinstance.py:1159} INFO - Dependencies all met for dep_context=non-requeueable deps ti=<TaskInstance: kafka_to_snowflake.consume_kafka_and_store_in_snowflake scheduled__2025-05-20T12:00:00+00:00 [queued]>
[2025-05-20T13:33:55.077+0000] {taskinstance.py:1159} INFO - Dependencies all met for dep_context=requeueable deps ti=<TaskInstance: kafka_to_snowflake.consume_kafka_and_store_in_snowflake scheduled__2025-05-20T12:00:00+00:00 [queued]>
[2025-05-20T13:33:55.077+0000] {taskinstance.py:1361} INFO - Starting attempt 1 of 2
[2025-05-20T13:33:55.083+0000] {taskinstance.py:1382} INFO - Executing <Task(PythonOperator): consume_kafka_and_store_in_snowflake> on 2025-05-20 12:00:00+00:00
[2025-05-20T13:33:55.087+0000] {standard_task_runner.py:57} INFO - Started process 950 to run task
[2025-05-20T13:33:55.090+0000] {standard_task_runner.py:84} INFO - Running: ['***', 'tasks', 'run', 'kafka_to_snowflake', 'consume_kafka_and_store_in_snowflake', 'scheduled__2025-05-20T12:00:00+00:00', '--job-id', '2', '--raw', '--subdir', 'DAGS_FOLDER/kafka_to_snowflake.py', '--cfg-path', '/tmp/tmpav_x4qvr']
[2025-05-20T13:33:55.092+0000] {standard_task_runner.py:85} INFO - Job 2: Subtask consume_kafka_and_store_in_snowflake
[2025-05-20T13:33:55.108+0000] {logging_mixin.py:154} WARNING - /home/***/.local/lib/python3.8/site-packages/***/settings.py:195 DeprecationWarning: The sql_alchemy_conn option in [core] has been moved to the sql_alchemy_conn option in [database] - the old setting has been used, but please update your config.
[2025-05-20T13:33:55.140+0000] {task_command.py:416} INFO - Running <TaskInstance: kafka_to_snowflake.consume_kafka_and_store_in_snowflake scheduled__2025-05-20T12:00:00+00:00 [running]> on host dc7ec4a1ec84
[2025-05-20T13:33:55.196+0000] {taskinstance.py:1662} INFO - Exporting env vars: AIRFLOW_CTX_DAG_OWNER='***' AIRFLOW_CTX_DAG_ID='kafka_to_snowflake' AIRFLOW_CTX_TASK_ID='consume_kafka_and_store_in_snowflake' AIRFLOW_CTX_EXECUTION_DATE='2025-05-20T12:00:00+00:00' AIRFLOW_CTX_TRY_NUMBER='1' AIRFLOW_CTX_DAG_RUN_ID='scheduled__2025-05-20T12:00:00+00:00'
[2025-05-20T13:33:55.198+0000] {taskinstance.py:1937} ERROR - Task failed with exception
Traceback (most recent call last):
  File "/home/airflow/.local/lib/python3.8/site-packages/airflow/operators/python.py", line 192, in execute
    return_value = self.execute_callable()
  File "/home/airflow/.local/lib/python3.8/site-packages/airflow/operators/python.py", line 209, in execute_callable
    return self.python_callable(*self.op_args, **self.op_kwargs)
  File "/opt/airflow/dags/kafka_to_snowflake.py", line 27, in consume_and_load
    consumer = KafkaConsumer(
  File "/home/airflow/.local/lib/python3.8/site-packages/kafka/consumer/group.py", line 387, in __init__
    self._client = self.config['kafka_client'](metrics=self._metrics, **self.config)
  File "/home/airflow/.local/lib/python3.8/site-packages/kafka/client_async.py", line 234, in __init__
    self.cluster = ClusterMetadata(**self.config)
  File "/home/airflow/.local/lib/python3.8/site-packages/kafka/cluster.py", line 70, in __init__
    self._bootstrap_brokers = self._generate_bootstrap_brokers()
  File "/home/airflow/.local/lib/python3.8/site-packages/kafka/cluster.py", line 75, in _generate_bootstrap_brokers
    bootstrap_hosts = collect_hosts(self.config['bootstrap_servers'])
  File "/home/airflow/.local/lib/python3.8/site-packages/kafka/cluster.py", line 439, in collect_hosts
    for host_port in hosts:
TypeError: 'NoneType' object is not iterable
[2025-05-20T13:33:55.204+0000] {taskinstance.py:1400} INFO - Marking task as UP_FOR_RETRY. dag_id=kafka_to_snowflake, task_id=consume_kafka_and_store_in_snowflake, execution_date=20250520T120000, start_date=20250520T133355, end_date=20250520T133355
[2025-05-20T13:33:55.212+0000] {standard_task_runner.py:104} ERROR - Failed to execute job 2 for task consume_kafka_and_store_in_snowflake ('NoneType' object is not iterable; 950)
[2025-05-20T13:33:55.234+0000] {local_task_job_runner.py:228} INFO - Task exited with return code 1
[2025-05-20T13:33:55.246+0000] {taskinstance.py:2778} INFO - 0 downstream tasks scheduled from follow-on schedule check
