[2025-05-20T19:45:17.235+0000] {processor.py:157} INFO - Started process (PID=169) to work on /opt/airflow/dags/aircraft_alerts_telegram.py
[2025-05-20T19:45:17.237+0000] {processor.py:829} INFO - Processing file /opt/airflow/dags/aircraft_alerts_telegram.py for tasks to queue
[2025-05-20T19:45:17.240+0000] {logging_mixin.py:154} INFO - [2025-05-20T19:45:17.240+0000] {dagbag.py:536} INFO - Filling up the DagBag from /opt/airflow/dags/aircraft_alerts_telegram.py
[2025-05-20T19:45:17.565+0000] {processor.py:839} INFO - DAG(s) dict_keys(['aircraft_alerts_telegram']) retrieved from /opt/airflow/dags/aircraft_alerts_telegram.py
[2025-05-20T19:45:17.795+0000] {logging_mixin.py:154} INFO - [2025-05-20T19:45:17.795+0000] {manager.py:499} INFO - Created Permission View: %s
[2025-05-20T19:45:17.799+0000] {logging_mixin.py:154} INFO - [2025-05-20T19:45:17.799+0000] {manager.py:499} INFO - Created Permission View: %s
[2025-05-20T19:45:17.803+0000] {logging_mixin.py:154} INFO - [2025-05-20T19:45:17.803+0000] {manager.py:499} INFO - Created Permission View: %s
[2025-05-20T19:45:17.804+0000] {logging_mixin.py:154} INFO - [2025-05-20T19:45:17.803+0000] {dag.py:2941} INFO - Sync 1 DAGs
[2025-05-20T19:45:17.815+0000] {logging_mixin.py:154} INFO - [2025-05-20T19:45:17.815+0000] {dag.py:2963} INFO - Creating ORM DAG for aircraft_alerts_telegram
[2025-05-20T19:45:17.825+0000] {logging_mixin.py:154} INFO - [2025-05-20T19:45:17.825+0000] {dag.py:3722} INFO - Setting next_dagrun for aircraft_alerts_telegram to 2025-05-20T18:00:00+00:00, run_after=2025-05-20T19:00:00+00:00
[2025-05-20T19:45:17.836+0000] {processor.py:179} INFO - Processing /opt/airflow/dags/aircraft_alerts_telegram.py took 0.616 seconds
[2025-05-20T19:45:48.555+0000] {processor.py:157} INFO - Started process (PID=181) to work on /opt/airflow/dags/aircraft_alerts_telegram.py
[2025-05-20T19:45:48.557+0000] {processor.py:829} INFO - Processing file /opt/airflow/dags/aircraft_alerts_telegram.py for tasks to queue
[2025-05-20T19:45:48.558+0000] {logging_mixin.py:154} INFO - [2025-05-20T19:45:48.557+0000] {dagbag.py:536} INFO - Filling up the DagBag from /opt/airflow/dags/aircraft_alerts_telegram.py
[2025-05-20T19:45:48.730+0000] {processor.py:839} INFO - DAG(s) dict_keys(['aircraft_alerts_telegram']) retrieved from /opt/airflow/dags/aircraft_alerts_telegram.py
[2025-05-20T19:45:48.764+0000] {logging_mixin.py:154} INFO - [2025-05-20T19:45:48.764+0000] {dag.py:2941} INFO - Sync 1 DAGs
[2025-05-20T19:45:48.784+0000] {logging_mixin.py:154} INFO - [2025-05-20T19:45:48.783+0000] {dag.py:3722} INFO - Setting next_dagrun for aircraft_alerts_telegram to 2025-05-20T18:00:00+00:00, run_after=2025-05-20T19:00:00+00:00
[2025-05-20T19:45:48.797+0000] {processor.py:179} INFO - Processing /opt/airflow/dags/aircraft_alerts_telegram.py took 0.250 seconds
[2025-05-20T19:46:18.872+0000] {processor.py:157} INFO - Started process (PID=193) to work on /opt/airflow/dags/aircraft_alerts_telegram.py
[2025-05-20T19:46:18.874+0000] {processor.py:829} INFO - Processing file /opt/airflow/dags/aircraft_alerts_telegram.py for tasks to queue
[2025-05-20T19:46:18.874+0000] {logging_mixin.py:154} INFO - [2025-05-20T19:46:18.874+0000] {dagbag.py:536} INFO - Filling up the DagBag from /opt/airflow/dags/aircraft_alerts_telegram.py
[2025-05-20T19:46:18.984+0000] {processor.py:839} INFO - DAG(s) dict_keys(['aircraft_alerts_telegram']) retrieved from /opt/airflow/dags/aircraft_alerts_telegram.py
[2025-05-20T19:46:19.009+0000] {logging_mixin.py:154} INFO - [2025-05-20T19:46:19.009+0000] {dag.py:2941} INFO - Sync 1 DAGs
[2025-05-20T19:46:19.028+0000] {logging_mixin.py:154} INFO - [2025-05-20T19:46:19.028+0000] {dag.py:3722} INFO - Setting next_dagrun for aircraft_alerts_telegram to 2025-05-20T18:00:00+00:00, run_after=2025-05-20T19:00:00+00:00
[2025-05-20T19:46:19.039+0000] {processor.py:179} INFO - Processing /opt/airflow/dags/aircraft_alerts_telegram.py took 0.174 seconds
[2025-05-20T19:46:49.367+0000] {processor.py:157} INFO - Started process (PID=205) to work on /opt/airflow/dags/aircraft_alerts_telegram.py
[2025-05-20T19:46:49.370+0000] {processor.py:829} INFO - Processing file /opt/airflow/dags/aircraft_alerts_telegram.py for tasks to queue
[2025-05-20T19:46:49.373+0000] {logging_mixin.py:154} INFO - [2025-05-20T19:46:49.373+0000] {dagbag.py:536} INFO - Filling up the DagBag from /opt/airflow/dags/aircraft_alerts_telegram.py
[2025-05-20T19:46:49.516+0000] {processor.py:839} INFO - DAG(s) dict_keys(['aircraft_alerts_telegram']) retrieved from /opt/airflow/dags/aircraft_alerts_telegram.py
[2025-05-20T19:46:49.551+0000] {logging_mixin.py:154} INFO - [2025-05-20T19:46:49.551+0000] {dag.py:2941} INFO - Sync 1 DAGs
[2025-05-20T19:46:49.575+0000] {logging_mixin.py:154} INFO - [2025-05-20T19:46:49.574+0000] {dag.py:3722} INFO - Setting next_dagrun for aircraft_alerts_telegram to 2025-05-20T18:00:00+00:00, run_after=2025-05-20T19:00:00+00:00
[2025-05-20T19:46:49.588+0000] {processor.py:179} INFO - Processing /opt/airflow/dags/aircraft_alerts_telegram.py took 0.228 seconds
[2025-05-20T19:47:19.713+0000] {processor.py:157} INFO - Started process (PID=217) to work on /opt/airflow/dags/aircraft_alerts_telegram.py
[2025-05-20T19:47:19.714+0000] {processor.py:829} INFO - Processing file /opt/airflow/dags/aircraft_alerts_telegram.py for tasks to queue
[2025-05-20T19:47:19.716+0000] {logging_mixin.py:154} INFO - [2025-05-20T19:47:19.715+0000] {dagbag.py:536} INFO - Filling up the DagBag from /opt/airflow/dags/aircraft_alerts_telegram.py
[2025-05-20T19:47:19.856+0000] {processor.py:839} INFO - DAG(s) dict_keys(['aircraft_alerts_telegram']) retrieved from /opt/airflow/dags/aircraft_alerts_telegram.py
[2025-05-20T19:47:19.885+0000] {logging_mixin.py:154} INFO - [2025-05-20T19:47:19.885+0000] {dag.py:2941} INFO - Sync 1 DAGs
[2025-05-20T19:47:19.903+0000] {logging_mixin.py:154} INFO - [2025-05-20T19:47:19.903+0000] {dag.py:3722} INFO - Setting next_dagrun for aircraft_alerts_telegram to 2025-05-20T18:00:00+00:00, run_after=2025-05-20T19:00:00+00:00
[2025-05-20T19:47:19.915+0000] {processor.py:179} INFO - Processing /opt/airflow/dags/aircraft_alerts_telegram.py took 0.206 seconds
[2025-05-20T19:47:50.211+0000] {processor.py:157} INFO - Started process (PID=229) to work on /opt/airflow/dags/aircraft_alerts_telegram.py
[2025-05-20T19:47:50.213+0000] {processor.py:829} INFO - Processing file /opt/airflow/dags/aircraft_alerts_telegram.py for tasks to queue
[2025-05-20T19:47:50.214+0000] {logging_mixin.py:154} INFO - [2025-05-20T19:47:50.213+0000] {dagbag.py:536} INFO - Filling up the DagBag from /opt/airflow/dags/aircraft_alerts_telegram.py
[2025-05-20T19:47:50.370+0000] {processor.py:839} INFO - DAG(s) dict_keys(['aircraft_alerts_telegram']) retrieved from /opt/airflow/dags/aircraft_alerts_telegram.py
[2025-05-20T19:47:50.411+0000] {logging_mixin.py:154} INFO - [2025-05-20T19:47:50.411+0000] {dag.py:2941} INFO - Sync 1 DAGs
[2025-05-20T19:47:50.431+0000] {logging_mixin.py:154} INFO - [2025-05-20T19:47:50.431+0000] {dag.py:3722} INFO - Setting next_dagrun for aircraft_alerts_telegram to 2025-05-20T18:00:00+00:00, run_after=2025-05-20T19:00:00+00:00
[2025-05-20T19:47:50.451+0000] {processor.py:179} INFO - Processing /opt/airflow/dags/aircraft_alerts_telegram.py took 0.250 seconds
[2025-05-20T19:48:20.758+0000] {processor.py:157} INFO - Started process (PID=241) to work on /opt/airflow/dags/aircraft_alerts_telegram.py
[2025-05-20T19:48:20.761+0000] {processor.py:829} INFO - Processing file /opt/airflow/dags/aircraft_alerts_telegram.py for tasks to queue
[2025-05-20T19:48:20.762+0000] {logging_mixin.py:154} INFO - [2025-05-20T19:48:20.761+0000] {dagbag.py:536} INFO - Filling up the DagBag from /opt/airflow/dags/aircraft_alerts_telegram.py
[2025-05-20T19:48:20.879+0000] {processor.py:839} INFO - DAG(s) dict_keys(['aircraft_alerts_telegram']) retrieved from /opt/airflow/dags/aircraft_alerts_telegram.py
[2025-05-20T19:48:20.918+0000] {logging_mixin.py:154} INFO - [2025-05-20T19:48:20.918+0000] {dag.py:2941} INFO - Sync 1 DAGs
[2025-05-20T19:48:20.947+0000] {logging_mixin.py:154} INFO - [2025-05-20T19:48:20.947+0000] {dag.py:3722} INFO - Setting next_dagrun for aircraft_alerts_telegram to 2025-05-20T18:00:00+00:00, run_after=2025-05-20T19:00:00+00:00
[2025-05-20T19:48:20.964+0000] {processor.py:179} INFO - Processing /opt/airflow/dags/aircraft_alerts_telegram.py took 0.211 seconds
[2025-05-20T19:48:51.333+0000] {processor.py:157} INFO - Started process (PID=253) to work on /opt/airflow/dags/aircraft_alerts_telegram.py
[2025-05-20T19:48:51.336+0000] {processor.py:829} INFO - Processing file /opt/airflow/dags/aircraft_alerts_telegram.py for tasks to queue
[2025-05-20T19:48:51.337+0000] {logging_mixin.py:154} INFO - [2025-05-20T19:48:51.336+0000] {dagbag.py:536} INFO - Filling up the DagBag from /opt/airflow/dags/aircraft_alerts_telegram.py
[2025-05-20T19:48:51.503+0000] {processor.py:839} INFO - DAG(s) dict_keys(['aircraft_alerts_telegram']) retrieved from /opt/airflow/dags/aircraft_alerts_telegram.py
[2025-05-20T19:48:51.542+0000] {logging_mixin.py:154} INFO - [2025-05-20T19:48:51.542+0000] {dag.py:2941} INFO - Sync 1 DAGs
[2025-05-20T19:48:51.569+0000] {logging_mixin.py:154} INFO - [2025-05-20T19:48:51.569+0000] {dag.py:3722} INFO - Setting next_dagrun for aircraft_alerts_telegram to 2025-05-20T18:00:00+00:00, run_after=2025-05-20T19:00:00+00:00
[2025-05-20T19:48:51.580+0000] {processor.py:179} INFO - Processing /opt/airflow/dags/aircraft_alerts_telegram.py took 0.255 seconds
[2025-05-20T19:49:21.938+0000] {processor.py:157} INFO - Started process (PID=265) to work on /opt/airflow/dags/aircraft_alerts_telegram.py
[2025-05-20T19:49:21.939+0000] {processor.py:829} INFO - Processing file /opt/airflow/dags/aircraft_alerts_telegram.py for tasks to queue
[2025-05-20T19:49:21.941+0000] {logging_mixin.py:154} INFO - [2025-05-20T19:49:21.940+0000] {dagbag.py:536} INFO - Filling up the DagBag from /opt/airflow/dags/aircraft_alerts_telegram.py
[2025-05-20T19:49:22.065+0000] {processor.py:839} INFO - DAG(s) dict_keys(['aircraft_alerts_telegram']) retrieved from /opt/airflow/dags/aircraft_alerts_telegram.py
[2025-05-20T19:49:22.102+0000] {logging_mixin.py:154} INFO - [2025-05-20T19:49:22.102+0000] {dag.py:2941} INFO - Sync 1 DAGs
[2025-05-20T19:49:22.131+0000] {logging_mixin.py:154} INFO - [2025-05-20T19:49:22.131+0000] {dag.py:3722} INFO - Setting next_dagrun for aircraft_alerts_telegram to 2025-05-20T18:00:00+00:00, run_after=2025-05-20T19:00:00+00:00
[2025-05-20T19:49:22.142+0000] {processor.py:179} INFO - Processing /opt/airflow/dags/aircraft_alerts_telegram.py took 0.209 seconds
[2025-05-20T19:49:52.492+0000] {processor.py:157} INFO - Started process (PID=277) to work on /opt/airflow/dags/aircraft_alerts_telegram.py
[2025-05-20T19:49:52.496+0000] {processor.py:829} INFO - Processing file /opt/airflow/dags/aircraft_alerts_telegram.py for tasks to queue
[2025-05-20T19:49:52.498+0000] {logging_mixin.py:154} INFO - [2025-05-20T19:49:52.497+0000] {dagbag.py:536} INFO - Filling up the DagBag from /opt/airflow/dags/aircraft_alerts_telegram.py
[2025-05-20T19:49:52.636+0000] {processor.py:839} INFO - DAG(s) dict_keys(['aircraft_alerts_telegram']) retrieved from /opt/airflow/dags/aircraft_alerts_telegram.py
[2025-05-20T19:49:52.666+0000] {logging_mixin.py:154} INFO - [2025-05-20T19:49:52.666+0000] {dag.py:2941} INFO - Sync 1 DAGs
[2025-05-20T19:49:52.685+0000] {logging_mixin.py:154} INFO - [2025-05-20T19:49:52.685+0000] {dag.py:3722} INFO - Setting next_dagrun for aircraft_alerts_telegram to 2025-05-20T18:00:00+00:00, run_after=2025-05-20T19:00:00+00:00
[2025-05-20T19:49:52.700+0000] {processor.py:179} INFO - Processing /opt/airflow/dags/aircraft_alerts_telegram.py took 0.226 seconds
[2025-05-20T19:50:23.096+0000] {processor.py:157} INFO - Started process (PID=289) to work on /opt/airflow/dags/aircraft_alerts_telegram.py
[2025-05-20T19:50:23.099+0000] {processor.py:829} INFO - Processing file /opt/airflow/dags/aircraft_alerts_telegram.py for tasks to queue
[2025-05-20T19:50:23.101+0000] {logging_mixin.py:154} INFO - [2025-05-20T19:50:23.100+0000] {dagbag.py:536} INFO - Filling up the DagBag from /opt/airflow/dags/aircraft_alerts_telegram.py
[2025-05-20T19:50:23.239+0000] {processor.py:839} INFO - DAG(s) dict_keys(['aircraft_alerts_telegram']) retrieved from /opt/airflow/dags/aircraft_alerts_telegram.py
[2025-05-20T19:50:23.268+0000] {logging_mixin.py:154} INFO - [2025-05-20T19:50:23.268+0000] {dag.py:2941} INFO - Sync 1 DAGs
[2025-05-20T19:50:23.288+0000] {logging_mixin.py:154} INFO - [2025-05-20T19:50:23.288+0000] {dag.py:3722} INFO - Setting next_dagrun for aircraft_alerts_telegram to 2025-05-20T18:00:00+00:00, run_after=2025-05-20T19:00:00+00:00
[2025-05-20T19:50:23.299+0000] {processor.py:179} INFO - Processing /opt/airflow/dags/aircraft_alerts_telegram.py took 0.215 seconds
[2025-05-20T19:50:53.684+0000] {processor.py:157} INFO - Started process (PID=301) to work on /opt/airflow/dags/aircraft_alerts_telegram.py
[2025-05-20T19:50:53.685+0000] {processor.py:829} INFO - Processing file /opt/airflow/dags/aircraft_alerts_telegram.py for tasks to queue
[2025-05-20T19:50:53.687+0000] {logging_mixin.py:154} INFO - [2025-05-20T19:50:53.686+0000] {dagbag.py:536} INFO - Filling up the DagBag from /opt/airflow/dags/aircraft_alerts_telegram.py
[2025-05-20T19:50:53.778+0000] {processor.py:839} INFO - DAG(s) dict_keys(['aircraft_alerts_telegram']) retrieved from /opt/airflow/dags/aircraft_alerts_telegram.py
[2025-05-20T19:50:53.809+0000] {logging_mixin.py:154} INFO - [2025-05-20T19:50:53.809+0000] {dag.py:2941} INFO - Sync 1 DAGs
[2025-05-20T19:50:53.823+0000] {logging_mixin.py:154} INFO - [2025-05-20T19:50:53.823+0000] {dag.py:3722} INFO - Setting next_dagrun for aircraft_alerts_telegram to 2025-05-20T18:00:00+00:00, run_after=2025-05-20T19:00:00+00:00
[2025-05-20T19:50:53.833+0000] {processor.py:179} INFO - Processing /opt/airflow/dags/aircraft_alerts_telegram.py took 0.157 seconds
[2025-05-20T19:51:24.185+0000] {processor.py:157} INFO - Started process (PID=313) to work on /opt/airflow/dags/aircraft_alerts_telegram.py
[2025-05-20T19:51:24.187+0000] {processor.py:829} INFO - Processing file /opt/airflow/dags/aircraft_alerts_telegram.py for tasks to queue
[2025-05-20T19:51:24.188+0000] {logging_mixin.py:154} INFO - [2025-05-20T19:51:24.188+0000] {dagbag.py:536} INFO - Filling up the DagBag from /opt/airflow/dags/aircraft_alerts_telegram.py
[2025-05-20T19:51:24.337+0000] {processor.py:839} INFO - DAG(s) dict_keys(['aircraft_alerts_telegram']) retrieved from /opt/airflow/dags/aircraft_alerts_telegram.py
[2025-05-20T19:51:24.369+0000] {logging_mixin.py:154} INFO - [2025-05-20T19:51:24.369+0000] {dag.py:2941} INFO - Sync 1 DAGs
[2025-05-20T19:51:24.389+0000] {logging_mixin.py:154} INFO - [2025-05-20T19:51:24.388+0000] {dag.py:3722} INFO - Setting next_dagrun for aircraft_alerts_telegram to 2025-05-20T18:00:00+00:00, run_after=2025-05-20T19:00:00+00:00
[2025-05-20T19:51:24.400+0000] {processor.py:179} INFO - Processing /opt/airflow/dags/aircraft_alerts_telegram.py took 0.227 seconds
[2025-05-20T19:51:54.738+0000] {processor.py:157} INFO - Started process (PID=325) to work on /opt/airflow/dags/aircraft_alerts_telegram.py
[2025-05-20T19:51:54.740+0000] {processor.py:829} INFO - Processing file /opt/airflow/dags/aircraft_alerts_telegram.py for tasks to queue
[2025-05-20T19:51:54.742+0000] {logging_mixin.py:154} INFO - [2025-05-20T19:51:54.741+0000] {dagbag.py:536} INFO - Filling up the DagBag from /opt/airflow/dags/aircraft_alerts_telegram.py
[2025-05-20T19:51:54.884+0000] {processor.py:839} INFO - DAG(s) dict_keys(['aircraft_alerts_telegram']) retrieved from /opt/airflow/dags/aircraft_alerts_telegram.py
[2025-05-20T19:51:54.914+0000] {logging_mixin.py:154} INFO - [2025-05-20T19:51:54.914+0000] {dag.py:2941} INFO - Sync 1 DAGs
[2025-05-20T19:51:54.931+0000] {logging_mixin.py:154} INFO - [2025-05-20T19:51:54.931+0000] {dag.py:3722} INFO - Setting next_dagrun for aircraft_alerts_telegram to 2025-05-20T18:00:00+00:00, run_after=2025-05-20T19:00:00+00:00
[2025-05-20T19:51:54.943+0000] {processor.py:179} INFO - Processing /opt/airflow/dags/aircraft_alerts_telegram.py took 0.217 seconds
[2025-05-20T19:52:25.283+0000] {processor.py:157} INFO - Started process (PID=337) to work on /opt/airflow/dags/aircraft_alerts_telegram.py
[2025-05-20T19:52:25.285+0000] {processor.py:829} INFO - Processing file /opt/airflow/dags/aircraft_alerts_telegram.py for tasks to queue
[2025-05-20T19:52:25.286+0000] {logging_mixin.py:154} INFO - [2025-05-20T19:52:25.286+0000] {dagbag.py:536} INFO - Filling up the DagBag from /opt/airflow/dags/aircraft_alerts_telegram.py
[2025-05-20T19:52:25.408+0000] {processor.py:839} INFO - DAG(s) dict_keys(['aircraft_alerts_telegram']) retrieved from /opt/airflow/dags/aircraft_alerts_telegram.py
[2025-05-20T19:52:25.434+0000] {logging_mixin.py:154} INFO - [2025-05-20T19:52:25.434+0000] {dag.py:2941} INFO - Sync 1 DAGs
[2025-05-20T19:52:25.451+0000] {logging_mixin.py:154} INFO - [2025-05-20T19:52:25.451+0000] {dag.py:3722} INFO - Setting next_dagrun for aircraft_alerts_telegram to 2025-05-20T18:00:00+00:00, run_after=2025-05-20T19:00:00+00:00
[2025-05-20T19:52:25.462+0000] {processor.py:179} INFO - Processing /opt/airflow/dags/aircraft_alerts_telegram.py took 0.188 seconds
[2025-05-20T19:52:55.812+0000] {processor.py:157} INFO - Started process (PID=349) to work on /opt/airflow/dags/aircraft_alerts_telegram.py
[2025-05-20T19:52:55.817+0000] {processor.py:829} INFO - Processing file /opt/airflow/dags/aircraft_alerts_telegram.py for tasks to queue
[2025-05-20T19:52:55.819+0000] {logging_mixin.py:154} INFO - [2025-05-20T19:52:55.818+0000] {dagbag.py:536} INFO - Filling up the DagBag from /opt/airflow/dags/aircraft_alerts_telegram.py
[2025-05-20T19:52:55.942+0000] {processor.py:839} INFO - DAG(s) dict_keys(['aircraft_alerts_telegram']) retrieved from /opt/airflow/dags/aircraft_alerts_telegram.py
[2025-05-20T19:52:55.969+0000] {logging_mixin.py:154} INFO - [2025-05-20T19:52:55.969+0000] {dag.py:2941} INFO - Sync 1 DAGs
[2025-05-20T19:52:55.990+0000] {logging_mixin.py:154} INFO - [2025-05-20T19:52:55.990+0000] {dag.py:3722} INFO - Setting next_dagrun for aircraft_alerts_telegram to 2025-05-20T18:00:00+00:00, run_after=2025-05-20T19:00:00+00:00
[2025-05-20T19:52:56.001+0000] {processor.py:179} INFO - Processing /opt/airflow/dags/aircraft_alerts_telegram.py took 0.205 seconds
[2025-05-20T19:53:26.126+0000] {processor.py:157} INFO - Started process (PID=361) to work on /opt/airflow/dags/aircraft_alerts_telegram.py
[2025-05-20T19:53:26.127+0000] {processor.py:829} INFO - Processing file /opt/airflow/dags/aircraft_alerts_telegram.py for tasks to queue
[2025-05-20T19:53:26.128+0000] {logging_mixin.py:154} INFO - [2025-05-20T19:53:26.128+0000] {dagbag.py:536} INFO - Filling up the DagBag from /opt/airflow/dags/aircraft_alerts_telegram.py
[2025-05-20T19:53:26.192+0000] {processor.py:839} INFO - DAG(s) dict_keys(['aircraft_alerts_telegram']) retrieved from /opt/airflow/dags/aircraft_alerts_telegram.py
[2025-05-20T19:53:26.206+0000] {logging_mixin.py:154} INFO - [2025-05-20T19:53:26.206+0000] {dag.py:2941} INFO - Sync 1 DAGs
[2025-05-20T19:53:26.221+0000] {logging_mixin.py:154} INFO - [2025-05-20T19:53:26.221+0000] {dag.py:3722} INFO - Setting next_dagrun for aircraft_alerts_telegram to 2025-05-20T18:00:00+00:00, run_after=2025-05-20T19:00:00+00:00
[2025-05-20T19:53:26.229+0000] {processor.py:179} INFO - Processing /opt/airflow/dags/aircraft_alerts_telegram.py took 0.108 seconds
[2025-05-20T19:53:56.509+0000] {processor.py:157} INFO - Started process (PID=373) to work on /opt/airflow/dags/aircraft_alerts_telegram.py
[2025-05-20T19:53:56.511+0000] {processor.py:829} INFO - Processing file /opt/airflow/dags/aircraft_alerts_telegram.py for tasks to queue
[2025-05-20T19:53:56.514+0000] {logging_mixin.py:154} INFO - [2025-05-20T19:53:56.513+0000] {dagbag.py:536} INFO - Filling up the DagBag from /opt/airflow/dags/aircraft_alerts_telegram.py
[2025-05-20T19:53:56.664+0000] {processor.py:839} INFO - DAG(s) dict_keys(['aircraft_alerts_telegram']) retrieved from /opt/airflow/dags/aircraft_alerts_telegram.py
[2025-05-20T19:53:56.702+0000] {logging_mixin.py:154} INFO - [2025-05-20T19:53:56.702+0000] {dag.py:2941} INFO - Sync 1 DAGs
[2025-05-20T19:53:56.726+0000] {logging_mixin.py:154} INFO - [2025-05-20T19:53:56.726+0000] {dag.py:3722} INFO - Setting next_dagrun for aircraft_alerts_telegram to 2025-05-20T18:00:00+00:00, run_after=2025-05-20T19:00:00+00:00
[2025-05-20T19:53:56.739+0000] {processor.py:179} INFO - Processing /opt/airflow/dags/aircraft_alerts_telegram.py took 0.241 seconds
[2025-05-20T19:54:26.966+0000] {processor.py:157} INFO - Started process (PID=385) to work on /opt/airflow/dags/aircraft_alerts_telegram.py
[2025-05-20T19:54:26.968+0000] {processor.py:829} INFO - Processing file /opt/airflow/dags/aircraft_alerts_telegram.py for tasks to queue
[2025-05-20T19:54:26.970+0000] {logging_mixin.py:154} INFO - [2025-05-20T19:54:26.969+0000] {dagbag.py:536} INFO - Filling up the DagBag from /opt/airflow/dags/aircraft_alerts_telegram.py
[2025-05-20T19:54:27.088+0000] {processor.py:839} INFO - DAG(s) dict_keys(['aircraft_alerts_telegram']) retrieved from /opt/airflow/dags/aircraft_alerts_telegram.py
[2025-05-20T19:54:27.113+0000] {logging_mixin.py:154} INFO - [2025-05-20T19:54:27.113+0000] {dag.py:2941} INFO - Sync 1 DAGs
[2025-05-20T19:54:27.129+0000] {logging_mixin.py:154} INFO - [2025-05-20T19:54:27.129+0000] {dag.py:3722} INFO - Setting next_dagrun for aircraft_alerts_telegram to 2025-05-20T18:00:00+00:00, run_after=2025-05-20T19:00:00+00:00
[2025-05-20T19:54:27.140+0000] {processor.py:179} INFO - Processing /opt/airflow/dags/aircraft_alerts_telegram.py took 0.178 seconds
[2025-05-20T19:54:57.430+0000] {processor.py:157} INFO - Started process (PID=397) to work on /opt/airflow/dags/aircraft_alerts_telegram.py
[2025-05-20T19:54:57.433+0000] {processor.py:829} INFO - Processing file /opt/airflow/dags/aircraft_alerts_telegram.py for tasks to queue
[2025-05-20T19:54:57.435+0000] {logging_mixin.py:154} INFO - [2025-05-20T19:54:57.435+0000] {dagbag.py:536} INFO - Filling up the DagBag from /opt/airflow/dags/aircraft_alerts_telegram.py
[2025-05-20T19:54:57.581+0000] {processor.py:839} INFO - DAG(s) dict_keys(['aircraft_alerts_telegram']) retrieved from /opt/airflow/dags/aircraft_alerts_telegram.py
[2025-05-20T19:54:57.623+0000] {logging_mixin.py:154} INFO - [2025-05-20T19:54:57.623+0000] {dag.py:2941} INFO - Sync 1 DAGs
[2025-05-20T19:54:57.653+0000] {logging_mixin.py:154} INFO - [2025-05-20T19:54:57.652+0000] {dag.py:3722} INFO - Setting next_dagrun for aircraft_alerts_telegram to 2025-05-20T18:00:00+00:00, run_after=2025-05-20T19:00:00+00:00
[2025-05-20T19:54:57.673+0000] {processor.py:179} INFO - Processing /opt/airflow/dags/aircraft_alerts_telegram.py took 0.257 seconds
[2025-05-20T19:55:28.044+0000] {processor.py:157} INFO - Started process (PID=409) to work on /opt/airflow/dags/aircraft_alerts_telegram.py
[2025-05-20T19:55:28.046+0000] {processor.py:829} INFO - Processing file /opt/airflow/dags/aircraft_alerts_telegram.py for tasks to queue
[2025-05-20T19:55:28.047+0000] {logging_mixin.py:154} INFO - [2025-05-20T19:55:28.047+0000] {dagbag.py:536} INFO - Filling up the DagBag from /opt/airflow/dags/aircraft_alerts_telegram.py
[2025-05-20T19:55:28.176+0000] {processor.py:839} INFO - DAG(s) dict_keys(['aircraft_alerts_telegram']) retrieved from /opt/airflow/dags/aircraft_alerts_telegram.py
[2025-05-20T19:55:28.206+0000] {logging_mixin.py:154} INFO - [2025-05-20T19:55:28.206+0000] {dag.py:2941} INFO - Sync 1 DAGs
[2025-05-20T19:55:28.223+0000] {logging_mixin.py:154} INFO - [2025-05-20T19:55:28.223+0000] {dag.py:3722} INFO - Setting next_dagrun for aircraft_alerts_telegram to 2025-05-20T18:00:00+00:00, run_after=2025-05-20T19:00:00+00:00
[2025-05-20T19:55:28.232+0000] {processor.py:179} INFO - Processing /opt/airflow/dags/aircraft_alerts_telegram.py took 0.197 seconds
[2025-05-20T19:55:58.487+0000] {processor.py:157} INFO - Started process (PID=421) to work on /opt/airflow/dags/aircraft_alerts_telegram.py
[2025-05-20T19:55:58.489+0000] {processor.py:829} INFO - Processing file /opt/airflow/dags/aircraft_alerts_telegram.py for tasks to queue
[2025-05-20T19:55:58.490+0000] {logging_mixin.py:154} INFO - [2025-05-20T19:55:58.489+0000] {dagbag.py:536} INFO - Filling up the DagBag from /opt/airflow/dags/aircraft_alerts_telegram.py
[2025-05-20T19:55:58.620+0000] {processor.py:839} INFO - DAG(s) dict_keys(['aircraft_alerts_telegram']) retrieved from /opt/airflow/dags/aircraft_alerts_telegram.py
[2025-05-20T19:55:58.658+0000] {logging_mixin.py:154} INFO - [2025-05-20T19:55:58.657+0000] {dag.py:2941} INFO - Sync 1 DAGs
[2025-05-20T19:55:58.679+0000] {logging_mixin.py:154} INFO - [2025-05-20T19:55:58.679+0000] {dag.py:3722} INFO - Setting next_dagrun for aircraft_alerts_telegram to 2025-05-20T18:00:00+00:00, run_after=2025-05-20T19:00:00+00:00
[2025-05-20T19:55:58.692+0000] {processor.py:179} INFO - Processing /opt/airflow/dags/aircraft_alerts_telegram.py took 0.213 seconds
[2025-05-20T19:56:29.027+0000] {processor.py:157} INFO - Started process (PID=433) to work on /opt/airflow/dags/aircraft_alerts_telegram.py
[2025-05-20T19:56:29.030+0000] {processor.py:829} INFO - Processing file /opt/airflow/dags/aircraft_alerts_telegram.py for tasks to queue
[2025-05-20T19:56:29.032+0000] {logging_mixin.py:154} INFO - [2025-05-20T19:56:29.031+0000] {dagbag.py:536} INFO - Filling up the DagBag from /opt/airflow/dags/aircraft_alerts_telegram.py
[2025-05-20T19:56:29.132+0000] {processor.py:839} INFO - DAG(s) dict_keys(['aircraft_alerts_telegram']) retrieved from /opt/airflow/dags/aircraft_alerts_telegram.py
[2025-05-20T19:56:29.152+0000] {logging_mixin.py:154} INFO - [2025-05-20T19:56:29.151+0000] {dag.py:2941} INFO - Sync 1 DAGs
[2025-05-20T19:56:29.167+0000] {logging_mixin.py:154} INFO - [2025-05-20T19:56:29.167+0000] {dag.py:3722} INFO - Setting next_dagrun for aircraft_alerts_telegram to 2025-05-20T18:00:00+00:00, run_after=2025-05-20T19:00:00+00:00
[2025-05-20T19:56:29.177+0000] {processor.py:179} INFO - Processing /opt/airflow/dags/aircraft_alerts_telegram.py took 0.163 seconds
[2025-05-20T19:56:59.518+0000] {processor.py:157} INFO - Started process (PID=445) to work on /opt/airflow/dags/aircraft_alerts_telegram.py
[2025-05-20T19:56:59.519+0000] {processor.py:829} INFO - Processing file /opt/airflow/dags/aircraft_alerts_telegram.py for tasks to queue
[2025-05-20T19:56:59.521+0000] {logging_mixin.py:154} INFO - [2025-05-20T19:56:59.520+0000] {dagbag.py:536} INFO - Filling up the DagBag from /opt/airflow/dags/aircraft_alerts_telegram.py
[2025-05-20T19:56:59.621+0000] {processor.py:839} INFO - DAG(s) dict_keys(['aircraft_alerts_telegram']) retrieved from /opt/airflow/dags/aircraft_alerts_telegram.py
[2025-05-20T19:56:59.644+0000] {logging_mixin.py:154} INFO - [2025-05-20T19:56:59.643+0000] {dag.py:2941} INFO - Sync 1 DAGs
[2025-05-20T19:56:59.662+0000] {logging_mixin.py:154} INFO - [2025-05-20T19:56:59.661+0000] {dag.py:3722} INFO - Setting next_dagrun for aircraft_alerts_telegram to 2025-05-20T18:00:00+00:00, run_after=2025-05-20T19:00:00+00:00
[2025-05-20T19:56:59.672+0000] {processor.py:179} INFO - Processing /opt/airflow/dags/aircraft_alerts_telegram.py took 0.165 seconds
[2025-05-20T19:57:29.715+0000] {processor.py:157} INFO - Started process (PID=457) to work on /opt/airflow/dags/aircraft_alerts_telegram.py
[2025-05-20T19:57:29.717+0000] {processor.py:829} INFO - Processing file /opt/airflow/dags/aircraft_alerts_telegram.py for tasks to queue
[2025-05-20T19:57:29.718+0000] {logging_mixin.py:154} INFO - [2025-05-20T19:57:29.717+0000] {dagbag.py:536} INFO - Filling up the DagBag from /opt/airflow/dags/aircraft_alerts_telegram.py
[2025-05-20T19:57:29.794+0000] {processor.py:839} INFO - DAG(s) dict_keys(['aircraft_alerts_telegram']) retrieved from /opt/airflow/dags/aircraft_alerts_telegram.py
[2025-05-20T19:57:29.808+0000] {logging_mixin.py:154} INFO - [2025-05-20T19:57:29.808+0000] {dag.py:2941} INFO - Sync 1 DAGs
[2025-05-20T19:57:29.821+0000] {logging_mixin.py:154} INFO - [2025-05-20T19:57:29.820+0000] {dag.py:3722} INFO - Setting next_dagrun for aircraft_alerts_telegram to 2025-05-20T18:00:00+00:00, run_after=2025-05-20T19:00:00+00:00
[2025-05-20T19:57:29.829+0000] {processor.py:179} INFO - Processing /opt/airflow/dags/aircraft_alerts_telegram.py took 0.121 seconds
[2025-05-20T19:58:00.144+0000] {processor.py:157} INFO - Started process (PID=469) to work on /opt/airflow/dags/aircraft_alerts_telegram.py
[2025-05-20T19:58:00.146+0000] {processor.py:829} INFO - Processing file /opt/airflow/dags/aircraft_alerts_telegram.py for tasks to queue
[2025-05-20T19:58:00.147+0000] {logging_mixin.py:154} INFO - [2025-05-20T19:58:00.147+0000] {dagbag.py:536} INFO - Filling up the DagBag from /opt/airflow/dags/aircraft_alerts_telegram.py
[2025-05-20T19:58:00.225+0000] {processor.py:839} INFO - DAG(s) dict_keys(['aircraft_alerts_telegram']) retrieved from /opt/airflow/dags/aircraft_alerts_telegram.py
[2025-05-20T19:58:00.246+0000] {logging_mixin.py:154} INFO - [2025-05-20T19:58:00.246+0000] {dag.py:2941} INFO - Sync 1 DAGs
[2025-05-20T19:58:00.263+0000] {logging_mixin.py:154} INFO - [2025-05-20T19:58:00.263+0000] {dag.py:3722} INFO - Setting next_dagrun for aircraft_alerts_telegram to 2025-05-20T18:00:00+00:00, run_after=2025-05-20T19:00:00+00:00
[2025-05-20T19:58:00.274+0000] {processor.py:179} INFO - Processing /opt/airflow/dags/aircraft_alerts_telegram.py took 0.139 seconds
[2025-05-20T19:58:30.581+0000] {processor.py:157} INFO - Started process (PID=481) to work on /opt/airflow/dags/aircraft_alerts_telegram.py
[2025-05-20T19:58:30.584+0000] {processor.py:829} INFO - Processing file /opt/airflow/dags/aircraft_alerts_telegram.py for tasks to queue
[2025-05-20T19:58:30.586+0000] {logging_mixin.py:154} INFO - [2025-05-20T19:58:30.585+0000] {dagbag.py:536} INFO - Filling up the DagBag from /opt/airflow/dags/aircraft_alerts_telegram.py
[2025-05-20T19:58:30.655+0000] {processor.py:839} INFO - DAG(s) dict_keys(['aircraft_alerts_telegram']) retrieved from /opt/airflow/dags/aircraft_alerts_telegram.py
[2025-05-20T19:58:30.670+0000] {logging_mixin.py:154} INFO - [2025-05-20T19:58:30.670+0000] {dag.py:2941} INFO - Sync 1 DAGs
[2025-05-20T19:58:30.681+0000] {logging_mixin.py:154} INFO - [2025-05-20T19:58:30.681+0000] {dag.py:3722} INFO - Setting next_dagrun for aircraft_alerts_telegram to 2025-05-20T18:00:00+00:00, run_after=2025-05-20T19:00:00+00:00
[2025-05-20T19:58:30.689+0000] {processor.py:179} INFO - Processing /opt/airflow/dags/aircraft_alerts_telegram.py took 0.117 seconds
[2025-05-20T19:59:00.947+0000] {processor.py:157} INFO - Started process (PID=493) to work on /opt/airflow/dags/aircraft_alerts_telegram.py
[2025-05-20T19:59:00.955+0000] {processor.py:829} INFO - Processing file /opt/airflow/dags/aircraft_alerts_telegram.py for tasks to queue
[2025-05-20T19:59:00.956+0000] {logging_mixin.py:154} INFO - [2025-05-20T19:59:00.955+0000] {dagbag.py:536} INFO - Filling up the DagBag from /opt/airflow/dags/aircraft_alerts_telegram.py
[2025-05-20T19:59:01.113+0000] {processor.py:839} INFO - DAG(s) dict_keys(['aircraft_alerts_telegram']) retrieved from /opt/airflow/dags/aircraft_alerts_telegram.py
[2025-05-20T19:59:01.155+0000] {logging_mixin.py:154} INFO - [2025-05-20T19:59:01.155+0000] {dag.py:2941} INFO - Sync 1 DAGs
[2025-05-20T19:59:01.176+0000] {logging_mixin.py:154} INFO - [2025-05-20T19:59:01.176+0000] {dag.py:3722} INFO - Setting next_dagrun for aircraft_alerts_telegram to 2025-05-20T18:00:00+00:00, run_after=2025-05-20T19:00:00+00:00
[2025-05-20T19:59:01.188+0000] {processor.py:179} INFO - Processing /opt/airflow/dags/aircraft_alerts_telegram.py took 0.248 seconds
[2025-05-20T19:59:31.510+0000] {processor.py:157} INFO - Started process (PID=505) to work on /opt/airflow/dags/aircraft_alerts_telegram.py
[2025-05-20T19:59:31.514+0000] {processor.py:829} INFO - Processing file /opt/airflow/dags/aircraft_alerts_telegram.py for tasks to queue
[2025-05-20T19:59:31.516+0000] {logging_mixin.py:154} INFO - [2025-05-20T19:59:31.515+0000] {dagbag.py:536} INFO - Filling up the DagBag from /opt/airflow/dags/aircraft_alerts_telegram.py
[2025-05-20T19:59:31.625+0000] {processor.py:839} INFO - DAG(s) dict_keys(['aircraft_alerts_telegram']) retrieved from /opt/airflow/dags/aircraft_alerts_telegram.py
[2025-05-20T19:59:31.650+0000] {logging_mixin.py:154} INFO - [2025-05-20T19:59:31.650+0000] {dag.py:2941} INFO - Sync 1 DAGs
[2025-05-20T19:59:31.667+0000] {logging_mixin.py:154} INFO - [2025-05-20T19:59:31.667+0000] {dag.py:3722} INFO - Setting next_dagrun for aircraft_alerts_telegram to 2025-05-20T18:00:00+00:00, run_after=2025-05-20T19:00:00+00:00
[2025-05-20T19:59:31.680+0000] {processor.py:179} INFO - Processing /opt/airflow/dags/aircraft_alerts_telegram.py took 0.181 seconds
[2025-05-20T20:00:01.992+0000] {processor.py:157} INFO - Started process (PID=517) to work on /opt/airflow/dags/aircraft_alerts_telegram.py
[2025-05-20T20:00:01.994+0000] {processor.py:829} INFO - Processing file /opt/airflow/dags/aircraft_alerts_telegram.py for tasks to queue
[2025-05-20T20:00:01.995+0000] {logging_mixin.py:154} INFO - [2025-05-20T20:00:01.995+0000] {dagbag.py:536} INFO - Filling up the DagBag from /opt/airflow/dags/aircraft_alerts_telegram.py
[2025-05-20T20:00:02.117+0000] {processor.py:839} INFO - DAG(s) dict_keys(['aircraft_alerts_telegram']) retrieved from /opt/airflow/dags/aircraft_alerts_telegram.py
[2025-05-20T20:00:02.145+0000] {logging_mixin.py:154} INFO - [2025-05-20T20:00:02.145+0000] {dag.py:2941} INFO - Sync 1 DAGs
[2025-05-20T20:00:02.163+0000] {logging_mixin.py:154} INFO - [2025-05-20T20:00:02.163+0000] {dag.py:3722} INFO - Setting next_dagrun for aircraft_alerts_telegram to 2025-05-20T19:00:00+00:00, run_after=2025-05-20T20:00:00+00:00
[2025-05-20T20:00:02.176+0000] {processor.py:179} INFO - Processing /opt/airflow/dags/aircraft_alerts_telegram.py took 0.191 seconds
[2025-05-20T20:00:32.462+0000] {processor.py:157} INFO - Started process (PID=529) to work on /opt/airflow/dags/aircraft_alerts_telegram.py
[2025-05-20T20:00:32.464+0000] {processor.py:829} INFO - Processing file /opt/airflow/dags/aircraft_alerts_telegram.py for tasks to queue
[2025-05-20T20:00:32.465+0000] {logging_mixin.py:154} INFO - [2025-05-20T20:00:32.465+0000] {dagbag.py:536} INFO - Filling up the DagBag from /opt/airflow/dags/aircraft_alerts_telegram.py
[2025-05-20T20:00:32.563+0000] {processor.py:839} INFO - DAG(s) dict_keys(['aircraft_alerts_telegram']) retrieved from /opt/airflow/dags/aircraft_alerts_telegram.py
[2025-05-20T20:00:32.588+0000] {logging_mixin.py:154} INFO - [2025-05-20T20:00:32.588+0000] {dag.py:2941} INFO - Sync 1 DAGs
[2025-05-20T20:00:32.607+0000] {logging_mixin.py:154} INFO - [2025-05-20T20:00:32.607+0000] {dag.py:3722} INFO - Setting next_dagrun for aircraft_alerts_telegram to 2025-05-20T19:00:00+00:00, run_after=2025-05-20T20:00:00+00:00
[2025-05-20T20:00:32.620+0000] {processor.py:179} INFO - Processing /opt/airflow/dags/aircraft_alerts_telegram.py took 0.163 seconds
[2025-05-20T20:01:02.925+0000] {processor.py:157} INFO - Started process (PID=541) to work on /opt/airflow/dags/aircraft_alerts_telegram.py
[2025-05-20T20:01:02.927+0000] {processor.py:829} INFO - Processing file /opt/airflow/dags/aircraft_alerts_telegram.py for tasks to queue
[2025-05-20T20:01:02.927+0000] {logging_mixin.py:154} INFO - [2025-05-20T20:01:02.927+0000] {dagbag.py:536} INFO - Filling up the DagBag from /opt/airflow/dags/aircraft_alerts_telegram.py
[2025-05-20T20:01:03.046+0000] {processor.py:839} INFO - DAG(s) dict_keys(['aircraft_alerts_telegram']) retrieved from /opt/airflow/dags/aircraft_alerts_telegram.py
[2025-05-20T20:01:03.075+0000] {logging_mixin.py:154} INFO - [2025-05-20T20:01:03.075+0000] {dag.py:2941} INFO - Sync 1 DAGs
[2025-05-20T20:01:03.095+0000] {logging_mixin.py:154} INFO - [2025-05-20T20:01:03.095+0000] {dag.py:3722} INFO - Setting next_dagrun for aircraft_alerts_telegram to 2025-05-20T19:00:00+00:00, run_after=2025-05-20T20:00:00+00:00
[2025-05-20T20:01:03.106+0000] {processor.py:179} INFO - Processing /opt/airflow/dags/aircraft_alerts_telegram.py took 0.186 seconds
[2025-05-20T20:01:33.390+0000] {processor.py:157} INFO - Started process (PID=553) to work on /opt/airflow/dags/aircraft_alerts_telegram.py
[2025-05-20T20:01:33.392+0000] {processor.py:829} INFO - Processing file /opt/airflow/dags/aircraft_alerts_telegram.py for tasks to queue
[2025-05-20T20:01:33.393+0000] {logging_mixin.py:154} INFO - [2025-05-20T20:01:33.393+0000] {dagbag.py:536} INFO - Filling up the DagBag from /opt/airflow/dags/aircraft_alerts_telegram.py
[2025-05-20T20:01:33.465+0000] {processor.py:839} INFO - DAG(s) dict_keys(['aircraft_alerts_telegram']) retrieved from /opt/airflow/dags/aircraft_alerts_telegram.py
[2025-05-20T20:01:33.481+0000] {logging_mixin.py:154} INFO - [2025-05-20T20:01:33.480+0000] {dag.py:2941} INFO - Sync 1 DAGs
[2025-05-20T20:01:33.493+0000] {logging_mixin.py:154} INFO - [2025-05-20T20:01:33.493+0000] {dag.py:3722} INFO - Setting next_dagrun for aircraft_alerts_telegram to 2025-05-20T19:00:00+00:00, run_after=2025-05-20T20:00:00+00:00
[2025-05-20T20:01:33.503+0000] {processor.py:179} INFO - Processing /opt/airflow/dags/aircraft_alerts_telegram.py took 0.119 seconds
[2025-05-20T20:02:03.640+0000] {processor.py:157} INFO - Started process (PID=565) to work on /opt/airflow/dags/aircraft_alerts_telegram.py
[2025-05-20T20:02:03.642+0000] {processor.py:829} INFO - Processing file /opt/airflow/dags/aircraft_alerts_telegram.py for tasks to queue
[2025-05-20T20:02:03.643+0000] {logging_mixin.py:154} INFO - [2025-05-20T20:02:03.643+0000] {dagbag.py:536} INFO - Filling up the DagBag from /opt/airflow/dags/aircraft_alerts_telegram.py
[2025-05-20T20:02:03.721+0000] {processor.py:839} INFO - DAG(s) dict_keys(['aircraft_alerts_telegram']) retrieved from /opt/airflow/dags/aircraft_alerts_telegram.py
[2025-05-20T20:02:03.739+0000] {logging_mixin.py:154} INFO - [2025-05-20T20:02:03.739+0000] {dag.py:2941} INFO - Sync 1 DAGs
[2025-05-20T20:02:03.751+0000] {logging_mixin.py:154} INFO - [2025-05-20T20:02:03.751+0000] {dag.py:3722} INFO - Setting next_dagrun for aircraft_alerts_telegram to 2025-05-20T19:00:00+00:00, run_after=2025-05-20T20:00:00+00:00
[2025-05-20T20:02:03.760+0000] {processor.py:179} INFO - Processing /opt/airflow/dags/aircraft_alerts_telegram.py took 0.124 seconds
[2025-05-20T20:02:34.032+0000] {processor.py:157} INFO - Started process (PID=577) to work on /opt/airflow/dags/aircraft_alerts_telegram.py
[2025-05-20T20:02:34.033+0000] {processor.py:829} INFO - Processing file /opt/airflow/dags/aircraft_alerts_telegram.py for tasks to queue
[2025-05-20T20:02:34.035+0000] {logging_mixin.py:154} INFO - [2025-05-20T20:02:34.035+0000] {dagbag.py:536} INFO - Filling up the DagBag from /opt/airflow/dags/aircraft_alerts_telegram.py
[2025-05-20T20:02:34.116+0000] {processor.py:839} INFO - DAG(s) dict_keys(['aircraft_alerts_telegram']) retrieved from /opt/airflow/dags/aircraft_alerts_telegram.py
[2025-05-20T20:02:34.132+0000] {logging_mixin.py:154} INFO - [2025-05-20T20:02:34.132+0000] {dag.py:2941} INFO - Sync 1 DAGs
[2025-05-20T20:02:34.145+0000] {logging_mixin.py:154} INFO - [2025-05-20T20:02:34.145+0000] {dag.py:3722} INFO - Setting next_dagrun for aircraft_alerts_telegram to 2025-05-20T19:00:00+00:00, run_after=2025-05-20T20:00:00+00:00
[2025-05-20T20:02:34.154+0000] {processor.py:179} INFO - Processing /opt/airflow/dags/aircraft_alerts_telegram.py took 0.127 seconds
[2025-05-20T20:03:04.417+0000] {processor.py:157} INFO - Started process (PID=589) to work on /opt/airflow/dags/aircraft_alerts_telegram.py
[2025-05-20T20:03:04.419+0000] {processor.py:829} INFO - Processing file /opt/airflow/dags/aircraft_alerts_telegram.py for tasks to queue
[2025-05-20T20:03:04.421+0000] {logging_mixin.py:154} INFO - [2025-05-20T20:03:04.421+0000] {dagbag.py:536} INFO - Filling up the DagBag from /opt/airflow/dags/aircraft_alerts_telegram.py
[2025-05-20T20:03:04.507+0000] {processor.py:839} INFO - DAG(s) dict_keys(['aircraft_alerts_telegram']) retrieved from /opt/airflow/dags/aircraft_alerts_telegram.py
[2025-05-20T20:03:04.531+0000] {logging_mixin.py:154} INFO - [2025-05-20T20:03:04.531+0000] {dag.py:2941} INFO - Sync 1 DAGs
[2025-05-20T20:03:04.545+0000] {logging_mixin.py:154} INFO - [2025-05-20T20:03:04.545+0000] {dag.py:3722} INFO - Setting next_dagrun for aircraft_alerts_telegram to 2025-05-20T19:00:00+00:00, run_after=2025-05-20T20:00:00+00:00
[2025-05-20T20:03:04.557+0000] {processor.py:179} INFO - Processing /opt/airflow/dags/aircraft_alerts_telegram.py took 0.146 seconds
[2025-05-20T20:03:34.799+0000] {processor.py:157} INFO - Started process (PID=601) to work on /opt/airflow/dags/aircraft_alerts_telegram.py
[2025-05-20T20:03:34.800+0000] {processor.py:829} INFO - Processing file /opt/airflow/dags/aircraft_alerts_telegram.py for tasks to queue
[2025-05-20T20:03:34.801+0000] {logging_mixin.py:154} INFO - [2025-05-20T20:03:34.801+0000] {dagbag.py:536} INFO - Filling up the DagBag from /opt/airflow/dags/aircraft_alerts_telegram.py
[2025-05-20T20:03:34.867+0000] {processor.py:839} INFO - DAG(s) dict_keys(['aircraft_alerts_telegram']) retrieved from /opt/airflow/dags/aircraft_alerts_telegram.py
[2025-05-20T20:03:34.884+0000] {logging_mixin.py:154} INFO - [2025-05-20T20:03:34.883+0000] {dag.py:2941} INFO - Sync 1 DAGs
[2025-05-20T20:03:34.895+0000] {logging_mixin.py:154} INFO - [2025-05-20T20:03:34.895+0000] {dag.py:3722} INFO - Setting next_dagrun for aircraft_alerts_telegram to 2025-05-20T19:00:00+00:00, run_after=2025-05-20T20:00:00+00:00
[2025-05-20T20:03:34.904+0000] {processor.py:179} INFO - Processing /opt/airflow/dags/aircraft_alerts_telegram.py took 0.109 seconds
[2025-05-20T20:04:04.942+0000] {processor.py:157} INFO - Started process (PID=613) to work on /opt/airflow/dags/aircraft_alerts_telegram.py
[2025-05-20T20:04:04.944+0000] {processor.py:829} INFO - Processing file /opt/airflow/dags/aircraft_alerts_telegram.py for tasks to queue
[2025-05-20T20:04:04.944+0000] {logging_mixin.py:154} INFO - [2025-05-20T20:04:04.944+0000] {dagbag.py:536} INFO - Filling up the DagBag from /opt/airflow/dags/aircraft_alerts_telegram.py
[2025-05-20T20:04:05.011+0000] {processor.py:839} INFO - DAG(s) dict_keys(['aircraft_alerts_telegram']) retrieved from /opt/airflow/dags/aircraft_alerts_telegram.py
[2025-05-20T20:04:05.027+0000] {logging_mixin.py:154} INFO - [2025-05-20T20:04:05.027+0000] {dag.py:2941} INFO - Sync 1 DAGs
[2025-05-20T20:04:05.040+0000] {logging_mixin.py:154} INFO - [2025-05-20T20:04:05.040+0000] {dag.py:3722} INFO - Setting next_dagrun for aircraft_alerts_telegram to 2025-05-20T19:00:00+00:00, run_after=2025-05-20T20:00:00+00:00
[2025-05-20T20:04:05.049+0000] {processor.py:179} INFO - Processing /opt/airflow/dags/aircraft_alerts_telegram.py took 0.112 seconds
[2025-05-20T20:04:35.085+0000] {processor.py:157} INFO - Started process (PID=625) to work on /opt/airflow/dags/aircraft_alerts_telegram.py
[2025-05-20T20:04:35.088+0000] {processor.py:829} INFO - Processing file /opt/airflow/dags/aircraft_alerts_telegram.py for tasks to queue
[2025-05-20T20:04:35.088+0000] {logging_mixin.py:154} INFO - [2025-05-20T20:04:35.088+0000] {dagbag.py:536} INFO - Filling up the DagBag from /opt/airflow/dags/aircraft_alerts_telegram.py
[2025-05-20T20:04:35.163+0000] {processor.py:839} INFO - DAG(s) dict_keys(['aircraft_alerts_telegram']) retrieved from /opt/airflow/dags/aircraft_alerts_telegram.py
[2025-05-20T20:04:35.177+0000] {logging_mixin.py:154} INFO - [2025-05-20T20:04:35.177+0000] {dag.py:2941} INFO - Sync 1 DAGs
[2025-05-20T20:04:35.189+0000] {logging_mixin.py:154} INFO - [2025-05-20T20:04:35.189+0000] {dag.py:3722} INFO - Setting next_dagrun for aircraft_alerts_telegram to 2025-05-20T19:00:00+00:00, run_after=2025-05-20T20:00:00+00:00
[2025-05-20T20:04:35.197+0000] {processor.py:179} INFO - Processing /opt/airflow/dags/aircraft_alerts_telegram.py took 0.114 seconds
[2025-05-20T20:05:05.312+0000] {processor.py:157} INFO - Started process (PID=637) to work on /opt/airflow/dags/aircraft_alerts_telegram.py
[2025-05-20T20:05:05.313+0000] {processor.py:829} INFO - Processing file /opt/airflow/dags/aircraft_alerts_telegram.py for tasks to queue
[2025-05-20T20:05:05.314+0000] {logging_mixin.py:154} INFO - [2025-05-20T20:05:05.314+0000] {dagbag.py:536} INFO - Filling up the DagBag from /opt/airflow/dags/aircraft_alerts_telegram.py
[2025-05-20T20:05:05.383+0000] {processor.py:839} INFO - DAG(s) dict_keys(['aircraft_alerts_telegram']) retrieved from /opt/airflow/dags/aircraft_alerts_telegram.py
[2025-05-20T20:05:05.398+0000] {logging_mixin.py:154} INFO - [2025-05-20T20:05:05.398+0000] {dag.py:2941} INFO - Sync 1 DAGs
[2025-05-20T20:05:05.408+0000] {logging_mixin.py:154} INFO - [2025-05-20T20:05:05.408+0000] {dag.py:3722} INFO - Setting next_dagrun for aircraft_alerts_telegram to 2025-05-20T19:00:00+00:00, run_after=2025-05-20T20:00:00+00:00
[2025-05-20T20:05:05.419+0000] {processor.py:179} INFO - Processing /opt/airflow/dags/aircraft_alerts_telegram.py took 0.118 seconds
