[2025-05-20T19:45:17.238+0000] {processor.py:157} INFO - Started process (PID=172) to work on /opt/airflow/dags/kafka_to_snowflake.py
[2025-05-20T19:45:17.243+0000] {processor.py:829} INFO - Processing file /opt/airflow/dags/kafka_to_snowflake.py for tasks to queue
[2025-05-20T19:45:17.245+0000] {logging_mixin.py:154} INFO - [2025-05-20T19:45:17.245+0000] {dagbag.py:536} INFO - Filling up the DagBag from /opt/airflow/dags/kafka_to_snowflake.py
[2025-05-20T19:45:18.909+0000] {logging_mixin.py:154} WARNING - /home/airflow/.local/lib/python3.8/site-packages/snowflake/connector/options.py:103 UserWarning: You have an incompatible version of 'pyarrow' installed (11.0.0), please install a version that adheres to: 'pyarrow<10.1.0,>=10.0.1; extra == "pandas"'
[2025-05-20T19:45:19.132+0000] {processor.py:839} INFO - DAG(s) dict_keys(['kafka_to_snowflake']) retrieved from /opt/airflow/dags/kafka_to_snowflake.py
[2025-05-20T19:45:19.254+0000] {logging_mixin.py:154} INFO - [2025-05-20T19:45:19.254+0000] {manager.py:499} INFO - Created Permission View: %s
[2025-05-20T19:45:19.261+0000] {logging_mixin.py:154} INFO - [2025-05-20T19:45:19.260+0000] {manager.py:499} INFO - Created Permission View: %s
[2025-05-20T19:45:19.264+0000] {logging_mixin.py:154} INFO - [2025-05-20T19:45:19.264+0000] {manager.py:499} INFO - Created Permission View: %s
[2025-05-20T19:45:19.265+0000] {logging_mixin.py:154} INFO - [2025-05-20T19:45:19.264+0000] {dag.py:2941} INFO - Sync 1 DAGs
[2025-05-20T19:45:19.276+0000] {logging_mixin.py:154} INFO - [2025-05-20T19:45:19.275+0000] {dag.py:2963} INFO - Creating ORM DAG for kafka_to_snowflake
[2025-05-20T19:45:19.285+0000] {logging_mixin.py:154} INFO - [2025-05-20T19:45:19.285+0000] {dag.py:3722} INFO - Setting next_dagrun for kafka_to_snowflake to 2025-05-20T18:00:00+00:00, run_after=2025-05-20T19:00:00+00:00
[2025-05-20T19:45:19.294+0000] {processor.py:179} INFO - Processing /opt/airflow/dags/kafka_to_snowflake.py took 2.070 seconds
[2025-05-20T19:45:49.590+0000] {processor.py:157} INFO - Started process (PID=186) to work on /opt/airflow/dags/kafka_to_snowflake.py
[2025-05-20T19:45:49.592+0000] {processor.py:829} INFO - Processing file /opt/airflow/dags/kafka_to_snowflake.py for tasks to queue
[2025-05-20T19:45:49.592+0000] {logging_mixin.py:154} INFO - [2025-05-20T19:45:49.592+0000] {dagbag.py:536} INFO - Filling up the DagBag from /opt/airflow/dags/kafka_to_snowflake.py
[2025-05-20T19:45:50.516+0000] {logging_mixin.py:154} WARNING - /home/airflow/.local/lib/python3.8/site-packages/snowflake/connector/options.py:103 UserWarning: You have an incompatible version of 'pyarrow' installed (11.0.0), please install a version that adheres to: 'pyarrow<10.1.0,>=10.0.1; extra == "pandas"'
[2025-05-20T19:45:50.590+0000] {processor.py:839} INFO - DAG(s) dict_keys(['kafka_to_snowflake']) retrieved from /opt/airflow/dags/kafka_to_snowflake.py
[2025-05-20T19:45:50.613+0000] {logging_mixin.py:154} INFO - [2025-05-20T19:45:50.612+0000] {dag.py:2941} INFO - Sync 1 DAGs
[2025-05-20T19:45:50.630+0000] {logging_mixin.py:154} INFO - [2025-05-20T19:45:50.630+0000] {dag.py:3722} INFO - Setting next_dagrun for kafka_to_snowflake to 2025-05-20T18:00:00+00:00, run_after=2025-05-20T19:00:00+00:00
[2025-05-20T19:45:50.645+0000] {processor.py:179} INFO - Processing /opt/airflow/dags/kafka_to_snowflake.py took 1.059 seconds
[2025-05-20T19:46:20.899+0000] {processor.py:157} INFO - Started process (PID=198) to work on /opt/airflow/dags/kafka_to_snowflake.py
[2025-05-20T19:46:20.900+0000] {processor.py:829} INFO - Processing file /opt/airflow/dags/kafka_to_snowflake.py for tasks to queue
[2025-05-20T19:46:20.900+0000] {logging_mixin.py:154} INFO - [2025-05-20T19:46:20.900+0000] {dagbag.py:536} INFO - Filling up the DagBag from /opt/airflow/dags/kafka_to_snowflake.py
[2025-05-20T19:46:21.439+0000] {logging_mixin.py:154} WARNING - /home/airflow/.local/lib/python3.8/site-packages/snowflake/connector/options.py:103 UserWarning: You have an incompatible version of 'pyarrow' installed (11.0.0), please install a version that adheres to: 'pyarrow<10.1.0,>=10.0.1; extra == "pandas"'
[2025-05-20T19:46:21.482+0000] {processor.py:839} INFO - DAG(s) dict_keys(['kafka_to_snowflake']) retrieved from /opt/airflow/dags/kafka_to_snowflake.py
[2025-05-20T19:46:21.498+0000] {logging_mixin.py:154} INFO - [2025-05-20T19:46:21.497+0000] {dag.py:2941} INFO - Sync 1 DAGs
[2025-05-20T19:46:21.511+0000] {logging_mixin.py:154} INFO - [2025-05-20T19:46:21.511+0000] {dag.py:3722} INFO - Setting next_dagrun for kafka_to_snowflake to 2025-05-20T18:00:00+00:00, run_after=2025-05-20T19:00:00+00:00
[2025-05-20T19:46:21.519+0000] {processor.py:179} INFO - Processing /opt/airflow/dags/kafka_to_snowflake.py took 0.635 seconds
[2025-05-20T19:46:51.633+0000] {processor.py:157} INFO - Started process (PID=210) to work on /opt/airflow/dags/kafka_to_snowflake.py
[2025-05-20T19:46:51.635+0000] {processor.py:829} INFO - Processing file /opt/airflow/dags/kafka_to_snowflake.py for tasks to queue
[2025-05-20T19:46:51.636+0000] {logging_mixin.py:154} INFO - [2025-05-20T19:46:51.636+0000] {dagbag.py:536} INFO - Filling up the DagBag from /opt/airflow/dags/kafka_to_snowflake.py
[2025-05-20T19:46:52.294+0000] {logging_mixin.py:154} WARNING - /home/airflow/.local/lib/python3.8/site-packages/snowflake/connector/options.py:103 UserWarning: You have an incompatible version of 'pyarrow' installed (11.0.0), please install a version that adheres to: 'pyarrow<10.1.0,>=10.0.1; extra == "pandas"'
[2025-05-20T19:46:52.341+0000] {processor.py:839} INFO - DAG(s) dict_keys(['kafka_to_snowflake']) retrieved from /opt/airflow/dags/kafka_to_snowflake.py
[2025-05-20T19:46:52.363+0000] {logging_mixin.py:154} INFO - [2025-05-20T19:46:52.363+0000] {dag.py:2941} INFO - Sync 1 DAGs
[2025-05-20T19:46:52.375+0000] {logging_mixin.py:154} INFO - [2025-05-20T19:46:52.375+0000] {dag.py:3722} INFO - Setting next_dagrun for kafka_to_snowflake to 2025-05-20T18:00:00+00:00, run_after=2025-05-20T19:00:00+00:00
[2025-05-20T19:46:52.385+0000] {processor.py:179} INFO - Processing /opt/airflow/dags/kafka_to_snowflake.py took 0.755 seconds
[2025-05-20T19:47:22.763+0000] {processor.py:157} INFO - Started process (PID=222) to work on /opt/airflow/dags/kafka_to_snowflake.py
[2025-05-20T19:47:22.765+0000] {processor.py:829} INFO - Processing file /opt/airflow/dags/kafka_to_snowflake.py for tasks to queue
[2025-05-20T19:47:22.766+0000] {logging_mixin.py:154} INFO - [2025-05-20T19:47:22.766+0000] {dagbag.py:536} INFO - Filling up the DagBag from /opt/airflow/dags/kafka_to_snowflake.py
[2025-05-20T19:47:23.371+0000] {logging_mixin.py:154} WARNING - /home/airflow/.local/lib/python3.8/site-packages/snowflake/connector/options.py:103 UserWarning: You have an incompatible version of 'pyarrow' installed (11.0.0), please install a version that adheres to: 'pyarrow<10.1.0,>=10.0.1; extra == "pandas"'
[2025-05-20T19:47:23.417+0000] {processor.py:839} INFO - DAG(s) dict_keys(['kafka_to_snowflake']) retrieved from /opt/airflow/dags/kafka_to_snowflake.py
[2025-05-20T19:47:23.434+0000] {logging_mixin.py:154} INFO - [2025-05-20T19:47:23.434+0000] {dag.py:2941} INFO - Sync 1 DAGs
[2025-05-20T19:47:23.446+0000] {logging_mixin.py:154} INFO - [2025-05-20T19:47:23.446+0000] {dag.py:3722} INFO - Setting next_dagrun for kafka_to_snowflake to 2025-05-20T18:00:00+00:00, run_after=2025-05-20T19:00:00+00:00
[2025-05-20T19:47:23.455+0000] {processor.py:179} INFO - Processing /opt/airflow/dags/kafka_to_snowflake.py took 0.696 seconds
[2025-05-20T19:47:53.493+0000] {processor.py:157} INFO - Started process (PID=234) to work on /opt/airflow/dags/kafka_to_snowflake.py
[2025-05-20T19:47:53.494+0000] {processor.py:829} INFO - Processing file /opt/airflow/dags/kafka_to_snowflake.py for tasks to queue
[2025-05-20T19:47:53.494+0000] {logging_mixin.py:154} INFO - [2025-05-20T19:47:53.494+0000] {dagbag.py:536} INFO - Filling up the DagBag from /opt/airflow/dags/kafka_to_snowflake.py
[2025-05-20T19:47:54.056+0000] {logging_mixin.py:154} WARNING - /home/airflow/.local/lib/python3.8/site-packages/snowflake/connector/options.py:103 UserWarning: You have an incompatible version of 'pyarrow' installed (11.0.0), please install a version that adheres to: 'pyarrow<10.1.0,>=10.0.1; extra == "pandas"'
[2025-05-20T19:47:54.104+0000] {processor.py:839} INFO - DAG(s) dict_keys(['kafka_to_snowflake']) retrieved from /opt/airflow/dags/kafka_to_snowflake.py
[2025-05-20T19:47:54.118+0000] {logging_mixin.py:154} INFO - [2025-05-20T19:47:54.118+0000] {dag.py:2941} INFO - Sync 1 DAGs
[2025-05-20T19:47:54.128+0000] {logging_mixin.py:154} INFO - [2025-05-20T19:47:54.128+0000] {dag.py:3722} INFO - Setting next_dagrun for kafka_to_snowflake to 2025-05-20T18:00:00+00:00, run_after=2025-05-20T19:00:00+00:00
[2025-05-20T19:47:54.139+0000] {processor.py:179} INFO - Processing /opt/airflow/dags/kafka_to_snowflake.py took 0.649 seconds
[2025-05-20T19:48:24.802+0000] {processor.py:157} INFO - Started process (PID=246) to work on /opt/airflow/dags/kafka_to_snowflake.py
[2025-05-20T19:48:24.803+0000] {processor.py:829} INFO - Processing file /opt/airflow/dags/kafka_to_snowflake.py for tasks to queue
[2025-05-20T19:48:24.804+0000] {logging_mixin.py:154} INFO - [2025-05-20T19:48:24.804+0000] {dagbag.py:536} INFO - Filling up the DagBag from /opt/airflow/dags/kafka_to_snowflake.py
[2025-05-20T19:48:25.340+0000] {logging_mixin.py:154} WARNING - /home/airflow/.local/lib/python3.8/site-packages/snowflake/connector/options.py:103 UserWarning: You have an incompatible version of 'pyarrow' installed (11.0.0), please install a version that adheres to: 'pyarrow<10.1.0,>=10.0.1; extra == "pandas"'
[2025-05-20T19:48:25.391+0000] {processor.py:839} INFO - DAG(s) dict_keys(['kafka_to_snowflake']) retrieved from /opt/airflow/dags/kafka_to_snowflake.py
[2025-05-20T19:48:25.418+0000] {logging_mixin.py:154} INFO - [2025-05-20T19:48:25.418+0000] {dag.py:2941} INFO - Sync 1 DAGs
[2025-05-20T19:48:25.438+0000] {logging_mixin.py:154} INFO - [2025-05-20T19:48:25.438+0000] {dag.py:3722} INFO - Setting next_dagrun for kafka_to_snowflake to 2025-05-20T18:00:00+00:00, run_after=2025-05-20T19:00:00+00:00
[2025-05-20T19:48:25.449+0000] {processor.py:179} INFO - Processing /opt/airflow/dags/kafka_to_snowflake.py took 0.650 seconds
[2025-05-20T19:48:55.656+0000] {processor.py:157} INFO - Started process (PID=258) to work on /opt/airflow/dags/kafka_to_snowflake.py
[2025-05-20T19:48:55.659+0000] {processor.py:829} INFO - Processing file /opt/airflow/dags/kafka_to_snowflake.py for tasks to queue
[2025-05-20T19:48:55.659+0000] {logging_mixin.py:154} INFO - [2025-05-20T19:48:55.659+0000] {dagbag.py:536} INFO - Filling up the DagBag from /opt/airflow/dags/kafka_to_snowflake.py
[2025-05-20T19:48:56.243+0000] {logging_mixin.py:154} WARNING - /home/airflow/.local/lib/python3.8/site-packages/snowflake/connector/options.py:103 UserWarning: You have an incompatible version of 'pyarrow' installed (11.0.0), please install a version that adheres to: 'pyarrow<10.1.0,>=10.0.1; extra == "pandas"'
[2025-05-20T19:48:56.299+0000] {processor.py:839} INFO - DAG(s) dict_keys(['kafka_to_snowflake']) retrieved from /opt/airflow/dags/kafka_to_snowflake.py
[2025-05-20T19:48:56.316+0000] {logging_mixin.py:154} INFO - [2025-05-20T19:48:56.316+0000] {dag.py:2941} INFO - Sync 1 DAGs
[2025-05-20T19:48:56.328+0000] {logging_mixin.py:154} INFO - [2025-05-20T19:48:56.328+0000] {dag.py:3722} INFO - Setting next_dagrun for kafka_to_snowflake to 2025-05-20T18:00:00+00:00, run_after=2025-05-20T19:00:00+00:00
[2025-05-20T19:48:56.339+0000] {processor.py:179} INFO - Processing /opt/airflow/dags/kafka_to_snowflake.py took 0.686 seconds
[2025-05-20T19:49:26.992+0000] {processor.py:157} INFO - Started process (PID=270) to work on /opt/airflow/dags/kafka_to_snowflake.py
[2025-05-20T19:49:26.995+0000] {processor.py:829} INFO - Processing file /opt/airflow/dags/kafka_to_snowflake.py for tasks to queue
[2025-05-20T19:49:26.996+0000] {logging_mixin.py:154} INFO - [2025-05-20T19:49:26.996+0000] {dagbag.py:536} INFO - Filling up the DagBag from /opt/airflow/dags/kafka_to_snowflake.py
[2025-05-20T19:49:27.472+0000] {logging_mixin.py:154} WARNING - /home/airflow/.local/lib/python3.8/site-packages/snowflake/connector/options.py:103 UserWarning: You have an incompatible version of 'pyarrow' installed (11.0.0), please install a version that adheres to: 'pyarrow<10.1.0,>=10.0.1; extra == "pandas"'
[2025-05-20T19:49:27.516+0000] {processor.py:839} INFO - DAG(s) dict_keys(['kafka_to_snowflake']) retrieved from /opt/airflow/dags/kafka_to_snowflake.py
[2025-05-20T19:49:27.528+0000] {logging_mixin.py:154} INFO - [2025-05-20T19:49:27.527+0000] {dag.py:2941} INFO - Sync 1 DAGs
[2025-05-20T19:49:27.539+0000] {logging_mixin.py:154} INFO - [2025-05-20T19:49:27.539+0000] {dag.py:3722} INFO - Setting next_dagrun for kafka_to_snowflake to 2025-05-20T18:00:00+00:00, run_after=2025-05-20T19:00:00+00:00
[2025-05-20T19:49:27.549+0000] {processor.py:179} INFO - Processing /opt/airflow/dags/kafka_to_snowflake.py took 0.561 seconds
[2025-05-20T19:49:57.784+0000] {processor.py:157} INFO - Started process (PID=282) to work on /opt/airflow/dags/kafka_to_snowflake.py
[2025-05-20T19:49:57.786+0000] {processor.py:829} INFO - Processing file /opt/airflow/dags/kafka_to_snowflake.py for tasks to queue
[2025-05-20T19:49:57.787+0000] {logging_mixin.py:154} INFO - [2025-05-20T19:49:57.787+0000] {dagbag.py:536} INFO - Filling up the DagBag from /opt/airflow/dags/kafka_to_snowflake.py
[2025-05-20T19:49:58.319+0000] {logging_mixin.py:154} WARNING - /home/airflow/.local/lib/python3.8/site-packages/snowflake/connector/options.py:103 UserWarning: You have an incompatible version of 'pyarrow' installed (11.0.0), please install a version that adheres to: 'pyarrow<10.1.0,>=10.0.1; extra == "pandas"'
[2025-05-20T19:49:58.371+0000] {processor.py:839} INFO - DAG(s) dict_keys(['kafka_to_snowflake']) retrieved from /opt/airflow/dags/kafka_to_snowflake.py
[2025-05-20T19:49:58.386+0000] {logging_mixin.py:154} INFO - [2025-05-20T19:49:58.386+0000] {dag.py:2941} INFO - Sync 1 DAGs
[2025-05-20T19:49:58.396+0000] {logging_mixin.py:154} INFO - [2025-05-20T19:49:58.396+0000] {dag.py:3722} INFO - Setting next_dagrun for kafka_to_snowflake to 2025-05-20T18:00:00+00:00, run_after=2025-05-20T19:00:00+00:00
[2025-05-20T19:49:58.404+0000] {processor.py:179} INFO - Processing /opt/airflow/dags/kafka_to_snowflake.py took 0.624 seconds
[2025-05-20T19:50:29.154+0000] {processor.py:157} INFO - Started process (PID=294) to work on /opt/airflow/dags/kafka_to_snowflake.py
[2025-05-20T19:50:29.157+0000] {processor.py:829} INFO - Processing file /opt/airflow/dags/kafka_to_snowflake.py for tasks to queue
[2025-05-20T19:50:29.158+0000] {logging_mixin.py:154} INFO - [2025-05-20T19:50:29.158+0000] {dagbag.py:536} INFO - Filling up the DagBag from /opt/airflow/dags/kafka_to_snowflake.py
[2025-05-20T19:50:29.651+0000] {logging_mixin.py:154} WARNING - /home/airflow/.local/lib/python3.8/site-packages/snowflake/connector/options.py:103 UserWarning: You have an incompatible version of 'pyarrow' installed (11.0.0), please install a version that adheres to: 'pyarrow<10.1.0,>=10.0.1; extra == "pandas"'
[2025-05-20T19:50:29.694+0000] {processor.py:839} INFO - DAG(s) dict_keys(['kafka_to_snowflake']) retrieved from /opt/airflow/dags/kafka_to_snowflake.py
[2025-05-20T19:50:29.707+0000] {logging_mixin.py:154} INFO - [2025-05-20T19:50:29.707+0000] {dag.py:2941} INFO - Sync 1 DAGs
[2025-05-20T19:50:29.717+0000] {logging_mixin.py:154} INFO - [2025-05-20T19:50:29.717+0000] {dag.py:3722} INFO - Setting next_dagrun for kafka_to_snowflake to 2025-05-20T18:00:00+00:00, run_after=2025-05-20T19:00:00+00:00
[2025-05-20T19:50:29.726+0000] {processor.py:179} INFO - Processing /opt/airflow/dags/kafka_to_snowflake.py took 0.578 seconds
[2025-05-20T19:50:59.935+0000] {processor.py:157} INFO - Started process (PID=306) to work on /opt/airflow/dags/kafka_to_snowflake.py
[2025-05-20T19:50:59.938+0000] {processor.py:829} INFO - Processing file /opt/airflow/dags/kafka_to_snowflake.py for tasks to queue
[2025-05-20T19:50:59.939+0000] {logging_mixin.py:154} INFO - [2025-05-20T19:50:59.939+0000] {dagbag.py:536} INFO - Filling up the DagBag from /opt/airflow/dags/kafka_to_snowflake.py
[2025-05-20T19:51:00.512+0000] {logging_mixin.py:154} WARNING - /home/airflow/.local/lib/python3.8/site-packages/snowflake/connector/options.py:103 UserWarning: You have an incompatible version of 'pyarrow' installed (11.0.0), please install a version that adheres to: 'pyarrow<10.1.0,>=10.0.1; extra == "pandas"'
[2025-05-20T19:51:00.569+0000] {processor.py:839} INFO - DAG(s) dict_keys(['kafka_to_snowflake']) retrieved from /opt/airflow/dags/kafka_to_snowflake.py
[2025-05-20T19:51:00.582+0000] {logging_mixin.py:154} INFO - [2025-05-20T19:51:00.582+0000] {dag.py:2941} INFO - Sync 1 DAGs
[2025-05-20T19:51:00.593+0000] {logging_mixin.py:154} INFO - [2025-05-20T19:51:00.592+0000] {dag.py:3722} INFO - Setting next_dagrun for kafka_to_snowflake to 2025-05-20T18:00:00+00:00, run_after=2025-05-20T19:00:00+00:00
[2025-05-20T19:51:00.601+0000] {processor.py:179} INFO - Processing /opt/airflow/dags/kafka_to_snowflake.py took 0.682 seconds
[2025-05-20T19:51:31.266+0000] {processor.py:157} INFO - Started process (PID=318) to work on /opt/airflow/dags/kafka_to_snowflake.py
[2025-05-20T19:51:31.267+0000] {processor.py:829} INFO - Processing file /opt/airflow/dags/kafka_to_snowflake.py for tasks to queue
[2025-05-20T19:51:31.268+0000] {logging_mixin.py:154} INFO - [2025-05-20T19:51:31.268+0000] {dagbag.py:536} INFO - Filling up the DagBag from /opt/airflow/dags/kafka_to_snowflake.py
[2025-05-20T19:51:31.894+0000] {logging_mixin.py:154} WARNING - /home/airflow/.local/lib/python3.8/site-packages/snowflake/connector/options.py:103 UserWarning: You have an incompatible version of 'pyarrow' installed (11.0.0), please install a version that adheres to: 'pyarrow<10.1.0,>=10.0.1; extra == "pandas"'
[2025-05-20T19:51:31.943+0000] {processor.py:839} INFO - DAG(s) dict_keys(['kafka_to_snowflake']) retrieved from /opt/airflow/dags/kafka_to_snowflake.py
[2025-05-20T19:51:31.963+0000] {logging_mixin.py:154} INFO - [2025-05-20T19:51:31.963+0000] {dag.py:2941} INFO - Sync 1 DAGs
[2025-05-20T19:51:31.978+0000] {logging_mixin.py:154} INFO - [2025-05-20T19:51:31.978+0000] {dag.py:3722} INFO - Setting next_dagrun for kafka_to_snowflake to 2025-05-20T18:00:00+00:00, run_after=2025-05-20T19:00:00+00:00
[2025-05-20T19:51:31.988+0000] {processor.py:179} INFO - Processing /opt/airflow/dags/kafka_to_snowflake.py took 0.727 seconds
[2025-05-20T19:52:02.032+0000] {processor.py:157} INFO - Started process (PID=330) to work on /opt/airflow/dags/kafka_to_snowflake.py
[2025-05-20T19:52:02.035+0000] {processor.py:829} INFO - Processing file /opt/airflow/dags/kafka_to_snowflake.py for tasks to queue
[2025-05-20T19:52:02.035+0000] {logging_mixin.py:154} INFO - [2025-05-20T19:52:02.035+0000] {dagbag.py:536} INFO - Filling up the DagBag from /opt/airflow/dags/kafka_to_snowflake.py
[2025-05-20T19:52:02.615+0000] {logging_mixin.py:154} WARNING - /home/airflow/.local/lib/python3.8/site-packages/snowflake/connector/options.py:103 UserWarning: You have an incompatible version of 'pyarrow' installed (11.0.0), please install a version that adheres to: 'pyarrow<10.1.0,>=10.0.1; extra == "pandas"'
[2025-05-20T19:52:02.685+0000] {processor.py:839} INFO - DAG(s) dict_keys(['kafka_to_snowflake']) retrieved from /opt/airflow/dags/kafka_to_snowflake.py
[2025-05-20T19:52:02.699+0000] {logging_mixin.py:154} INFO - [2025-05-20T19:52:02.699+0000] {dag.py:2941} INFO - Sync 1 DAGs
[2025-05-20T19:52:02.709+0000] {logging_mixin.py:154} INFO - [2025-05-20T19:52:02.709+0000] {dag.py:3722} INFO - Setting next_dagrun for kafka_to_snowflake to 2025-05-20T18:00:00+00:00, run_after=2025-05-20T19:00:00+00:00
[2025-05-20T19:52:02.717+0000] {processor.py:179} INFO - Processing /opt/airflow/dags/kafka_to_snowflake.py took 0.689 seconds
[2025-05-20T19:52:33.347+0000] {processor.py:157} INFO - Started process (PID=342) to work on /opt/airflow/dags/kafka_to_snowflake.py
[2025-05-20T19:52:33.348+0000] {processor.py:829} INFO - Processing file /opt/airflow/dags/kafka_to_snowflake.py for tasks to queue
[2025-05-20T19:52:33.349+0000] {logging_mixin.py:154} INFO - [2025-05-20T19:52:33.349+0000] {dagbag.py:536} INFO - Filling up the DagBag from /opt/airflow/dags/kafka_to_snowflake.py
[2025-05-20T19:52:33.866+0000] {logging_mixin.py:154} WARNING - /home/airflow/.local/lib/python3.8/site-packages/snowflake/connector/options.py:103 UserWarning: You have an incompatible version of 'pyarrow' installed (11.0.0), please install a version that adheres to: 'pyarrow<10.1.0,>=10.0.1; extra == "pandas"'
[2025-05-20T19:52:33.914+0000] {processor.py:839} INFO - DAG(s) dict_keys(['kafka_to_snowflake']) retrieved from /opt/airflow/dags/kafka_to_snowflake.py
[2025-05-20T19:52:33.925+0000] {logging_mixin.py:154} INFO - [2025-05-20T19:52:33.925+0000] {dag.py:2941} INFO - Sync 1 DAGs
[2025-05-20T19:52:33.935+0000] {logging_mixin.py:154} INFO - [2025-05-20T19:52:33.935+0000] {dag.py:3722} INFO - Setting next_dagrun for kafka_to_snowflake to 2025-05-20T18:00:00+00:00, run_after=2025-05-20T19:00:00+00:00
[2025-05-20T19:52:33.943+0000] {processor.py:179} INFO - Processing /opt/airflow/dags/kafka_to_snowflake.py took 0.599 seconds
[2025-05-20T19:53:04.092+0000] {processor.py:157} INFO - Started process (PID=354) to work on /opt/airflow/dags/kafka_to_snowflake.py
[2025-05-20T19:53:04.096+0000] {processor.py:829} INFO - Processing file /opt/airflow/dags/kafka_to_snowflake.py for tasks to queue
[2025-05-20T19:53:04.102+0000] {logging_mixin.py:154} INFO - [2025-05-20T19:53:04.100+0000] {dagbag.py:536} INFO - Filling up the DagBag from /opt/airflow/dags/kafka_to_snowflake.py
[2025-05-20T19:53:04.774+0000] {logging_mixin.py:154} WARNING - /home/airflow/.local/lib/python3.8/site-packages/snowflake/connector/options.py:103 UserWarning: You have an incompatible version of 'pyarrow' installed (11.0.0), please install a version that adheres to: 'pyarrow<10.1.0,>=10.0.1; extra == "pandas"'
[2025-05-20T19:53:04.828+0000] {processor.py:839} INFO - DAG(s) dict_keys(['kafka_to_snowflake']) retrieved from /opt/airflow/dags/kafka_to_snowflake.py
[2025-05-20T19:53:04.847+0000] {logging_mixin.py:154} INFO - [2025-05-20T19:53:04.847+0000] {dag.py:2941} INFO - Sync 1 DAGs
[2025-05-20T19:53:04.858+0000] {logging_mixin.py:154} INFO - [2025-05-20T19:53:04.858+0000] {dag.py:3722} INFO - Setting next_dagrun for kafka_to_snowflake to 2025-05-20T18:00:00+00:00, run_after=2025-05-20T19:00:00+00:00
[2025-05-20T19:53:04.869+0000] {processor.py:179} INFO - Processing /opt/airflow/dags/kafka_to_snowflake.py took 0.783 seconds
[2025-05-20T19:53:35.303+0000] {processor.py:157} INFO - Started process (PID=366) to work on /opt/airflow/dags/kafka_to_snowflake.py
[2025-05-20T19:53:35.304+0000] {processor.py:829} INFO - Processing file /opt/airflow/dags/kafka_to_snowflake.py for tasks to queue
[2025-05-20T19:53:35.305+0000] {logging_mixin.py:154} INFO - [2025-05-20T19:53:35.305+0000] {dagbag.py:536} INFO - Filling up the DagBag from /opt/airflow/dags/kafka_to_snowflake.py
[2025-05-20T19:53:35.651+0000] {logging_mixin.py:154} WARNING - /home/airflow/.local/lib/python3.8/site-packages/snowflake/connector/options.py:103 UserWarning: You have an incompatible version of 'pyarrow' installed (11.0.0), please install a version that adheres to: 'pyarrow<10.1.0,>=10.0.1; extra == "pandas"'
[2025-05-20T19:53:35.686+0000] {processor.py:839} INFO - DAG(s) dict_keys(['kafka_to_snowflake']) retrieved from /opt/airflow/dags/kafka_to_snowflake.py
[2025-05-20T19:53:35.696+0000] {logging_mixin.py:154} INFO - [2025-05-20T19:53:35.696+0000] {dag.py:2941} INFO - Sync 1 DAGs
[2025-05-20T19:53:35.705+0000] {logging_mixin.py:154} INFO - [2025-05-20T19:53:35.705+0000] {dag.py:3722} INFO - Setting next_dagrun for kafka_to_snowflake to 2025-05-20T18:00:00+00:00, run_after=2025-05-20T19:00:00+00:00
[2025-05-20T19:53:35.713+0000] {processor.py:179} INFO - Processing /opt/airflow/dags/kafka_to_snowflake.py took 0.415 seconds
[2025-05-20T19:54:05.834+0000] {processor.py:157} INFO - Started process (PID=378) to work on /opt/airflow/dags/kafka_to_snowflake.py
[2025-05-20T19:54:05.835+0000] {processor.py:829} INFO - Processing file /opt/airflow/dags/kafka_to_snowflake.py for tasks to queue
[2025-05-20T19:54:05.836+0000] {logging_mixin.py:154} INFO - [2025-05-20T19:54:05.836+0000] {dagbag.py:536} INFO - Filling up the DagBag from /opt/airflow/dags/kafka_to_snowflake.py
[2025-05-20T19:54:06.396+0000] {logging_mixin.py:154} WARNING - /home/airflow/.local/lib/python3.8/site-packages/snowflake/connector/options.py:103 UserWarning: You have an incompatible version of 'pyarrow' installed (11.0.0), please install a version that adheres to: 'pyarrow<10.1.0,>=10.0.1; extra == "pandas"'
[2025-05-20T19:54:06.444+0000] {processor.py:839} INFO - DAG(s) dict_keys(['kafka_to_snowflake']) retrieved from /opt/airflow/dags/kafka_to_snowflake.py
[2025-05-20T19:54:06.458+0000] {logging_mixin.py:154} INFO - [2025-05-20T19:54:06.457+0000] {dag.py:2941} INFO - Sync 1 DAGs
[2025-05-20T19:54:06.467+0000] {logging_mixin.py:154} INFO - [2025-05-20T19:54:06.467+0000] {dag.py:3722} INFO - Setting next_dagrun for kafka_to_snowflake to 2025-05-20T18:00:00+00:00, run_after=2025-05-20T19:00:00+00:00
[2025-05-20T19:54:06.476+0000] {processor.py:179} INFO - Processing /opt/airflow/dags/kafka_to_snowflake.py took 0.646 seconds
[2025-05-20T19:54:37.057+0000] {processor.py:157} INFO - Started process (PID=390) to work on /opt/airflow/dags/kafka_to_snowflake.py
[2025-05-20T19:54:37.059+0000] {processor.py:829} INFO - Processing file /opt/airflow/dags/kafka_to_snowflake.py for tasks to queue
[2025-05-20T19:54:37.060+0000] {logging_mixin.py:154} INFO - [2025-05-20T19:54:37.060+0000] {dagbag.py:536} INFO - Filling up the DagBag from /opt/airflow/dags/kafka_to_snowflake.py
[2025-05-20T19:54:37.573+0000] {logging_mixin.py:154} WARNING - /home/airflow/.local/lib/python3.8/site-packages/snowflake/connector/options.py:103 UserWarning: You have an incompatible version of 'pyarrow' installed (11.0.0), please install a version that adheres to: 'pyarrow<10.1.0,>=10.0.1; extra == "pandas"'
[2025-05-20T19:54:37.626+0000] {processor.py:839} INFO - DAG(s) dict_keys(['kafka_to_snowflake']) retrieved from /opt/airflow/dags/kafka_to_snowflake.py
[2025-05-20T19:54:37.641+0000] {logging_mixin.py:154} INFO - [2025-05-20T19:54:37.640+0000] {dag.py:2941} INFO - Sync 1 DAGs
[2025-05-20T19:54:37.651+0000] {logging_mixin.py:154} INFO - [2025-05-20T19:54:37.651+0000] {dag.py:3722} INFO - Setting next_dagrun for kafka_to_snowflake to 2025-05-20T18:00:00+00:00, run_after=2025-05-20T19:00:00+00:00
[2025-05-20T19:54:37.659+0000] {processor.py:179} INFO - Processing /opt/airflow/dags/kafka_to_snowflake.py took 0.607 seconds
[2025-05-20T19:55:07.793+0000] {processor.py:157} INFO - Started process (PID=402) to work on /opt/airflow/dags/kafka_to_snowflake.py
[2025-05-20T19:55:07.794+0000] {processor.py:829} INFO - Processing file /opt/airflow/dags/kafka_to_snowflake.py for tasks to queue
[2025-05-20T19:55:07.795+0000] {logging_mixin.py:154} INFO - [2025-05-20T19:55:07.795+0000] {dagbag.py:536} INFO - Filling up the DagBag from /opt/airflow/dags/kafka_to_snowflake.py
[2025-05-20T19:55:08.353+0000] {logging_mixin.py:154} WARNING - /home/airflow/.local/lib/python3.8/site-packages/snowflake/connector/options.py:103 UserWarning: You have an incompatible version of 'pyarrow' installed (11.0.0), please install a version that adheres to: 'pyarrow<10.1.0,>=10.0.1; extra == "pandas"'
[2025-05-20T19:55:08.399+0000] {processor.py:839} INFO - DAG(s) dict_keys(['kafka_to_snowflake']) retrieved from /opt/airflow/dags/kafka_to_snowflake.py
[2025-05-20T19:55:08.414+0000] {logging_mixin.py:154} INFO - [2025-05-20T19:55:08.413+0000] {dag.py:2941} INFO - Sync 1 DAGs
[2025-05-20T19:55:08.426+0000] {logging_mixin.py:154} INFO - [2025-05-20T19:55:08.426+0000] {dag.py:3722} INFO - Setting next_dagrun for kafka_to_snowflake to 2025-05-20T18:00:00+00:00, run_after=2025-05-20T19:00:00+00:00
[2025-05-20T19:55:08.435+0000] {processor.py:179} INFO - Processing /opt/airflow/dags/kafka_to_snowflake.py took 0.646 seconds
[2025-05-20T19:55:39.171+0000] {processor.py:157} INFO - Started process (PID=414) to work on /opt/airflow/dags/kafka_to_snowflake.py
[2025-05-20T19:55:39.174+0000] {processor.py:829} INFO - Processing file /opt/airflow/dags/kafka_to_snowflake.py for tasks to queue
[2025-05-20T19:55:39.176+0000] {logging_mixin.py:154} INFO - [2025-05-20T19:55:39.175+0000] {dagbag.py:536} INFO - Filling up the DagBag from /opt/airflow/dags/kafka_to_snowflake.py
[2025-05-20T19:55:39.763+0000] {logging_mixin.py:154} WARNING - /home/airflow/.local/lib/python3.8/site-packages/snowflake/connector/options.py:103 UserWarning: You have an incompatible version of 'pyarrow' installed (11.0.0), please install a version that adheres to: 'pyarrow<10.1.0,>=10.0.1; extra == "pandas"'
[2025-05-20T19:55:39.812+0000] {processor.py:839} INFO - DAG(s) dict_keys(['kafka_to_snowflake']) retrieved from /opt/airflow/dags/kafka_to_snowflake.py
[2025-05-20T19:55:39.829+0000] {logging_mixin.py:154} INFO - [2025-05-20T19:55:39.829+0000] {dag.py:2941} INFO - Sync 1 DAGs
[2025-05-20T19:55:39.839+0000] {logging_mixin.py:154} INFO - [2025-05-20T19:55:39.839+0000] {dag.py:3722} INFO - Setting next_dagrun for kafka_to_snowflake to 2025-05-20T18:00:00+00:00, run_after=2025-05-20T19:00:00+00:00
[2025-05-20T19:55:39.849+0000] {processor.py:179} INFO - Processing /opt/airflow/dags/kafka_to_snowflake.py took 0.684 seconds
[2025-05-20T19:56:10.599+0000] {processor.py:157} INFO - Started process (PID=426) to work on /opt/airflow/dags/kafka_to_snowflake.py
[2025-05-20T19:56:10.600+0000] {processor.py:829} INFO - Processing file /opt/airflow/dags/kafka_to_snowflake.py for tasks to queue
[2025-05-20T19:56:10.601+0000] {logging_mixin.py:154} INFO - [2025-05-20T19:56:10.601+0000] {dagbag.py:536} INFO - Filling up the DagBag from /opt/airflow/dags/kafka_to_snowflake.py
[2025-05-20T19:56:11.172+0000] {logging_mixin.py:154} WARNING - /home/airflow/.local/lib/python3.8/site-packages/snowflake/connector/options.py:103 UserWarning: You have an incompatible version of 'pyarrow' installed (11.0.0), please install a version that adheres to: 'pyarrow<10.1.0,>=10.0.1; extra == "pandas"'
[2025-05-20T19:56:11.218+0000] {processor.py:839} INFO - DAG(s) dict_keys(['kafka_to_snowflake']) retrieved from /opt/airflow/dags/kafka_to_snowflake.py
[2025-05-20T19:56:11.236+0000] {logging_mixin.py:154} INFO - [2025-05-20T19:56:11.235+0000] {dag.py:2941} INFO - Sync 1 DAGs
[2025-05-20T19:56:11.247+0000] {logging_mixin.py:154} INFO - [2025-05-20T19:56:11.247+0000] {dag.py:3722} INFO - Setting next_dagrun for kafka_to_snowflake to 2025-05-20T18:00:00+00:00, run_after=2025-05-20T19:00:00+00:00
[2025-05-20T19:56:11.256+0000] {processor.py:179} INFO - Processing /opt/airflow/dags/kafka_to_snowflake.py took 0.660 seconds
[2025-05-20T19:56:41.302+0000] {processor.py:157} INFO - Started process (PID=438) to work on /opt/airflow/dags/kafka_to_snowflake.py
[2025-05-20T19:56:41.305+0000] {processor.py:829} INFO - Processing file /opt/airflow/dags/kafka_to_snowflake.py for tasks to queue
[2025-05-20T19:56:41.306+0000] {logging_mixin.py:154} INFO - [2025-05-20T19:56:41.305+0000] {dagbag.py:536} INFO - Filling up the DagBag from /opt/airflow/dags/kafka_to_snowflake.py
[2025-05-20T19:56:41.666+0000] {logging_mixin.py:154} WARNING - /home/airflow/.local/lib/python3.8/site-packages/snowflake/connector/options.py:103 UserWarning: You have an incompatible version of 'pyarrow' installed (11.0.0), please install a version that adheres to: 'pyarrow<10.1.0,>=10.0.1; extra == "pandas"'
[2025-05-20T19:56:41.697+0000] {processor.py:839} INFO - DAG(s) dict_keys(['kafka_to_snowflake']) retrieved from /opt/airflow/dags/kafka_to_snowflake.py
[2025-05-20T19:56:41.709+0000] {logging_mixin.py:154} INFO - [2025-05-20T19:56:41.709+0000] {dag.py:2941} INFO - Sync 1 DAGs
[2025-05-20T19:56:41.719+0000] {logging_mixin.py:154} INFO - [2025-05-20T19:56:41.719+0000] {dag.py:3722} INFO - Setting next_dagrun for kafka_to_snowflake to 2025-05-20T18:00:00+00:00, run_after=2025-05-20T19:00:00+00:00
[2025-05-20T19:56:41.727+0000] {processor.py:179} INFO - Processing /opt/airflow/dags/kafka_to_snowflake.py took 0.434 seconds
[2025-05-20T19:57:11.797+0000] {processor.py:157} INFO - Started process (PID=450) to work on /opt/airflow/dags/kafka_to_snowflake.py
[2025-05-20T19:57:11.797+0000] {processor.py:829} INFO - Processing file /opt/airflow/dags/kafka_to_snowflake.py for tasks to queue
[2025-05-20T19:57:11.798+0000] {logging_mixin.py:154} INFO - [2025-05-20T19:57:11.798+0000] {dagbag.py:536} INFO - Filling up the DagBag from /opt/airflow/dags/kafka_to_snowflake.py
[2025-05-20T19:57:12.401+0000] {logging_mixin.py:154} WARNING - /home/airflow/.local/lib/python3.8/site-packages/snowflake/connector/options.py:103 UserWarning: You have an incompatible version of 'pyarrow' installed (11.0.0), please install a version that adheres to: 'pyarrow<10.1.0,>=10.0.1; extra == "pandas"'
[2025-05-20T19:57:12.448+0000] {processor.py:839} INFO - DAG(s) dict_keys(['kafka_to_snowflake']) retrieved from /opt/airflow/dags/kafka_to_snowflake.py
[2025-05-20T19:57:12.469+0000] {logging_mixin.py:154} INFO - [2025-05-20T19:57:12.468+0000] {dag.py:2941} INFO - Sync 1 DAGs
[2025-05-20T19:57:12.479+0000] {logging_mixin.py:154} INFO - [2025-05-20T19:57:12.479+0000] {dag.py:3722} INFO - Setting next_dagrun for kafka_to_snowflake to 2025-05-20T18:00:00+00:00, run_after=2025-05-20T19:00:00+00:00
[2025-05-20T19:57:12.488+0000] {processor.py:179} INFO - Processing /opt/airflow/dags/kafka_to_snowflake.py took 0.694 seconds
[2025-05-20T19:57:42.845+0000] {processor.py:157} INFO - Started process (PID=462) to work on /opt/airflow/dags/kafka_to_snowflake.py
[2025-05-20T19:57:42.849+0000] {processor.py:829} INFO - Processing file /opt/airflow/dags/kafka_to_snowflake.py for tasks to queue
[2025-05-20T19:57:42.851+0000] {logging_mixin.py:154} INFO - [2025-05-20T19:57:42.850+0000] {dagbag.py:536} INFO - Filling up the DagBag from /opt/airflow/dags/kafka_to_snowflake.py
[2025-05-20T19:57:43.350+0000] {logging_mixin.py:154} WARNING - /home/airflow/.local/lib/python3.8/site-packages/snowflake/connector/options.py:103 UserWarning: You have an incompatible version of 'pyarrow' installed (11.0.0), please install a version that adheres to: 'pyarrow<10.1.0,>=10.0.1; extra == "pandas"'
[2025-05-20T19:57:43.392+0000] {processor.py:839} INFO - DAG(s) dict_keys(['kafka_to_snowflake']) retrieved from /opt/airflow/dags/kafka_to_snowflake.py
[2025-05-20T19:57:43.406+0000] {logging_mixin.py:154} INFO - [2025-05-20T19:57:43.406+0000] {dag.py:2941} INFO - Sync 1 DAGs
[2025-05-20T19:57:43.421+0000] {logging_mixin.py:154} INFO - [2025-05-20T19:57:43.421+0000] {dag.py:3722} INFO - Setting next_dagrun for kafka_to_snowflake to 2025-05-20T18:00:00+00:00, run_after=2025-05-20T19:00:00+00:00
[2025-05-20T19:57:43.429+0000] {processor.py:179} INFO - Processing /opt/airflow/dags/kafka_to_snowflake.py took 0.591 seconds
[2025-05-20T19:58:14.270+0000] {processor.py:157} INFO - Started process (PID=474) to work on /opt/airflow/dags/kafka_to_snowflake.py
[2025-05-20T19:58:14.273+0000] {processor.py:829} INFO - Processing file /opt/airflow/dags/kafka_to_snowflake.py for tasks to queue
[2025-05-20T19:58:14.274+0000] {logging_mixin.py:154} INFO - [2025-05-20T19:58:14.274+0000] {dagbag.py:536} INFO - Filling up the DagBag from /opt/airflow/dags/kafka_to_snowflake.py
[2025-05-20T19:58:14.978+0000] {logging_mixin.py:154} WARNING - /home/airflow/.local/lib/python3.8/site-packages/snowflake/connector/options.py:103 UserWarning: You have an incompatible version of 'pyarrow' installed (11.0.0), please install a version that adheres to: 'pyarrow<10.1.0,>=10.0.1; extra == "pandas"'
[2025-05-20T19:58:15.031+0000] {processor.py:839} INFO - DAG(s) dict_keys(['kafka_to_snowflake']) retrieved from /opt/airflow/dags/kafka_to_snowflake.py
[2025-05-20T19:58:15.052+0000] {logging_mixin.py:154} INFO - [2025-05-20T19:58:15.052+0000] {dag.py:2941} INFO - Sync 1 DAGs
[2025-05-20T19:58:15.064+0000] {logging_mixin.py:154} INFO - [2025-05-20T19:58:15.064+0000] {dag.py:3722} INFO - Setting next_dagrun for kafka_to_snowflake to 2025-05-20T18:00:00+00:00, run_after=2025-05-20T19:00:00+00:00
[2025-05-20T19:58:15.076+0000] {processor.py:179} INFO - Processing /opt/airflow/dags/kafka_to_snowflake.py took 0.814 seconds
[2025-05-20T19:58:45.769+0000] {processor.py:157} INFO - Started process (PID=486) to work on /opt/airflow/dags/kafka_to_snowflake.py
[2025-05-20T19:58:45.772+0000] {processor.py:829} INFO - Processing file /opt/airflow/dags/kafka_to_snowflake.py for tasks to queue
[2025-05-20T19:58:45.773+0000] {logging_mixin.py:154} INFO - [2025-05-20T19:58:45.772+0000] {dagbag.py:536} INFO - Filling up the DagBag from /opt/airflow/dags/kafka_to_snowflake.py
[2025-05-20T19:58:46.562+0000] {logging_mixin.py:154} WARNING - /home/airflow/.local/lib/python3.8/site-packages/snowflake/connector/options.py:103 UserWarning: You have an incompatible version of 'pyarrow' installed (11.0.0), please install a version that adheres to: 'pyarrow<10.1.0,>=10.0.1; extra == "pandas"'
[2025-05-20T19:58:46.620+0000] {processor.py:839} INFO - DAG(s) dict_keys(['kafka_to_snowflake']) retrieved from /opt/airflow/dags/kafka_to_snowflake.py
[2025-05-20T19:58:46.636+0000] {logging_mixin.py:154} INFO - [2025-05-20T19:58:46.636+0000] {dag.py:2941} INFO - Sync 1 DAGs
[2025-05-20T19:58:46.648+0000] {logging_mixin.py:154} INFO - [2025-05-20T19:58:46.648+0000] {dag.py:3722} INFO - Setting next_dagrun for kafka_to_snowflake to 2025-05-20T18:00:00+00:00, run_after=2025-05-20T19:00:00+00:00
[2025-05-20T19:58:46.660+0000] {processor.py:179} INFO - Processing /opt/airflow/dags/kafka_to_snowflake.py took 0.903 seconds
[2025-05-20T19:59:17.131+0000] {processor.py:157} INFO - Started process (PID=498) to work on /opt/airflow/dags/kafka_to_snowflake.py
[2025-05-20T19:59:17.133+0000] {processor.py:829} INFO - Processing file /opt/airflow/dags/kafka_to_snowflake.py for tasks to queue
[2025-05-20T19:59:17.134+0000] {logging_mixin.py:154} INFO - [2025-05-20T19:59:17.134+0000] {dagbag.py:536} INFO - Filling up the DagBag from /opt/airflow/dags/kafka_to_snowflake.py
[2025-05-20T19:59:17.774+0000] {logging_mixin.py:154} WARNING - /home/airflow/.local/lib/python3.8/site-packages/snowflake/connector/options.py:103 UserWarning: You have an incompatible version of 'pyarrow' installed (11.0.0), please install a version that adheres to: 'pyarrow<10.1.0,>=10.0.1; extra == "pandas"'
[2025-05-20T19:59:17.825+0000] {processor.py:839} INFO - DAG(s) dict_keys(['kafka_to_snowflake']) retrieved from /opt/airflow/dags/kafka_to_snowflake.py
[2025-05-20T19:59:17.843+0000] {logging_mixin.py:154} INFO - [2025-05-20T19:59:17.842+0000] {dag.py:2941} INFO - Sync 1 DAGs
[2025-05-20T19:59:17.854+0000] {logging_mixin.py:154} INFO - [2025-05-20T19:59:17.854+0000] {dag.py:3722} INFO - Setting next_dagrun for kafka_to_snowflake to 2025-05-20T18:00:00+00:00, run_after=2025-05-20T19:00:00+00:00
[2025-05-20T19:59:17.863+0000] {processor.py:179} INFO - Processing /opt/airflow/dags/kafka_to_snowflake.py took 0.740 seconds
[2025-05-20T19:59:48.684+0000] {processor.py:157} INFO - Started process (PID=510) to work on /opt/airflow/dags/kafka_to_snowflake.py
[2025-05-20T19:59:48.686+0000] {processor.py:829} INFO - Processing file /opt/airflow/dags/kafka_to_snowflake.py for tasks to queue
[2025-05-20T19:59:48.688+0000] {logging_mixin.py:154} INFO - [2025-05-20T19:59:48.687+0000] {dagbag.py:536} INFO - Filling up the DagBag from /opt/airflow/dags/kafka_to_snowflake.py
[2025-05-20T19:59:49.321+0000] {logging_mixin.py:154} WARNING - /home/airflow/.local/lib/python3.8/site-packages/snowflake/connector/options.py:103 UserWarning: You have an incompatible version of 'pyarrow' installed (11.0.0), please install a version that adheres to: 'pyarrow<10.1.0,>=10.0.1; extra == "pandas"'
[2025-05-20T19:59:49.380+0000] {processor.py:839} INFO - DAG(s) dict_keys(['kafka_to_snowflake']) retrieved from /opt/airflow/dags/kafka_to_snowflake.py
[2025-05-20T19:59:49.398+0000] {logging_mixin.py:154} INFO - [2025-05-20T19:59:49.397+0000] {dag.py:2941} INFO - Sync 1 DAGs
[2025-05-20T19:59:49.409+0000] {logging_mixin.py:154} INFO - [2025-05-20T19:59:49.408+0000] {dag.py:3722} INFO - Setting next_dagrun for kafka_to_snowflake to 2025-05-20T18:00:00+00:00, run_after=2025-05-20T19:00:00+00:00
[2025-05-20T19:59:49.417+0000] {processor.py:179} INFO - Processing /opt/airflow/dags/kafka_to_snowflake.py took 0.738 seconds
[2025-05-20T20:00:20.179+0000] {processor.py:157} INFO - Started process (PID=522) to work on /opt/airflow/dags/kafka_to_snowflake.py
[2025-05-20T20:00:20.181+0000] {processor.py:829} INFO - Processing file /opt/airflow/dags/kafka_to_snowflake.py for tasks to queue
[2025-05-20T20:00:20.182+0000] {logging_mixin.py:154} INFO - [2025-05-20T20:00:20.182+0000] {dagbag.py:536} INFO - Filling up the DagBag from /opt/airflow/dags/kafka_to_snowflake.py
[2025-05-20T20:00:20.845+0000] {logging_mixin.py:154} WARNING - /home/airflow/.local/lib/python3.8/site-packages/snowflake/connector/options.py:103 UserWarning: You have an incompatible version of 'pyarrow' installed (11.0.0), please install a version that adheres to: 'pyarrow<10.1.0,>=10.0.1; extra == "pandas"'
[2025-05-20T20:00:20.901+0000] {processor.py:839} INFO - DAG(s) dict_keys(['kafka_to_snowflake']) retrieved from /opt/airflow/dags/kafka_to_snowflake.py
[2025-05-20T20:00:20.917+0000] {logging_mixin.py:154} INFO - [2025-05-20T20:00:20.917+0000] {dag.py:2941} INFO - Sync 1 DAGs
[2025-05-20T20:00:20.936+0000] {logging_mixin.py:154} INFO - [2025-05-20T20:00:20.936+0000] {dag.py:3722} INFO - Setting next_dagrun for kafka_to_snowflake to 2025-05-20T19:00:00+00:00, run_after=2025-05-20T20:00:00+00:00
[2025-05-20T20:00:20.946+0000] {processor.py:179} INFO - Processing /opt/airflow/dags/kafka_to_snowflake.py took 0.773 seconds
[2025-05-20T20:00:51.659+0000] {processor.py:157} INFO - Started process (PID=534) to work on /opt/airflow/dags/kafka_to_snowflake.py
[2025-05-20T20:00:51.663+0000] {processor.py:829} INFO - Processing file /opt/airflow/dags/kafka_to_snowflake.py for tasks to queue
[2025-05-20T20:00:51.665+0000] {logging_mixin.py:154} INFO - [2025-05-20T20:00:51.664+0000] {dagbag.py:536} INFO - Filling up the DagBag from /opt/airflow/dags/kafka_to_snowflake.py
[2025-05-20T20:00:52.362+0000] {logging_mixin.py:154} WARNING - /home/airflow/.local/lib/python3.8/site-packages/snowflake/connector/options.py:103 UserWarning: You have an incompatible version of 'pyarrow' installed (11.0.0), please install a version that adheres to: 'pyarrow<10.1.0,>=10.0.1; extra == "pandas"'
[2025-05-20T20:00:52.434+0000] {processor.py:839} INFO - DAG(s) dict_keys(['kafka_to_snowflake']) retrieved from /opt/airflow/dags/kafka_to_snowflake.py
[2025-05-20T20:00:52.452+0000] {logging_mixin.py:154} INFO - [2025-05-20T20:00:52.451+0000] {dag.py:2941} INFO - Sync 1 DAGs
[2025-05-20T20:00:52.466+0000] {logging_mixin.py:154} INFO - [2025-05-20T20:00:52.466+0000] {dag.py:3722} INFO - Setting next_dagrun for kafka_to_snowflake to 2025-05-20T19:00:00+00:00, run_after=2025-05-20T20:00:00+00:00
[2025-05-20T20:00:52.477+0000] {processor.py:179} INFO - Processing /opt/airflow/dags/kafka_to_snowflake.py took 0.828 seconds
[2025-05-20T20:01:23.162+0000] {processor.py:157} INFO - Started process (PID=546) to work on /opt/airflow/dags/kafka_to_snowflake.py
[2025-05-20T20:01:23.165+0000] {processor.py:829} INFO - Processing file /opt/airflow/dags/kafka_to_snowflake.py for tasks to queue
[2025-05-20T20:01:23.166+0000] {logging_mixin.py:154} INFO - [2025-05-20T20:01:23.166+0000] {dagbag.py:536} INFO - Filling up the DagBag from /opt/airflow/dags/kafka_to_snowflake.py
[2025-05-20T20:01:23.778+0000] {logging_mixin.py:154} WARNING - /home/airflow/.local/lib/python3.8/site-packages/snowflake/connector/options.py:103 UserWarning: You have an incompatible version of 'pyarrow' installed (11.0.0), please install a version that adheres to: 'pyarrow<10.1.0,>=10.0.1; extra == "pandas"'
[2025-05-20T20:01:23.826+0000] {processor.py:839} INFO - DAG(s) dict_keys(['kafka_to_snowflake']) retrieved from /opt/airflow/dags/kafka_to_snowflake.py
[2025-05-20T20:01:23.843+0000] {logging_mixin.py:154} INFO - [2025-05-20T20:01:23.843+0000] {dag.py:2941} INFO - Sync 1 DAGs
[2025-05-20T20:01:23.855+0000] {logging_mixin.py:154} INFO - [2025-05-20T20:01:23.855+0000] {dag.py:3722} INFO - Setting next_dagrun for kafka_to_snowflake to 2025-05-20T19:00:00+00:00, run_after=2025-05-20T20:00:00+00:00
[2025-05-20T20:01:23.866+0000] {processor.py:179} INFO - Processing /opt/airflow/dags/kafka_to_snowflake.py took 0.712 seconds
[2025-05-20T20:01:54.622+0000] {processor.py:157} INFO - Started process (PID=558) to work on /opt/airflow/dags/kafka_to_snowflake.py
[2025-05-20T20:01:54.625+0000] {processor.py:829} INFO - Processing file /opt/airflow/dags/kafka_to_snowflake.py for tasks to queue
[2025-05-20T20:01:54.626+0000] {logging_mixin.py:154} INFO - [2025-05-20T20:01:54.626+0000] {dagbag.py:536} INFO - Filling up the DagBag from /opt/airflow/dags/kafka_to_snowflake.py
[2025-05-20T20:01:55.420+0000] {logging_mixin.py:154} WARNING - /home/airflow/.local/lib/python3.8/site-packages/snowflake/connector/options.py:103 UserWarning: You have an incompatible version of 'pyarrow' installed (11.0.0), please install a version that adheres to: 'pyarrow<10.1.0,>=10.0.1; extra == "pandas"'
[2025-05-20T20:01:55.475+0000] {processor.py:839} INFO - DAG(s) dict_keys(['kafka_to_snowflake']) retrieved from /opt/airflow/dags/kafka_to_snowflake.py
[2025-05-20T20:01:55.500+0000] {logging_mixin.py:154} INFO - [2025-05-20T20:01:55.499+0000] {dag.py:2941} INFO - Sync 1 DAGs
[2025-05-20T20:01:55.510+0000] {logging_mixin.py:154} INFO - [2025-05-20T20:01:55.510+0000] {dag.py:3722} INFO - Setting next_dagrun for kafka_to_snowflake to 2025-05-20T19:00:00+00:00, run_after=2025-05-20T20:00:00+00:00
[2025-05-20T20:01:55.519+0000] {processor.py:179} INFO - Processing /opt/airflow/dags/kafka_to_snowflake.py took 0.904 seconds
[2025-05-20T20:02:25.964+0000] {processor.py:157} INFO - Started process (PID=570) to work on /opt/airflow/dags/kafka_to_snowflake.py
[2025-05-20T20:02:25.967+0000] {processor.py:829} INFO - Processing file /opt/airflow/dags/kafka_to_snowflake.py for tasks to queue
[2025-05-20T20:02:25.968+0000] {logging_mixin.py:154} INFO - [2025-05-20T20:02:25.968+0000] {dagbag.py:536} INFO - Filling up the DagBag from /opt/airflow/dags/kafka_to_snowflake.py
[2025-05-20T20:02:26.536+0000] {logging_mixin.py:154} WARNING - /home/airflow/.local/lib/python3.8/site-packages/snowflake/connector/options.py:103 UserWarning: You have an incompatible version of 'pyarrow' installed (11.0.0), please install a version that adheres to: 'pyarrow<10.1.0,>=10.0.1; extra == "pandas"'
[2025-05-20T20:02:26.582+0000] {processor.py:839} INFO - DAG(s) dict_keys(['kafka_to_snowflake']) retrieved from /opt/airflow/dags/kafka_to_snowflake.py
[2025-05-20T20:02:26.597+0000] {logging_mixin.py:154} INFO - [2025-05-20T20:02:26.597+0000] {dag.py:2941} INFO - Sync 1 DAGs
[2025-05-20T20:02:26.608+0000] {logging_mixin.py:154} INFO - [2025-05-20T20:02:26.608+0000] {dag.py:3722} INFO - Setting next_dagrun for kafka_to_snowflake to 2025-05-20T19:00:00+00:00, run_after=2025-05-20T20:00:00+00:00
[2025-05-20T20:02:26.618+0000] {processor.py:179} INFO - Processing /opt/airflow/dags/kafka_to_snowflake.py took 0.660 seconds
[2025-05-20T20:02:57.309+0000] {processor.py:157} INFO - Started process (PID=582) to work on /opt/airflow/dags/kafka_to_snowflake.py
[2025-05-20T20:02:57.324+0000] {processor.py:829} INFO - Processing file /opt/airflow/dags/kafka_to_snowflake.py for tasks to queue
[2025-05-20T20:02:57.326+0000] {logging_mixin.py:154} INFO - [2025-05-20T20:02:57.326+0000] {dagbag.py:536} INFO - Filling up the DagBag from /opt/airflow/dags/kafka_to_snowflake.py
[2025-05-20T20:02:57.952+0000] {logging_mixin.py:154} WARNING - /home/airflow/.local/lib/python3.8/site-packages/snowflake/connector/options.py:103 UserWarning: You have an incompatible version of 'pyarrow' installed (11.0.0), please install a version that adheres to: 'pyarrow<10.1.0,>=10.0.1; extra == "pandas"'
[2025-05-20T20:02:58.001+0000] {processor.py:839} INFO - DAG(s) dict_keys(['kafka_to_snowflake']) retrieved from /opt/airflow/dags/kafka_to_snowflake.py
[2025-05-20T20:02:58.026+0000] {logging_mixin.py:154} INFO - [2025-05-20T20:02:58.026+0000] {dag.py:2941} INFO - Sync 1 DAGs
[2025-05-20T20:02:58.038+0000] {logging_mixin.py:154} INFO - [2025-05-20T20:02:58.038+0000] {dag.py:3722} INFO - Setting next_dagrun for kafka_to_snowflake to 2025-05-20T19:00:00+00:00, run_after=2025-05-20T20:00:00+00:00
[2025-05-20T20:02:58.047+0000] {processor.py:179} INFO - Processing /opt/airflow/dags/kafka_to_snowflake.py took 0.749 seconds
[2025-05-20T20:03:28.610+0000] {processor.py:157} INFO - Started process (PID=594) to work on /opt/airflow/dags/kafka_to_snowflake.py
[2025-05-20T20:03:28.612+0000] {processor.py:829} INFO - Processing file /opt/airflow/dags/kafka_to_snowflake.py for tasks to queue
[2025-05-20T20:03:28.614+0000] {logging_mixin.py:154} INFO - [2025-05-20T20:03:28.613+0000] {dagbag.py:536} INFO - Filling up the DagBag from /opt/airflow/dags/kafka_to_snowflake.py
[2025-05-20T20:03:29.292+0000] {logging_mixin.py:154} WARNING - /home/airflow/.local/lib/python3.8/site-packages/snowflake/connector/options.py:103 UserWarning: You have an incompatible version of 'pyarrow' installed (11.0.0), please install a version that adheres to: 'pyarrow<10.1.0,>=10.0.1; extra == "pandas"'
[2025-05-20T20:03:29.351+0000] {processor.py:839} INFO - DAG(s) dict_keys(['kafka_to_snowflake']) retrieved from /opt/airflow/dags/kafka_to_snowflake.py
[2025-05-20T20:03:29.372+0000] {logging_mixin.py:154} INFO - [2025-05-20T20:03:29.372+0000] {dag.py:2941} INFO - Sync 1 DAGs
[2025-05-20T20:03:29.388+0000] {logging_mixin.py:154} INFO - [2025-05-20T20:03:29.388+0000] {dag.py:3722} INFO - Setting next_dagrun for kafka_to_snowflake to 2025-05-20T19:00:00+00:00, run_after=2025-05-20T20:00:00+00:00
[2025-05-20T20:03:29.399+0000] {processor.py:179} INFO - Processing /opt/airflow/dags/kafka_to_snowflake.py took 0.796 seconds
[2025-05-20T20:04:00.089+0000] {processor.py:157} INFO - Started process (PID=606) to work on /opt/airflow/dags/kafka_to_snowflake.py
[2025-05-20T20:04:00.091+0000] {processor.py:829} INFO - Processing file /opt/airflow/dags/kafka_to_snowflake.py for tasks to queue
[2025-05-20T20:04:00.092+0000] {logging_mixin.py:154} INFO - [2025-05-20T20:04:00.092+0000] {dagbag.py:536} INFO - Filling up the DagBag from /opt/airflow/dags/kafka_to_snowflake.py
[2025-05-20T20:04:00.739+0000] {logging_mixin.py:154} WARNING - /home/airflow/.local/lib/python3.8/site-packages/snowflake/connector/options.py:103 UserWarning: You have an incompatible version of 'pyarrow' installed (11.0.0), please install a version that adheres to: 'pyarrow<10.1.0,>=10.0.1; extra == "pandas"'
[2025-05-20T20:04:00.791+0000] {processor.py:839} INFO - DAG(s) dict_keys(['kafka_to_snowflake']) retrieved from /opt/airflow/dags/kafka_to_snowflake.py
[2025-05-20T20:04:00.823+0000] {logging_mixin.py:154} INFO - [2025-05-20T20:04:00.823+0000] {dag.py:2941} INFO - Sync 1 DAGs
[2025-05-20T20:04:00.847+0000] {logging_mixin.py:154} INFO - [2025-05-20T20:04:00.847+0000] {dag.py:3722} INFO - Setting next_dagrun for kafka_to_snowflake to 2025-05-20T19:00:00+00:00, run_after=2025-05-20T20:00:00+00:00
[2025-05-20T20:04:00.864+0000] {processor.py:179} INFO - Processing /opt/airflow/dags/kafka_to_snowflake.py took 0.781 seconds
[2025-05-20T20:04:31.256+0000] {processor.py:157} INFO - Started process (PID=618) to work on /opt/airflow/dags/kafka_to_snowflake.py
[2025-05-20T20:04:31.258+0000] {processor.py:829} INFO - Processing file /opt/airflow/dags/kafka_to_snowflake.py for tasks to queue
[2025-05-20T20:04:31.262+0000] {logging_mixin.py:154} INFO - [2025-05-20T20:04:31.261+0000] {dagbag.py:536} INFO - Filling up the DagBag from /opt/airflow/dags/kafka_to_snowflake.py
[2025-05-20T20:04:31.944+0000] {logging_mixin.py:154} WARNING - /home/airflow/.local/lib/python3.8/site-packages/snowflake/connector/options.py:103 UserWarning: You have an incompatible version of 'pyarrow' installed (11.0.0), please install a version that adheres to: 'pyarrow<10.1.0,>=10.0.1; extra == "pandas"'
[2025-05-20T20:04:31.999+0000] {processor.py:839} INFO - DAG(s) dict_keys(['kafka_to_snowflake']) retrieved from /opt/airflow/dags/kafka_to_snowflake.py
[2025-05-20T20:04:32.017+0000] {logging_mixin.py:154} INFO - [2025-05-20T20:04:32.016+0000] {dag.py:2941} INFO - Sync 1 DAGs
[2025-05-20T20:04:32.029+0000] {logging_mixin.py:154} INFO - [2025-05-20T20:04:32.028+0000] {dag.py:3722} INFO - Setting next_dagrun for kafka_to_snowflake to 2025-05-20T19:00:00+00:00, run_after=2025-05-20T20:00:00+00:00
[2025-05-20T20:04:32.037+0000] {processor.py:179} INFO - Processing /opt/airflow/dags/kafka_to_snowflake.py took 0.788 seconds
[2025-05-20T20:05:02.432+0000] {processor.py:157} INFO - Started process (PID=630) to work on /opt/airflow/dags/kafka_to_snowflake.py
[2025-05-20T20:05:02.433+0000] {processor.py:829} INFO - Processing file /opt/airflow/dags/kafka_to_snowflake.py for tasks to queue
[2025-05-20T20:05:02.434+0000] {logging_mixin.py:154} INFO - [2025-05-20T20:05:02.434+0000] {dagbag.py:536} INFO - Filling up the DagBag from /opt/airflow/dags/kafka_to_snowflake.py
[2025-05-20T20:05:03.152+0000] {logging_mixin.py:154} WARNING - /home/airflow/.local/lib/python3.8/site-packages/snowflake/connector/options.py:103 UserWarning: You have an incompatible version of 'pyarrow' installed (11.0.0), please install a version that adheres to: 'pyarrow<10.1.0,>=10.0.1; extra == "pandas"'
[2025-05-20T20:05:03.207+0000] {processor.py:839} INFO - DAG(s) dict_keys(['kafka_to_snowflake']) retrieved from /opt/airflow/dags/kafka_to_snowflake.py
[2025-05-20T20:05:03.235+0000] {logging_mixin.py:154} INFO - [2025-05-20T20:05:03.235+0000] {dag.py:2941} INFO - Sync 1 DAGs
[2025-05-20T20:05:03.250+0000] {logging_mixin.py:154} INFO - [2025-05-20T20:05:03.250+0000] {dag.py:3722} INFO - Setting next_dagrun for kafka_to_snowflake to 2025-05-20T19:00:00+00:00, run_after=2025-05-20T20:00:00+00:00
[2025-05-20T20:05:03.263+0000] {processor.py:179} INFO - Processing /opt/airflow/dags/kafka_to_snowflake.py took 0.840 seconds
