[2025-05-21T09:11:17.548+0000] {taskinstance.py:1159} INFO - Dependencies all met for dep_context=non-requeueable deps ti=<TaskInstance: kafka_to_snowflake.consume_and_store manual__2025-05-21T09:11:16+00:00 [queued]>
[2025-05-21T09:11:17.553+0000] {taskinstance.py:1159} INFO - Dependencies all met for dep_context=requeueable deps ti=<TaskInstance: kafka_to_snowflake.consume_and_store manual__2025-05-21T09:11:16+00:00 [queued]>
[2025-05-21T09:11:17.553+0000] {taskinstance.py:1361} INFO - Starting attempt 1 of 2
[2025-05-21T09:11:17.560+0000] {taskinstance.py:1382} INFO - Executing <Task(PythonOperator): consume_and_store> on 2025-05-21 09:11:16+00:00
[2025-05-21T09:11:17.564+0000] {standard_task_runner.py:57} INFO - Started process 408 to run task
[2025-05-21T09:11:17.567+0000] {standard_task_runner.py:84} INFO - Running: ['***', 'tasks', 'run', 'kafka_to_snowflake', 'consume_and_store', 'manual__2025-05-21T09:11:16+00:00', '--job-id', '32', '--raw', '--subdir', 'DAGS_FOLDER/kafka_to_snowflake.py', '--cfg-path', '/tmp/tmp05nru825']
[2025-05-21T09:11:17.570+0000] {standard_task_runner.py:85} INFO - Job 32: Subtask consume_and_store
[2025-05-21T09:11:17.578+0000] {logging_mixin.py:154} WARNING - /home/***/.local/lib/python3.8/site-packages/***/settings.py:195 DeprecationWarning: The sql_alchemy_conn option in [core] has been moved to the sql_alchemy_conn option in [database] - the old setting has been used, but please update your config.
[2025-05-21T09:11:17.594+0000] {task_command.py:416} INFO - Running <TaskInstance: kafka_to_snowflake.consume_and_store manual__2025-05-21T09:11:16+00:00 [running]> on host 181c87754ed7
[2025-05-21T09:11:17.663+0000] {taskinstance.py:1662} INFO - Exporting env vars: AIRFLOW_CTX_DAG_OWNER='***' AIRFLOW_CTX_DAG_ID='kafka_to_snowflake' AIRFLOW_CTX_TASK_ID='consume_and_store' AIRFLOW_CTX_EXECUTION_DATE='2025-05-21T09:11:16+00:00' AIRFLOW_CTX_TRY_NUMBER='1' AIRFLOW_CTX_DAG_RUN_ID='manual__2025-05-21T09:11:16+00:00'
[2025-05-21T09:11:17.666+0000] {kafka_to_snowflake.py:61} INFO - Starting Kafka → Snowflake ingestion task
[2025-05-21T09:11:17.672+0000] {conn.py:396} INFO - <BrokerConnection client_id=kafka-python-2.2.7, node_id=bootstrap-0 host=kafka:29092 <connecting> [IPv4 ('172.18.0.3', 29092)]>: connecting to kafka:29092 [('172.18.0.3', 29092) IPv4]
[2025-05-21T09:11:17.679+0000] {conn.py:618} INFO - <BrokerConnection client_id=kafka-python-2.2.7, node_id=bootstrap-0 host=kafka:29092 <checking_api_versions_recv> [IPv4 ('172.18.0.3', 29092)]>: Broker version identified as 2.6
[2025-05-21T09:11:17.679+0000] {conn.py:457} INFO - <BrokerConnection client_id=kafka-python-2.2.7, node_id=bootstrap-0 host=kafka:29092 <connected> [IPv4 ('172.18.0.3', 29092)]>: Connection complete.
[2025-05-21T09:11:17.681+0000] {consumer.py:120} WARNING - group_id is None: disabling auto-commit.
[2025-05-21T09:11:17.682+0000] {subscription_state.py:177} INFO - Updating subscribed topics to: ('flights',)
[2025-05-21T09:11:17.683+0000] {connection.py:334} INFO - Snowflake Connector for Python Version: 3.3.1, Python Version: 3.8.18, Platform: Linux-6.10.14-linuxkit-aarch64-with-glibc2.17
[2025-05-21T09:11:17.685+0000] {connection.py:1103} INFO - This connection is in OCSP Fail Open Mode. TLS Certificates would be checked for validity and revocation status. Any other Certificate Revocation related exceptions or OCSP Responder failures would be disregarded in favor of connectivity.
[2025-05-21T09:11:17.685+0000] {connection.py:1121} INFO - Setting use_openssl_only mode to False
[2025-05-21T09:11:18.886+0000] {subscription_state.py:246} INFO - Updated partition assignment: [('flights', 0)]
[2025-05-21T09:11:18.888+0000] {conn.py:396} INFO - <BrokerConnection client_id=kafka-python-2.2.7, node_id=1001 host=kafka:29092 <connecting> [IPv4 ('172.18.0.3', 29092)]>: connecting to kafka:29092 [('172.18.0.3', 29092) IPv4]
[2025-05-21T09:11:18.889+0000] {conn.py:457} INFO - <BrokerConnection client_id=kafka-python-2.2.7, node_id=1001 host=kafka:29092 <connected> [IPv4 ('172.18.0.3', 29092)]>: Connection complete.
[2025-05-21T09:11:18.890+0000] {conn.py:945} INFO - <BrokerConnection client_id=kafka-python-2.2.7, node_id=bootstrap-0 host=kafka:29092 <connected> [IPv4 ('172.18.0.3', 29092)]>: Closing connection. 
[2025-05-21T09:11:18.896+0000] {fetcher.py:413} INFO - Resetting offset for partition ('flights', 0) to offset 0.
[2025-05-21T09:11:29.037+0000] {kafka_to_snowflake.py:94} INFO - Consumed 2400 messages; summarizing 21 countries.
[2025-05-21T09:11:29.041+0000] {cursor.py:833} INFO - query: [INSERT INTO PUBLIC.aircraft_raw (icao24, callsign, origin_country, longitude, la...]
[2025-05-21T09:11:30.557+0000] {cursor.py:846} INFO - query execution done
[2025-05-21T09:11:30.559+0000] {cursor.py:833} INFO - query: [INSERT INTO PUBLIC.aircraft_raw (icao24, callsign, origin_country, longitude, la...]
[2025-05-21T09:11:32.151+0000] {cursor.py:846} INFO - query execution done
[2025-05-21T09:11:32.152+0000] {cursor.py:833} INFO - query: [INSERT INTO PUBLIC.aircraft_raw (icao24, callsign, origin_country, longitude, la...]
[2025-05-21T09:11:33.704+0000] {cursor.py:846} INFO - query execution done
[2025-05-21T09:11:33.704+0000] {cursor.py:833} INFO - query: [INSERT INTO PUBLIC.aircraft_raw (icao24, callsign, origin_country, longitude, la...]
[2025-05-21T09:11:34.830+0000] {cursor.py:846} INFO - query execution done
[2025-05-21T09:11:34.830+0000] {cursor.py:833} INFO - query: [INSERT INTO PUBLIC.aircraft_raw (icao24, callsign, origin_country, longitude, la...]
[2025-05-21T09:11:36.569+0000] {cursor.py:846} INFO - query execution done
[2025-05-21T09:11:36.570+0000] {cursor.py:833} INFO - query: [INSERT INTO PUBLIC.aircraft_raw (icao24, callsign, origin_country, longitude, la...]
[2025-05-21T09:11:37.958+0000] {cursor.py:846} INFO - query execution done
[2025-05-21T09:11:37.959+0000] {cursor.py:833} INFO - query: [INSERT INTO PUBLIC.aircraft_raw (icao24, callsign, origin_country, longitude, la...]
[2025-05-21T09:11:39.054+0000] {cursor.py:846} INFO - query execution done
[2025-05-21T09:11:39.055+0000] {cursor.py:833} INFO - query: [INSERT INTO PUBLIC.aircraft_raw (icao24, callsign, origin_country, longitude, la...]
[2025-05-21T09:11:40.672+0000] {cursor.py:846} INFO - query execution done
[2025-05-21T09:11:40.673+0000] {cursor.py:833} INFO - query: [INSERT INTO PUBLIC.aircraft_raw (icao24, callsign, origin_country, longitude, la...]
[2025-05-21T09:11:41.991+0000] {cursor.py:846} INFO - query execution done
[2025-05-21T09:11:41.992+0000] {cursor.py:833} INFO - query: [INSERT INTO PUBLIC.aircraft_raw (icao24, callsign, origin_country, longitude, la...]
[2025-05-21T09:11:43.176+0000] {cursor.py:846} INFO - query execution done
[2025-05-21T09:11:43.178+0000] {cursor.py:833} INFO - query: [INSERT INTO PUBLIC.aircraft_raw (icao24, callsign, origin_country, longitude, la...]
[2025-05-21T09:11:44.783+0000] {cursor.py:846} INFO - query execution done
[2025-05-21T09:11:44.784+0000] {cursor.py:833} INFO - query: [INSERT INTO PUBLIC.aircraft_raw (icao24, callsign, origin_country, longitude, la...]
[2025-05-21T09:11:45.973+0000] {cursor.py:846} INFO - query execution done
[2025-05-21T09:11:45.974+0000] {cursor.py:833} INFO - query: [INSERT INTO PUBLIC.aircraft_raw (icao24, callsign, origin_country, longitude, la...]
[2025-05-21T09:11:47.313+0000] {cursor.py:846} INFO - query execution done
[2025-05-21T09:11:47.314+0000] {cursor.py:833} INFO - query: [INSERT INTO PUBLIC.aircraft_raw (icao24, callsign, origin_country, longitude, la...]
[2025-05-21T09:11:48.852+0000] {cursor.py:846} INFO - query execution done
[2025-05-21T09:11:48.853+0000] {cursor.py:833} INFO - query: [INSERT INTO PUBLIC.aircraft_raw (icao24, callsign, origin_country, longitude, la...]
[2025-05-21T09:11:50.081+0000] {cursor.py:846} INFO - query execution done
[2025-05-21T09:11:50.082+0000] {cursor.py:833} INFO - query: [INSERT INTO PUBLIC.aircraft_raw (icao24, callsign, origin_country, longitude, la...]
[2025-05-21T09:11:51.594+0000] {cursor.py:846} INFO - query execution done
[2025-05-21T09:11:51.596+0000] {cursor.py:833} INFO - query: [INSERT INTO PUBLIC.aircraft_raw (icao24, callsign, origin_country, longitude, la...]
[2025-05-21T09:11:53.487+0000] {cursor.py:846} INFO - query execution done
[2025-05-21T09:11:53.488+0000] {cursor.py:833} INFO - query: [INSERT INTO PUBLIC.aircraft_raw (icao24, callsign, origin_country, longitude, la...]
[2025-05-21T09:11:54.768+0000] {cursor.py:846} INFO - query execution done
[2025-05-21T09:11:54.769+0000] {cursor.py:833} INFO - query: [INSERT INTO PUBLIC.aircraft_raw (icao24, callsign, origin_country, longitude, la...]
[2025-05-21T09:11:56.458+0000] {cursor.py:846} INFO - query execution done
[2025-05-21T09:11:56.459+0000] {cursor.py:833} INFO - query: [INSERT INTO PUBLIC.aircraft_raw (icao24, callsign, origin_country, longitude, la...]
[2025-05-21T09:11:57.780+0000] {cursor.py:846} INFO - query execution done
[2025-05-21T09:11:57.781+0000] {cursor.py:833} INFO - query: [INSERT INTO PUBLIC.aircraft_raw (icao24, callsign, origin_country, longitude, la...]
[2025-05-21T09:11:58.991+0000] {cursor.py:846} INFO - query execution done
[2025-05-21T09:11:58.996+0000] {cursor.py:833} INFO - query: [INSERT INTO PUBLIC.aircraft_raw (icao24, callsign, origin_country, longitude, la...]
[2025-05-21T09:12:00.859+0000] {cursor.py:846} INFO - query execution done
[2025-05-21T09:12:00.860+0000] {cursor.py:833} INFO - query: [INSERT INTO PUBLIC.aircraft_raw (icao24, callsign, origin_country, longitude, la...]
[2025-05-21T09:12:02.358+0000] {cursor.py:846} INFO - query execution done
[2025-05-21T09:12:02.362+0000] {cursor.py:833} INFO - query: [INSERT INTO PUBLIC.aircraft_raw (icao24, callsign, origin_country, longitude, la...]
[2025-05-21T09:12:04.171+0000] {cursor.py:846} INFO - query execution done
[2025-05-21T09:12:04.172+0000] {cursor.py:833} INFO - query: [INSERT INTO PUBLIC.aircraft_raw (icao24, callsign, origin_country, longitude, la...]
[2025-05-21T09:12:05.574+0000] {cursor.py:846} INFO - query execution done
[2025-05-21T09:12:05.575+0000] {cursor.py:833} INFO - query: [INSERT INTO PUBLIC.aircraft_raw (icao24, callsign, origin_country, longitude, la...]
[2025-05-21T09:12:06.821+0000] {cursor.py:846} INFO - query execution done
[2025-05-21T09:12:06.822+0000] {cursor.py:833} INFO - query: [INSERT INTO PUBLIC.aircraft_raw (icao24, callsign, origin_country, longitude, la...]
[2025-05-21T09:12:08.353+0000] {cursor.py:846} INFO - query execution done
[2025-05-21T09:12:08.359+0000] {cursor.py:833} INFO - query: [INSERT INTO PUBLIC.aircraft_raw (icao24, callsign, origin_country, longitude, la...]
[2025-05-21T09:12:09.873+0000] {cursor.py:846} INFO - query execution done
[2025-05-21T09:12:09.875+0000] {cursor.py:833} INFO - query: [INSERT INTO PUBLIC.aircraft_raw (icao24, callsign, origin_country, longitude, la...]
[2025-05-21T09:12:11.269+0000] {cursor.py:846} INFO - query execution done
[2025-05-21T09:12:11.270+0000] {cursor.py:833} INFO - query: [INSERT INTO PUBLIC.aircraft_raw (icao24, callsign, origin_country, longitude, la...]
[2025-05-21T09:12:12.700+0000] {cursor.py:846} INFO - query execution done
[2025-05-21T09:12:12.701+0000] {cursor.py:833} INFO - query: [INSERT INTO PUBLIC.aircraft_raw (icao24, callsign, origin_country, longitude, la...]
[2025-05-21T09:12:14.032+0000] {cursor.py:846} INFO - query execution done
[2025-05-21T09:12:14.034+0000] {cursor.py:833} INFO - query: [INSERT INTO PUBLIC.aircraft_raw (icao24, callsign, origin_country, longitude, la...]
[2025-05-21T09:12:15.252+0000] {cursor.py:846} INFO - query execution done
[2025-05-21T09:12:15.254+0000] {cursor.py:833} INFO - query: [INSERT INTO PUBLIC.aircraft_raw (icao24, callsign, origin_country, longitude, la...]
[2025-05-21T09:12:16.993+0000] {cursor.py:846} INFO - query execution done
[2025-05-21T09:12:16.995+0000] {cursor.py:833} INFO - query: [INSERT INTO PUBLIC.aircraft_raw (icao24, callsign, origin_country, longitude, la...]
[2025-05-21T09:12:18.306+0000] {cursor.py:846} INFO - query execution done
[2025-05-21T09:12:18.307+0000] {cursor.py:833} INFO - query: [INSERT INTO PUBLIC.aircraft_raw (icao24, callsign, origin_country, longitude, la...]
[2025-05-21T09:12:19.379+0000] {cursor.py:846} INFO - query execution done
[2025-05-21T09:12:19.380+0000] {cursor.py:833} INFO - query: [INSERT INTO PUBLIC.aircraft_raw (icao24, callsign, origin_country, longitude, la...]
[2025-05-21T09:12:20.967+0000] {cursor.py:846} INFO - query execution done
[2025-05-21T09:12:20.968+0000] {cursor.py:833} INFO - query: [INSERT INTO PUBLIC.aircraft_raw (icao24, callsign, origin_country, longitude, la...]
[2025-05-21T09:12:22.145+0000] {cursor.py:846} INFO - query execution done
[2025-05-21T09:12:22.146+0000] {cursor.py:833} INFO - query: [INSERT INTO PUBLIC.aircraft_raw (icao24, callsign, origin_country, longitude, la...]
[2025-05-21T09:12:23.561+0000] {cursor.py:846} INFO - query execution done
[2025-05-21T09:12:23.562+0000] {cursor.py:833} INFO - query: [INSERT INTO PUBLIC.aircraft_raw (icao24, callsign, origin_country, longitude, la...]
[2025-05-21T09:12:25.176+0000] {cursor.py:846} INFO - query execution done
[2025-05-21T09:12:25.177+0000] {cursor.py:833} INFO - query: [INSERT INTO PUBLIC.aircraft_raw (icao24, callsign, origin_country, longitude, la...]
[2025-05-21T09:12:26.474+0000] {cursor.py:846} INFO - query execution done
[2025-05-21T09:12:26.476+0000] {cursor.py:833} INFO - query: [INSERT INTO PUBLIC.aircraft_raw (icao24, callsign, origin_country, longitude, la...]
[2025-05-21T09:12:27.580+0000] {cursor.py:846} INFO - query execution done
[2025-05-21T09:12:27.581+0000] {cursor.py:833} INFO - query: [INSERT INTO PUBLIC.aircraft_raw (icao24, callsign, origin_country, longitude, la...]
[2025-05-21T09:12:29.164+0000] {cursor.py:846} INFO - query execution done
[2025-05-21T09:12:29.165+0000] {cursor.py:833} INFO - query: [INSERT INTO PUBLIC.aircraft_raw (icao24, callsign, origin_country, longitude, la...]
[2025-05-21T09:12:30.493+0000] {cursor.py:846} INFO - query execution done
[2025-05-21T09:12:30.495+0000] {cursor.py:833} INFO - query: [INSERT INTO PUBLIC.aircraft_raw (icao24, callsign, origin_country, longitude, la...]
[2025-05-21T09:12:31.807+0000] {cursor.py:846} INFO - query execution done
[2025-05-21T09:12:31.808+0000] {cursor.py:833} INFO - query: [INSERT INTO PUBLIC.aircraft_raw (icao24, callsign, origin_country, longitude, la...]
[2025-05-21T09:12:33.181+0000] {cursor.py:846} INFO - query execution done
[2025-05-21T09:12:33.183+0000] {cursor.py:833} INFO - query: [INSERT INTO PUBLIC.aircraft_raw (icao24, callsign, origin_country, longitude, la...]
[2025-05-21T09:12:34.214+0000] {cursor.py:846} INFO - query execution done
[2025-05-21T09:12:34.215+0000] {cursor.py:833} INFO - query: [INSERT INTO PUBLIC.aircraft_raw (icao24, callsign, origin_country, longitude, la...]
[2025-05-21T09:12:35.445+0000] {cursor.py:846} INFO - query execution done
[2025-05-21T09:12:35.446+0000] {cursor.py:833} INFO - query: [INSERT INTO PUBLIC.aircraft_raw (icao24, callsign, origin_country, longitude, la...]
[2025-05-21T09:12:36.748+0000] {cursor.py:846} INFO - query execution done
[2025-05-21T09:12:36.748+0000] {cursor.py:833} INFO - query: [INSERT INTO PUBLIC.aircraft_raw (icao24, callsign, origin_country, longitude, la...]
[2025-05-21T09:12:37.917+0000] {cursor.py:846} INFO - query execution done
[2025-05-21T09:12:37.918+0000] {cursor.py:833} INFO - query: [INSERT INTO PUBLIC.aircraft_raw (icao24, callsign, origin_country, longitude, la...]
[2025-05-21T09:12:39.279+0000] {cursor.py:846} INFO - query execution done
[2025-05-21T09:12:39.280+0000] {cursor.py:833} INFO - query: [INSERT INTO PUBLIC.aircraft_raw (icao24, callsign, origin_country, longitude, la...]
[2025-05-21T09:12:41.059+0000] {cursor.py:846} INFO - query execution done
[2025-05-21T09:12:41.060+0000] {cursor.py:833} INFO - query: [INSERT INTO PUBLIC.aircraft_raw (icao24, callsign, origin_country, longitude, la...]
[2025-05-21T09:12:42.254+0000] {cursor.py:846} INFO - query execution done
[2025-05-21T09:12:42.256+0000] {cursor.py:833} INFO - query: [INSERT INTO PUBLIC.aircraft_raw (icao24, callsign, origin_country, longitude, la...]
[2025-05-21T09:12:43.496+0000] {cursor.py:846} INFO - query execution done
[2025-05-21T09:12:43.499+0000] {cursor.py:833} INFO - query: [INSERT INTO PUBLIC.aircraft_raw (icao24, callsign, origin_country, longitude, la...]
[2025-05-21T09:12:44.983+0000] {cursor.py:846} INFO - query execution done
[2025-05-21T09:12:44.983+0000] {cursor.py:833} INFO - query: [INSERT INTO PUBLIC.aircraft_raw (icao24, callsign, origin_country, longitude, la...]
[2025-05-21T09:12:46.006+0000] {cursor.py:846} INFO - query execution done
[2025-05-21T09:12:46.007+0000] {cursor.py:833} INFO - query: [INSERT INTO PUBLIC.aircraft_raw (icao24, callsign, origin_country, longitude, la...]
[2025-05-21T09:12:47.203+0000] {cursor.py:846} INFO - query execution done
[2025-05-21T09:12:47.205+0000] {cursor.py:833} INFO - query: [INSERT INTO PUBLIC.aircraft_raw (icao24, callsign, origin_country, longitude, la...]
[2025-05-21T09:12:48.811+0000] {cursor.py:846} INFO - query execution done
[2025-05-21T09:12:48.813+0000] {cursor.py:833} INFO - query: [INSERT INTO PUBLIC.aircraft_raw (icao24, callsign, origin_country, longitude, la...]
[2025-05-21T09:12:49.959+0000] {cursor.py:846} INFO - query execution done
[2025-05-21T09:12:49.960+0000] {cursor.py:833} INFO - query: [INSERT INTO PUBLIC.aircraft_raw (icao24, callsign, origin_country, longitude, la...]
[2025-05-21T09:12:51.280+0000] {cursor.py:846} INFO - query execution done
[2025-05-21T09:12:51.281+0000] {cursor.py:833} INFO - query: [INSERT INTO PUBLIC.aircraft_raw (icao24, callsign, origin_country, longitude, la...]
[2025-05-21T09:12:52.851+0000] {cursor.py:846} INFO - query execution done
[2025-05-21T09:12:52.852+0000] {cursor.py:833} INFO - query: [INSERT INTO PUBLIC.aircraft_raw (icao24, callsign, origin_country, longitude, la...]
[2025-05-21T09:12:53.945+0000] {cursor.py:846} INFO - query execution done
[2025-05-21T09:12:53.947+0000] {cursor.py:833} INFO - query: [INSERT INTO PUBLIC.aircraft_raw (icao24, callsign, origin_country, longitude, la...]
[2025-05-21T09:12:55.167+0000] {cursor.py:846} INFO - query execution done
[2025-05-21T09:12:55.168+0000] {cursor.py:833} INFO - query: [INSERT INTO PUBLIC.aircraft_raw (icao24, callsign, origin_country, longitude, la...]
[2025-05-21T09:12:56.951+0000] {cursor.py:846} INFO - query execution done
[2025-05-21T09:12:56.952+0000] {cursor.py:833} INFO - query: [INSERT INTO PUBLIC.aircraft_raw (icao24, callsign, origin_country, longitude, la...]
[2025-05-21T09:12:58.219+0000] {cursor.py:846} INFO - query execution done
[2025-05-21T09:12:58.219+0000] {cursor.py:833} INFO - query: [INSERT INTO PUBLIC.aircraft_raw (icao24, callsign, origin_country, longitude, la...]
[2025-05-21T09:12:59.380+0000] {cursor.py:846} INFO - query execution done
[2025-05-21T09:12:59.380+0000] {cursor.py:833} INFO - query: [INSERT INTO PUBLIC.aircraft_raw (icao24, callsign, origin_country, longitude, la...]
[2025-05-21T09:13:01.025+0000] {cursor.py:846} INFO - query execution done
[2025-05-21T09:13:01.026+0000] {cursor.py:833} INFO - query: [INSERT INTO PUBLIC.aircraft_raw (icao24, callsign, origin_country, longitude, la...]
[2025-05-21T09:13:02.273+0000] {cursor.py:846} INFO - query execution done
[2025-05-21T09:13:02.273+0000] {cursor.py:833} INFO - query: [INSERT INTO PUBLIC.aircraft_raw (icao24, callsign, origin_country, longitude, la...]
[2025-05-21T09:13:03.711+0000] {cursor.py:846} INFO - query execution done
[2025-05-21T09:13:03.711+0000] {cursor.py:833} INFO - query: [INSERT INTO PUBLIC.aircraft_raw (icao24, callsign, origin_country, longitude, la...]
[2025-05-21T09:13:05.289+0000] {cursor.py:846} INFO - query execution done
[2025-05-21T09:13:05.290+0000] {cursor.py:833} INFO - query: [INSERT INTO PUBLIC.aircraft_raw (icao24, callsign, origin_country, longitude, la...]
[2025-05-21T09:13:06.562+0000] {cursor.py:846} INFO - query execution done
[2025-05-21T09:13:06.563+0000] {cursor.py:833} INFO - query: [INSERT INTO PUBLIC.aircraft_raw (icao24, callsign, origin_country, longitude, la...]
[2025-05-21T09:13:08.112+0000] {cursor.py:846} INFO - query execution done
[2025-05-21T09:13:08.114+0000] {cursor.py:833} INFO - query: [INSERT INTO PUBLIC.aircraft_raw (icao24, callsign, origin_country, longitude, la...]
[2025-05-21T09:13:09.546+0000] {cursor.py:846} INFO - query execution done
[2025-05-21T09:13:09.556+0000] {cursor.py:833} INFO - query: [INSERT INTO PUBLIC.aircraft_raw (icao24, callsign, origin_country, longitude, la...]
[2025-05-21T09:13:10.800+0000] {cursor.py:846} INFO - query execution done
[2025-05-21T09:13:10.800+0000] {cursor.py:833} INFO - query: [INSERT INTO PUBLIC.aircraft_raw (icao24, callsign, origin_country, longitude, la...]
[2025-05-21T09:13:12.287+0000] {cursor.py:846} INFO - query execution done
[2025-05-21T09:13:12.287+0000] {cursor.py:833} INFO - query: [INSERT INTO PUBLIC.aircraft_raw (icao24, callsign, origin_country, longitude, la...]
[2025-05-21T09:13:13.826+0000] {cursor.py:846} INFO - query execution done
[2025-05-21T09:13:13.827+0000] {cursor.py:833} INFO - query: [INSERT INTO PUBLIC.aircraft_raw (icao24, callsign, origin_country, longitude, la...]
[2025-05-21T09:13:14.780+0000] {cursor.py:846} INFO - query execution done
[2025-05-21T09:13:14.780+0000] {cursor.py:833} INFO - query: [INSERT INTO PUBLIC.aircraft_raw (icao24, callsign, origin_country, longitude, la...]
[2025-05-21T09:13:16.417+0000] {cursor.py:846} INFO - query execution done
[2025-05-21T09:13:16.417+0000] {cursor.py:833} INFO - query: [INSERT INTO PUBLIC.aircraft_raw (icao24, callsign, origin_country, longitude, la...]
[2025-05-21T09:13:17.691+0000] {cursor.py:846} INFO - query execution done
[2025-05-21T09:13:17.693+0000] {cursor.py:833} INFO - query: [INSERT INTO PUBLIC.aircraft_raw (icao24, callsign, origin_country, longitude, la...]
[2025-05-21T09:13:18.735+0000] {cursor.py:846} INFO - query execution done
[2025-05-21T09:13:18.736+0000] {cursor.py:833} INFO - query: [INSERT INTO PUBLIC.aircraft_raw (icao24, callsign, origin_country, longitude, la...]
[2025-05-21T09:13:20.033+0000] {cursor.py:846} INFO - query execution done
[2025-05-21T09:13:20.035+0000] {cursor.py:833} INFO - query: [INSERT INTO PUBLIC.aircraft_raw (icao24, callsign, origin_country, longitude, la...]
[2025-05-21T09:13:21.649+0000] {cursor.py:846} INFO - query execution done
[2025-05-21T09:13:21.649+0000] {cursor.py:833} INFO - query: [INSERT INTO PUBLIC.aircraft_raw (icao24, callsign, origin_country, longitude, la...]
[2025-05-21T09:13:23.321+0000] {cursor.py:846} INFO - query execution done
[2025-05-21T09:13:23.323+0000] {cursor.py:833} INFO - query: [INSERT INTO PUBLIC.aircraft_raw (icao24, callsign, origin_country, longitude, la...]
[2025-05-21T09:13:24.920+0000] {cursor.py:846} INFO - query execution done
[2025-05-21T09:13:24.920+0000] {cursor.py:833} INFO - query: [INSERT INTO PUBLIC.aircraft_raw (icao24, callsign, origin_country, longitude, la...]
[2025-05-21T09:13:26.086+0000] {cursor.py:846} INFO - query execution done
[2025-05-21T09:13:26.087+0000] {cursor.py:833} INFO - query: [INSERT INTO PUBLIC.aircraft_raw (icao24, callsign, origin_country, longitude, la...]
[2025-05-21T09:13:27.359+0000] {cursor.py:846} INFO - query execution done
[2025-05-21T09:13:27.361+0000] {cursor.py:833} INFO - query: [INSERT INTO PUBLIC.aircraft_raw (icao24, callsign, origin_country, longitude, la...]
[2025-05-21T09:13:29.337+0000] {cursor.py:846} INFO - query execution done
[2025-05-21T09:13:29.338+0000] {cursor.py:833} INFO - query: [INSERT INTO PUBLIC.aircraft_raw (icao24, callsign, origin_country, longitude, la...]
[2025-05-21T09:13:30.624+0000] {cursor.py:846} INFO - query execution done
[2025-05-21T09:13:30.626+0000] {cursor.py:833} INFO - query: [INSERT INTO PUBLIC.aircraft_raw (icao24, callsign, origin_country, longitude, la...]
[2025-05-21T09:13:32.278+0000] {cursor.py:846} INFO - query execution done
[2025-05-21T09:13:32.280+0000] {cursor.py:833} INFO - query: [INSERT INTO PUBLIC.aircraft_raw (icao24, callsign, origin_country, longitude, la...]
[2025-05-21T09:13:34.146+0000] {cursor.py:846} INFO - query execution done
[2025-05-21T09:13:34.147+0000] {cursor.py:833} INFO - query: [INSERT INTO PUBLIC.aircraft_raw (icao24, callsign, origin_country, longitude, la...]
[2025-05-21T09:13:35.434+0000] {cursor.py:846} INFO - query execution done
[2025-05-21T09:13:35.435+0000] {cursor.py:833} INFO - query: [INSERT INTO PUBLIC.aircraft_raw (icao24, callsign, origin_country, longitude, la...]
[2025-05-21T09:13:36.792+0000] {cursor.py:846} INFO - query execution done
[2025-05-21T09:13:36.793+0000] {cursor.py:833} INFO - query: [INSERT INTO PUBLIC.aircraft_raw (icao24, callsign, origin_country, longitude, la...]
[2025-05-21T09:13:37.893+0000] {cursor.py:846} INFO - query execution done
[2025-05-21T09:13:37.894+0000] {cursor.py:833} INFO - query: [INSERT INTO PUBLIC.aircraft_raw (icao24, callsign, origin_country, longitude, la...]
[2025-05-21T09:13:39.211+0000] {cursor.py:846} INFO - query execution done
[2025-05-21T09:13:39.212+0000] {cursor.py:833} INFO - query: [INSERT INTO PUBLIC.aircraft_raw (icao24, callsign, origin_country, longitude, la...]
[2025-05-21T09:13:40.864+0000] {cursor.py:846} INFO - query execution done
[2025-05-21T09:13:40.864+0000] {cursor.py:833} INFO - query: [INSERT INTO PUBLIC.aircraft_raw (icao24, callsign, origin_country, longitude, la...]
[2025-05-21T09:13:42.157+0000] {cursor.py:846} INFO - query execution done
[2025-05-21T09:13:42.157+0000] {cursor.py:833} INFO - query: [INSERT INTO PUBLIC.aircraft_raw (icao24, callsign, origin_country, longitude, la...]
[2025-05-21T09:13:43.180+0000] {cursor.py:846} INFO - query execution done
[2025-05-21T09:13:43.183+0000] {cursor.py:833} INFO - query: [INSERT INTO PUBLIC.aircraft_raw (icao24, callsign, origin_country, longitude, la...]
[2025-05-21T09:13:44.714+0000] {cursor.py:846} INFO - query execution done
[2025-05-21T09:13:44.716+0000] {cursor.py:833} INFO - query: [INSERT INTO PUBLIC.aircraft_raw (icao24, callsign, origin_country, longitude, la...]
[2025-05-21T09:13:45.883+0000] {cursor.py:846} INFO - query execution done
[2025-05-21T09:13:45.884+0000] {cursor.py:833} INFO - query: [INSERT INTO PUBLIC.aircraft_raw (icao24, callsign, origin_country, longitude, la...]
[2025-05-21T09:13:47.394+0000] {cursor.py:846} INFO - query execution done
[2025-05-21T09:13:47.613+0000] {cursor.py:833} INFO - query: [INSERT INTO PUBLIC.aircraft_raw (icao24, callsign, origin_country, longitude, la...]
[2025-05-21T09:13:49.038+0000] {cursor.py:846} INFO - query execution done
[2025-05-21T09:13:49.039+0000] {cursor.py:833} INFO - query: [INSERT INTO PUBLIC.aircraft_raw (icao24, callsign, origin_country, longitude, la...]
[2025-05-21T09:13:50.292+0000] {cursor.py:846} INFO - query execution done
[2025-05-21T09:13:50.293+0000] {cursor.py:833} INFO - query: [INSERT INTO PUBLIC.aircraft_raw (icao24, callsign, origin_country, longitude, la...]
[2025-05-21T09:13:51.694+0000] {cursor.py:846} INFO - query execution done
[2025-05-21T09:13:51.697+0000] {cursor.py:833} INFO - query: [INSERT INTO PUBLIC.aircraft_raw (icao24, callsign, origin_country, longitude, la...]
[2025-05-21T09:13:53.244+0000] {cursor.py:846} INFO - query execution done
[2025-05-21T09:13:53.245+0000] {cursor.py:833} INFO - query: [INSERT INTO PUBLIC.aircraft_raw (icao24, callsign, origin_country, longitude, la...]
[2025-05-21T09:13:54.304+0000] {cursor.py:846} INFO - query execution done
[2025-05-21T09:13:54.305+0000] {cursor.py:833} INFO - query: [INSERT INTO PUBLIC.aircraft_raw (icao24, callsign, origin_country, longitude, la...]
[2025-05-21T09:13:55.829+0000] {cursor.py:846} INFO - query execution done
[2025-05-21T09:13:55.830+0000] {cursor.py:833} INFO - query: [INSERT INTO PUBLIC.aircraft_raw (icao24, callsign, origin_country, longitude, la...]
[2025-05-21T09:13:57.277+0000] {cursor.py:846} INFO - query execution done
[2025-05-21T09:13:57.278+0000] {cursor.py:833} INFO - query: [INSERT INTO PUBLIC.aircraft_raw (icao24, callsign, origin_country, longitude, la...]
[2025-05-21T09:13:58.316+0000] {cursor.py:846} INFO - query execution done
[2025-05-21T09:13:58.318+0000] {cursor.py:833} INFO - query: [INSERT INTO PUBLIC.aircraft_raw (icao24, callsign, origin_country, longitude, la...]
[2025-05-21T09:13:59.565+0000] {cursor.py:846} INFO - query execution done
[2025-05-21T09:13:59.566+0000] {cursor.py:833} INFO - query: [INSERT INTO PUBLIC.aircraft_raw (icao24, callsign, origin_country, longitude, la...]
[2025-05-21T09:14:01.011+0000] {cursor.py:846} INFO - query execution done
[2025-05-21T09:14:01.012+0000] {cursor.py:833} INFO - query: [INSERT INTO PUBLIC.aircraft_raw (icao24, callsign, origin_country, longitude, la...]
[2025-05-21T09:14:02.502+0000] {cursor.py:846} INFO - query execution done
[2025-05-21T09:14:02.504+0000] {cursor.py:833} INFO - query: [INSERT INTO PUBLIC.aircraft_raw (icao24, callsign, origin_country, longitude, la...]
[2025-05-21T09:14:04.174+0000] {cursor.py:846} INFO - query execution done
[2025-05-21T09:14:04.176+0000] {cursor.py:833} INFO - query: [INSERT INTO PUBLIC.aircraft_raw (icao24, callsign, origin_country, longitude, la...]
[2025-05-21T09:14:05.933+0000] {cursor.py:846} INFO - query execution done
[2025-05-21T09:14:05.934+0000] {cursor.py:833} INFO - query: [INSERT INTO PUBLIC.aircraft_raw (icao24, callsign, origin_country, longitude, la...]
[2025-05-21T09:14:07.736+0000] {cursor.py:846} INFO - query execution done
[2025-05-21T09:14:07.738+0000] {cursor.py:833} INFO - query: [INSERT INTO PUBLIC.aircraft_raw (icao24, callsign, origin_country, longitude, la...]
[2025-05-21T09:14:09.369+0000] {cursor.py:846} INFO - query execution done
[2025-05-21T09:14:09.370+0000] {cursor.py:833} INFO - query: [INSERT INTO PUBLIC.aircraft_raw (icao24, callsign, origin_country, longitude, la...]
[2025-05-21T09:14:10.345+0000] {cursor.py:846} INFO - query execution done
[2025-05-21T09:14:10.347+0000] {cursor.py:833} INFO - query: [INSERT INTO PUBLIC.aircraft_raw (icao24, callsign, origin_country, longitude, la...]
[2025-05-21T09:14:11.774+0000] {cursor.py:846} INFO - query execution done
[2025-05-21T09:14:11.775+0000] {cursor.py:833} INFO - query: [INSERT INTO PUBLIC.aircraft_raw (icao24, callsign, origin_country, longitude, la...]
[2025-05-21T09:14:13.200+0000] {cursor.py:846} INFO - query execution done
[2025-05-21T09:14:13.201+0000] {cursor.py:833} INFO - query: [INSERT INTO PUBLIC.aircraft_raw (icao24, callsign, origin_country, longitude, la...]
[2025-05-21T09:14:14.652+0000] {cursor.py:846} INFO - query execution done
[2025-05-21T09:14:14.653+0000] {cursor.py:833} INFO - query: [INSERT INTO PUBLIC.aircraft_raw (icao24, callsign, origin_country, longitude, la...]
[2025-05-21T09:14:17.785+0000] {cursor.py:846} INFO - query execution done
[2025-05-21T09:14:17.790+0000] {cursor.py:833} INFO - query: [INSERT INTO PUBLIC.aircraft_raw (icao24, callsign, origin_country, longitude, la...]
[2025-05-21T09:14:18.828+0000] {cursor.py:846} INFO - query execution done
[2025-05-21T09:14:18.829+0000] {cursor.py:833} INFO - query: [INSERT INTO PUBLIC.aircraft_raw (icao24, callsign, origin_country, longitude, la...]
[2025-05-21T09:14:20.461+0000] {cursor.py:846} INFO - query execution done
[2025-05-21T09:14:20.462+0000] {cursor.py:833} INFO - query: [INSERT INTO PUBLIC.aircraft_raw (icao24, callsign, origin_country, longitude, la...]
[2025-05-21T09:14:22.108+0000] {cursor.py:846} INFO - query execution done
[2025-05-21T09:14:22.109+0000] {cursor.py:833} INFO - query: [INSERT INTO PUBLIC.aircraft_raw (icao24, callsign, origin_country, longitude, la...]
[2025-05-21T09:14:23.923+0000] {cursor.py:846} INFO - query execution done
[2025-05-21T09:14:23.925+0000] {cursor.py:833} INFO - query: [INSERT INTO PUBLIC.aircraft_raw (icao24, callsign, origin_country, longitude, la...]
[2025-05-21T09:14:25.459+0000] {cursor.py:846} INFO - query execution done
[2025-05-21T09:14:25.460+0000] {cursor.py:833} INFO - query: [INSERT INTO PUBLIC.aircraft_raw (icao24, callsign, origin_country, longitude, la...]
[2025-05-21T09:14:26.733+0000] {cursor.py:846} INFO - query execution done
[2025-05-21T09:14:26.734+0000] {cursor.py:833} INFO - query: [INSERT INTO PUBLIC.aircraft_raw (icao24, callsign, origin_country, longitude, la...]
[2025-05-21T09:14:28.251+0000] {cursor.py:846} INFO - query execution done
[2025-05-21T09:14:28.251+0000] {cursor.py:833} INFO - query: [INSERT INTO PUBLIC.aircraft_raw (icao24, callsign, origin_country, longitude, la...]
[2025-05-21T09:14:29.582+0000] {cursor.py:846} INFO - query execution done
[2025-05-21T09:14:29.583+0000] {cursor.py:833} INFO - query: [INSERT INTO PUBLIC.aircraft_raw (icao24, callsign, origin_country, longitude, la...]
[2025-05-21T09:14:31.110+0000] {cursor.py:846} INFO - query execution done
[2025-05-21T09:14:31.112+0000] {cursor.py:833} INFO - query: [INSERT INTO PUBLIC.aircraft_raw (icao24, callsign, origin_country, longitude, la...]
[2025-05-21T09:14:32.768+0000] {cursor.py:846} INFO - query execution done
[2025-05-21T09:14:32.769+0000] {cursor.py:833} INFO - query: [INSERT INTO PUBLIC.aircraft_raw (icao24, callsign, origin_country, longitude, la...]
[2025-05-21T09:14:34.303+0000] {cursor.py:846} INFO - query execution done
[2025-05-21T09:14:34.305+0000] {cursor.py:833} INFO - query: [INSERT INTO PUBLIC.aircraft_raw (icao24, callsign, origin_country, longitude, la...]
[2025-05-21T09:14:35.745+0000] {cursor.py:846} INFO - query execution done
[2025-05-21T09:14:35.747+0000] {cursor.py:833} INFO - query: [INSERT INTO PUBLIC.aircraft_raw (icao24, callsign, origin_country, longitude, la...]
[2025-05-21T09:14:37.319+0000] {cursor.py:846} INFO - query execution done
[2025-05-21T09:14:37.320+0000] {cursor.py:833} INFO - query: [INSERT INTO PUBLIC.aircraft_raw (icao24, callsign, origin_country, longitude, la...]
[2025-05-21T09:14:38.752+0000] {cursor.py:846} INFO - query execution done
[2025-05-21T09:14:38.753+0000] {cursor.py:833} INFO - query: [INSERT INTO PUBLIC.aircraft_raw (icao24, callsign, origin_country, longitude, la...]
[2025-05-21T09:14:40.258+0000] {cursor.py:846} INFO - query execution done
[2025-05-21T09:14:40.260+0000] {cursor.py:833} INFO - query: [INSERT INTO PUBLIC.aircraft_raw (icao24, callsign, origin_country, longitude, la...]
[2025-05-21T09:14:41.511+0000] {cursor.py:846} INFO - query execution done
[2025-05-21T09:14:41.513+0000] {cursor.py:833} INFO - query: [INSERT INTO PUBLIC.aircraft_raw (icao24, callsign, origin_country, longitude, la...]
[2025-05-21T09:14:42.841+0000] {cursor.py:846} INFO - query execution done
[2025-05-21T09:14:42.842+0000] {cursor.py:833} INFO - query: [INSERT INTO PUBLIC.aircraft_raw (icao24, callsign, origin_country, longitude, la...]
[2025-05-21T09:14:44.482+0000] {cursor.py:846} INFO - query execution done
[2025-05-21T09:14:44.483+0000] {cursor.py:833} INFO - query: [INSERT INTO PUBLIC.aircraft_raw (icao24, callsign, origin_country, longitude, la...]
[2025-05-21T09:14:45.775+0000] {cursor.py:846} INFO - query execution done
[2025-05-21T09:14:45.776+0000] {cursor.py:833} INFO - query: [INSERT INTO PUBLIC.aircraft_raw (icao24, callsign, origin_country, longitude, la...]
[2025-05-21T09:14:47.334+0000] {cursor.py:846} INFO - query execution done
[2025-05-21T09:14:47.337+0000] {cursor.py:833} INFO - query: [INSERT INTO PUBLIC.aircraft_raw (icao24, callsign, origin_country, longitude, la...]
[2025-05-21T09:14:48.763+0000] {cursor.py:846} INFO - query execution done
[2025-05-21T09:14:48.763+0000] {cursor.py:833} INFO - query: [INSERT INTO PUBLIC.aircraft_raw (icao24, callsign, origin_country, longitude, la...]
[2025-05-21T09:14:50.204+0000] {cursor.py:846} INFO - query execution done
[2025-05-21T09:14:50.205+0000] {cursor.py:833} INFO - query: [INSERT INTO PUBLIC.aircraft_raw (icao24, callsign, origin_country, longitude, la...]
[2025-05-21T09:14:51.599+0000] {cursor.py:846} INFO - query execution done
[2025-05-21T09:14:51.600+0000] {cursor.py:833} INFO - query: [INSERT INTO PUBLIC.aircraft_raw (icao24, callsign, origin_country, longitude, la...]
[2025-05-21T09:14:53.226+0000] {cursor.py:846} INFO - query execution done
[2025-05-21T09:14:53.227+0000] {cursor.py:833} INFO - query: [INSERT INTO PUBLIC.aircraft_raw (icao24, callsign, origin_country, longitude, la...]
[2025-05-21T09:14:54.368+0000] {cursor.py:846} INFO - query execution done
[2025-05-21T09:14:54.369+0000] {cursor.py:833} INFO - query: [INSERT INTO PUBLIC.aircraft_raw (icao24, callsign, origin_country, longitude, la...]
[2025-05-21T09:14:56.273+0000] {cursor.py:846} INFO - query execution done
[2025-05-21T09:14:56.274+0000] {cursor.py:833} INFO - query: [INSERT INTO PUBLIC.aircraft_raw (icao24, callsign, origin_country, longitude, la...]
[2025-05-21T09:14:57.505+0000] {cursor.py:846} INFO - query execution done
[2025-05-21T09:14:57.507+0000] {cursor.py:833} INFO - query: [INSERT INTO PUBLIC.aircraft_raw (icao24, callsign, origin_country, longitude, la...]
[2025-05-21T09:14:58.565+0000] {cursor.py:846} INFO - query execution done
[2025-05-21T09:14:58.567+0000] {cursor.py:833} INFO - query: [INSERT INTO PUBLIC.aircraft_raw (icao24, callsign, origin_country, longitude, la...]
[2025-05-21T09:15:00.369+0000] {cursor.py:846} INFO - query execution done
[2025-05-21T09:15:00.371+0000] {cursor.py:833} INFO - query: [INSERT INTO PUBLIC.aircraft_raw (icao24, callsign, origin_country, longitude, la...]
[2025-05-21T09:15:01.963+0000] {cursor.py:846} INFO - query execution done
[2025-05-21T09:15:01.964+0000] {cursor.py:833} INFO - query: [INSERT INTO PUBLIC.aircraft_raw (icao24, callsign, origin_country, longitude, la...]
[2025-05-21T09:15:03.440+0000] {cursor.py:846} INFO - query execution done
[2025-05-21T09:15:03.441+0000] {cursor.py:833} INFO - query: [INSERT INTO PUBLIC.aircraft_raw (icao24, callsign, origin_country, longitude, la...]
[2025-05-21T09:15:04.961+0000] {cursor.py:846} INFO - query execution done
[2025-05-21T09:15:04.962+0000] {cursor.py:833} INFO - query: [INSERT INTO PUBLIC.aircraft_raw (icao24, callsign, origin_country, longitude, la...]
[2025-05-21T09:15:05.909+0000] {cursor.py:846} INFO - query execution done
[2025-05-21T09:15:05.910+0000] {cursor.py:833} INFO - query: [INSERT INTO PUBLIC.aircraft_raw (icao24, callsign, origin_country, longitude, la...]
[2025-05-21T09:15:06.785+0000] {cursor.py:846} INFO - query execution done
[2025-05-21T09:15:06.786+0000] {cursor.py:833} INFO - query: [INSERT INTO PUBLIC.aircraft_raw (icao24, callsign, origin_country, longitude, la...]
[2025-05-21T09:15:08.216+0000] {cursor.py:846} INFO - query execution done
[2025-05-21T09:15:08.218+0000] {cursor.py:833} INFO - query: [INSERT INTO PUBLIC.aircraft_raw (icao24, callsign, origin_country, longitude, la...]
[2025-05-21T09:15:09.787+0000] {cursor.py:846} INFO - query execution done
[2025-05-21T09:15:09.790+0000] {cursor.py:833} INFO - query: [INSERT INTO PUBLIC.aircraft_raw (icao24, callsign, origin_country, longitude, la...]
[2025-05-21T09:15:11.374+0000] {cursor.py:846} INFO - query execution done
[2025-05-21T09:15:11.375+0000] {cursor.py:833} INFO - query: [INSERT INTO PUBLIC.aircraft_raw (icao24, callsign, origin_country, longitude, la...]
[2025-05-21T09:15:13.303+0000] {cursor.py:846} INFO - query execution done
[2025-05-21T09:15:13.305+0000] {cursor.py:833} INFO - query: [INSERT INTO PUBLIC.aircraft_raw (icao24, callsign, origin_country, longitude, la...]
[2025-05-21T09:15:14.675+0000] {cursor.py:846} INFO - query execution done
[2025-05-21T09:15:14.677+0000] {cursor.py:833} INFO - query: [INSERT INTO PUBLIC.aircraft_raw (icao24, callsign, origin_country, longitude, la...]
[2025-05-21T09:15:16.383+0000] {cursor.py:846} INFO - query execution done
[2025-05-21T09:15:16.385+0000] {cursor.py:833} INFO - query: [INSERT INTO PUBLIC.aircraft_raw (icao24, callsign, origin_country, longitude, la...]
[2025-05-21T09:15:17.604+0000] {cursor.py:846} INFO - query execution done
[2025-05-21T09:15:17.606+0000] {cursor.py:833} INFO - query: [INSERT INTO PUBLIC.aircraft_raw (icao24, callsign, origin_country, longitude, la...]
[2025-05-21T09:15:18.892+0000] {cursor.py:846} INFO - query execution done
[2025-05-21T09:15:18.893+0000] {cursor.py:833} INFO - query: [INSERT INTO PUBLIC.aircraft_raw (icao24, callsign, origin_country, longitude, la...]
[2025-05-21T09:15:20.502+0000] {cursor.py:846} INFO - query execution done
[2025-05-21T09:15:20.504+0000] {cursor.py:833} INFO - query: [INSERT INTO PUBLIC.aircraft_raw (icao24, callsign, origin_country, longitude, la...]
[2025-05-21T09:15:21.930+0000] {cursor.py:846} INFO - query execution done
[2025-05-21T09:15:21.931+0000] {cursor.py:833} INFO - query: [INSERT INTO PUBLIC.aircraft_raw (icao24, callsign, origin_country, longitude, la...]
[2025-05-21T09:15:23.419+0000] {cursor.py:846} INFO - query execution done
[2025-05-21T09:15:23.420+0000] {cursor.py:833} INFO - query: [INSERT INTO PUBLIC.aircraft_raw (icao24, callsign, origin_country, longitude, la...]
[2025-05-21T09:15:24.872+0000] {cursor.py:846} INFO - query execution done
[2025-05-21T09:15:24.873+0000] {cursor.py:833} INFO - query: [INSERT INTO PUBLIC.aircraft_raw (icao24, callsign, origin_country, longitude, la...]
[2025-05-21T09:15:26.769+0000] {cursor.py:846} INFO - query execution done
[2025-05-21T09:15:26.770+0000] {cursor.py:833} INFO - query: [INSERT INTO PUBLIC.aircraft_raw (icao24, callsign, origin_country, longitude, la...]
[2025-05-21T09:15:28.504+0000] {cursor.py:846} INFO - query execution done
[2025-05-21T09:15:28.505+0000] {cursor.py:833} INFO - query: [INSERT INTO PUBLIC.aircraft_raw (icao24, callsign, origin_country, longitude, la...]
[2025-05-21T09:15:29.800+0000] {cursor.py:846} INFO - query execution done
[2025-05-21T09:15:29.801+0000] {cursor.py:833} INFO - query: [INSERT INTO PUBLIC.aircraft_raw (icao24, callsign, origin_country, longitude, la...]
[2025-05-21T09:15:31.136+0000] {cursor.py:846} INFO - query execution done
[2025-05-21T09:15:31.137+0000] {cursor.py:833} INFO - query: [INSERT INTO PUBLIC.aircraft_raw (icao24, callsign, origin_country, longitude, la...]
[2025-05-21T09:15:33.603+0000] {cursor.py:846} INFO - query execution done
[2025-05-21T09:15:33.604+0000] {cursor.py:833} INFO - query: [INSERT INTO PUBLIC.aircraft_raw (icao24, callsign, origin_country, longitude, la...]
[2025-05-21T09:15:35.143+0000] {cursor.py:846} INFO - query execution done
[2025-05-21T09:15:35.145+0000] {cursor.py:833} INFO - query: [INSERT INTO PUBLIC.aircraft_raw (icao24, callsign, origin_country, longitude, la...]
[2025-05-21T09:15:36.663+0000] {cursor.py:846} INFO - query execution done
[2025-05-21T09:15:36.664+0000] {cursor.py:833} INFO - query: [INSERT INTO PUBLIC.aircraft_raw (icao24, callsign, origin_country, longitude, la...]
[2025-05-21T09:15:38.013+0000] {cursor.py:846} INFO - query execution done
[2025-05-21T09:15:38.015+0000] {cursor.py:833} INFO - query: [INSERT INTO PUBLIC.aircraft_raw (icao24, callsign, origin_country, longitude, la...]
[2025-05-21T09:15:39.156+0000] {cursor.py:846} INFO - query execution done
[2025-05-21T09:15:39.156+0000] {cursor.py:833} INFO - query: [INSERT INTO PUBLIC.aircraft_raw (icao24, callsign, origin_country, longitude, la...]
[2025-05-21T09:15:41.254+0000] {cursor.py:846} INFO - query execution done
[2025-05-21T09:15:41.255+0000] {cursor.py:833} INFO - query: [INSERT INTO PUBLIC.aircraft_raw (icao24, callsign, origin_country, longitude, la...]
[2025-05-21T09:15:42.530+0000] {cursor.py:846} INFO - query execution done
[2025-05-21T09:15:42.530+0000] {cursor.py:833} INFO - query: [INSERT INTO PUBLIC.aircraft_raw (icao24, callsign, origin_country, longitude, la...]
[2025-05-21T09:15:44.006+0000] {cursor.py:846} INFO - query execution done
[2025-05-21T09:15:44.007+0000] {cursor.py:833} INFO - query: [INSERT INTO PUBLIC.aircraft_raw (icao24, callsign, origin_country, longitude, la...]
[2025-05-21T09:15:45.400+0000] {cursor.py:846} INFO - query execution done
[2025-05-21T09:15:45.402+0000] {cursor.py:833} INFO - query: [INSERT INTO PUBLIC.aircraft_raw (icao24, callsign, origin_country, longitude, la...]
[2025-05-21T09:15:46.825+0000] {cursor.py:846} INFO - query execution done
[2025-05-21T09:15:46.826+0000] {cursor.py:833} INFO - query: [INSERT INTO PUBLIC.aircraft_raw (icao24, callsign, origin_country, longitude, la...]
[2025-05-21T09:15:48.103+0000] {cursor.py:846} INFO - query execution done
[2025-05-21T09:15:48.104+0000] {cursor.py:833} INFO - query: [INSERT INTO PUBLIC.aircraft_raw (icao24, callsign, origin_country, longitude, la...]
[2025-05-21T09:15:49.524+0000] {cursor.py:846} INFO - query execution done
[2025-05-21T09:15:49.525+0000] {cursor.py:833} INFO - query: [INSERT INTO PUBLIC.aircraft_raw (icao24, callsign, origin_country, longitude, la...]
[2025-05-21T09:15:51.172+0000] {cursor.py:846} INFO - query execution done
[2025-05-21T09:15:51.172+0000] {cursor.py:833} INFO - query: [INSERT INTO PUBLIC.aircraft_raw (icao24, callsign, origin_country, longitude, la...]
[2025-05-21T09:15:52.719+0000] {cursor.py:846} INFO - query execution done
[2025-05-21T09:15:52.721+0000] {cursor.py:833} INFO - query: [INSERT INTO PUBLIC.aircraft_raw (icao24, callsign, origin_country, longitude, la...]
[2025-05-21T09:15:53.994+0000] {cursor.py:846} INFO - query execution done
[2025-05-21T09:15:53.995+0000] {cursor.py:833} INFO - query: [INSERT INTO PUBLIC.aircraft_raw (icao24, callsign, origin_country, longitude, la...]
[2025-05-21T09:15:55.243+0000] {cursor.py:846} INFO - query execution done
[2025-05-21T09:15:55.245+0000] {cursor.py:833} INFO - query: [INSERT INTO PUBLIC.aircraft_raw (icao24, callsign, origin_country, longitude, la...]
[2025-05-21T09:15:56.820+0000] {cursor.py:846} INFO - query execution done
[2025-05-21T09:15:56.821+0000] {cursor.py:833} INFO - query: [INSERT INTO PUBLIC.aircraft_raw (icao24, callsign, origin_country, longitude, la...]
[2025-05-21T09:15:58.202+0000] {cursor.py:846} INFO - query execution done
[2025-05-21T09:15:58.204+0000] {cursor.py:833} INFO - query: [INSERT INTO PUBLIC.aircraft_raw (icao24, callsign, origin_country, longitude, la...]
[2025-05-21T09:15:59.452+0000] {cursor.py:846} INFO - query execution done
[2025-05-21T09:15:59.452+0000] {cursor.py:833} INFO - query: [INSERT INTO PUBLIC.aircraft_raw (icao24, callsign, origin_country, longitude, la...]
[2025-05-21T09:16:01.249+0000] {cursor.py:846} INFO - query execution done
[2025-05-21T09:16:01.250+0000] {cursor.py:833} INFO - query: [INSERT INTO PUBLIC.aircraft_raw (icao24, callsign, origin_country, longitude, la...]
[2025-05-21T09:16:02.524+0000] {cursor.py:846} INFO - query execution done
[2025-05-21T09:16:02.525+0000] {cursor.py:833} INFO - query: [INSERT INTO PUBLIC.aircraft_raw (icao24, callsign, origin_country, longitude, la...]
[2025-05-21T09:16:04.242+0000] {cursor.py:846} INFO - query execution done
[2025-05-21T09:16:04.245+0000] {cursor.py:833} INFO - query: [INSERT INTO PUBLIC.aircraft_raw (icao24, callsign, origin_country, longitude, la...]
[2025-05-21T09:16:05.576+0000] {cursor.py:846} INFO - query execution done
[2025-05-21T09:16:05.576+0000] {cursor.py:833} INFO - query: [INSERT INTO PUBLIC.aircraft_raw (icao24, callsign, origin_country, longitude, la...]
[2025-05-21T09:16:06.880+0000] {cursor.py:846} INFO - query execution done
[2025-05-21T09:16:06.881+0000] {cursor.py:833} INFO - query: [INSERT INTO PUBLIC.aircraft_raw (icao24, callsign, origin_country, longitude, la...]
[2025-05-21T09:16:08.447+0000] {cursor.py:846} INFO - query execution done
[2025-05-21T09:16:08.447+0000] {cursor.py:833} INFO - query: [INSERT INTO PUBLIC.aircraft_raw (icao24, callsign, origin_country, longitude, la...]
[2025-05-21T09:16:09.789+0000] {cursor.py:846} INFO - query execution done
[2025-05-21T09:16:09.791+0000] {cursor.py:833} INFO - query: [INSERT INTO PUBLIC.aircraft_raw (icao24, callsign, origin_country, longitude, la...]
[2025-05-21T09:16:11.090+0000] {cursor.py:846} INFO - query execution done
[2025-05-21T09:16:11.092+0000] {cursor.py:833} INFO - query: [INSERT INTO PUBLIC.aircraft_raw (icao24, callsign, origin_country, longitude, la...]
[2025-05-21T09:16:12.478+0000] {local_task_job_runner.py:115} ERROR - Received SIGTERM. Terminating subprocesses
[2025-05-21T09:16:12.540+0000] {process_utils.py:131} INFO - Sending 15 to group 408. PIDs of all processes in the group: [408]
[2025-05-21T09:16:12.549+0000] {process_utils.py:86} INFO - Sending the signal 15 to group 408
[2025-05-21T09:16:12.594+0000] {taskinstance.py:1632} ERROR - Received SIGTERM. Terminating subprocesses.
[2025-05-21T09:16:12.715+0000] {taskinstance.py:1937} ERROR - Task failed with exception
Traceback (most recent call last):
  File "/home/airflow/.local/lib/python3.8/site-packages/airflow/operators/python.py", line 192, in execute
    return_value = self.execute_callable()
  File "/home/airflow/.local/lib/python3.8/site-packages/airflow/operators/python.py", line 209, in execute_callable
    return self.python_callable(*self.op_args, **self.op_kwargs)
  File "/opt/airflow/dags/kafka_to_snowflake.py", line 101, in consume_and_load
    VALUES (%(icao24)s, %(callsign)s, %(origin_country)s,
  File "/home/airflow/.local/lib/python3.8/site-packages/snowflake/connector/cursor.py", line 834, in execute
    ret = self._execute_helper(query, **kwargs)
  File "/home/airflow/.local/lib/python3.8/site-packages/snowflake/connector/cursor.py", line 550, in _execute_helper
    ret = self._connection.cmd_query(
  File "/home/airflow/.local/lib/python3.8/site-packages/snowflake/connector/connection.py", line 1185, in cmd_query
    ret = self.rest.request(
  File "/home/airflow/.local/lib/python3.8/site-packages/snowflake/connector/network.py", line 491, in request
    return self._post_request(
  File "/home/airflow/.local/lib/python3.8/site-packages/snowflake/connector/network.py", line 730, in _post_request
    ret = self.fetch(
  File "/home/airflow/.local/lib/python3.8/site-packages/snowflake/connector/network.py", line 849, in fetch
    ret = self._request_exec_wrapper(
  File "/home/airflow/.local/lib/python3.8/site-packages/snowflake/connector/network.py", line 987, in _request_exec_wrapper
    raise e
  File "/home/airflow/.local/lib/python3.8/site-packages/snowflake/connector/network.py", line 891, in _request_exec_wrapper
    return_object = self._request_exec(
  File "/home/airflow/.local/lib/python3.8/site-packages/snowflake/connector/network.py", line 1189, in _request_exec
    raise err
  File "/home/airflow/.local/lib/python3.8/site-packages/snowflake/connector/network.py", line 1084, in _request_exec
    raw_ret = session.request(
  File "/home/airflow/.local/lib/python3.8/site-packages/snowflake/connector/vendored/requests/sessions.py", line 587, in request
    resp = self.send(prep, **send_kwargs)
  File "/home/airflow/.local/lib/python3.8/site-packages/snowflake/connector/vendored/requests/sessions.py", line 701, in send
    r = adapter.send(request, **kwargs)
  File "/home/airflow/.local/lib/python3.8/site-packages/snowflake/connector/vendored/requests/adapters.py", line 487, in send
    resp = conn.urlopen(
  File "/home/airflow/.local/lib/python3.8/site-packages/snowflake/connector/vendored/urllib3/connectionpool.py", line 703, in urlopen
    httplib_response = self._make_request(
  File "/home/airflow/.local/lib/python3.8/site-packages/snowflake/connector/vendored/urllib3/connectionpool.py", line 449, in _make_request
    six.raise_from(e, None)
  File "<string>", line 3, in raise_from
  File "/home/airflow/.local/lib/python3.8/site-packages/snowflake/connector/vendored/urllib3/connectionpool.py", line 444, in _make_request
    httplib_response = conn.getresponse()
  File "/usr/local/lib/python3.8/http/client.py", line 1348, in getresponse
    response.begin()
  File "/usr/local/lib/python3.8/http/client.py", line 316, in begin
    version, status, reason = self._read_status()
  File "/usr/local/lib/python3.8/http/client.py", line 277, in _read_status
    line = str(self.fp.readline(_MAXLINE + 1), "iso-8859-1")
  File "/usr/local/lib/python3.8/socket.py", line 669, in readinto
    return self._sock.recv_into(b)
  File "/home/airflow/.local/lib/python3.8/site-packages/snowflake/connector/vendored/urllib3/contrib/pyopenssl.py", line 330, in recv_into
    if not util.wait_for_read(self.socket, self.socket.gettimeout()):
  File "/home/airflow/.local/lib/python3.8/site-packages/snowflake/connector/vendored/urllib3/util/wait.py", line 145, in wait_for_read
    return wait_for_socket(sock, read=True, timeout=timeout)
  File "/home/airflow/.local/lib/python3.8/site-packages/snowflake/connector/vendored/urllib3/util/wait.py", line 106, in poll_wait_for_socket
    return bool(_retry_on_intr(do_poll, timeout))
  File "/home/airflow/.local/lib/python3.8/site-packages/snowflake/connector/vendored/urllib3/util/wait.py", line 43, in _retry_on_intr
    return fn(timeout)
  File "/home/airflow/.local/lib/python3.8/site-packages/snowflake/connector/vendored/urllib3/util/wait.py", line 104, in do_poll
    return poll_obj.poll(t)
  File "/home/airflow/.local/lib/python3.8/site-packages/airflow/models/taskinstance.py", line 1634, in signal_handler
    raise AirflowException("Task received SIGTERM signal")
airflow.exceptions.AirflowException: Task received SIGTERM signal
[2025-05-21T09:16:12.771+0000] {taskinstance.py:1400} INFO - Marking task as UP_FOR_RETRY. dag_id=kafka_to_snowflake, task_id=consume_and_store, execution_date=20250521T091116, start_date=20250521T091117, end_date=20250521T091612
[2025-05-21T09:16:12.850+0000] {standard_task_runner.py:104} ERROR - Failed to execute job 32 for task consume_and_store (Task received SIGTERM signal; 408)
[2025-05-21T09:16:12.913+0000] {process_utils.py:79} INFO - Process psutil.Process(pid=408, status='terminated', exitcode=1, started='09:11:17') (408) terminated with exit code 1
[2025-05-21T09:16:12.916+0000] {local_task_job_runner.py:228} INFO - Task exited with return code 143
[2025-05-21T09:16:12.968+0000] {taskinstance.py:2778} INFO - 0 downstream tasks scheduled from follow-on schedule check
