[2025-05-21T08:40:40.762+0000] {taskinstance.py:1159} INFO - Dependencies all met for dep_context=non-requeueable deps ti=<TaskInstance: kafka_to_snowflake.consume_kafka_and_store_in_snowflake manual__2025-05-21T08:40:39.877951+00:00 [queued]>
[2025-05-21T08:40:40.771+0000] {taskinstance.py:1159} INFO - Dependencies all met for dep_context=requeueable deps ti=<TaskInstance: kafka_to_snowflake.consume_kafka_and_store_in_snowflake manual__2025-05-21T08:40:39.877951+00:00 [queued]>
[2025-05-21T08:40:40.772+0000] {taskinstance.py:1361} INFO - Starting attempt 1 of 2
[2025-05-21T08:40:40.780+0000] {taskinstance.py:1382} INFO - Executing <Task(PythonOperator): consume_kafka_and_store_in_snowflake> on 2025-05-21 08:40:39.877951+00:00
[2025-05-21T08:40:40.790+0000] {standard_task_runner.py:57} INFO - Started process 288 to run task
[2025-05-21T08:40:40.793+0000] {standard_task_runner.py:84} INFO - Running: ['***', 'tasks', 'run', 'kafka_to_snowflake', 'consume_kafka_and_store_in_snowflake', 'manual__2025-05-21T08:40:39.877951+00:00', '--job-id', '5', '--raw', '--subdir', 'DAGS_FOLDER/kafka_to_snowflake.py', '--cfg-path', '/tmp/tmp2akdn1wz']
[2025-05-21T08:40:40.797+0000] {standard_task_runner.py:85} INFO - Job 5: Subtask consume_kafka_and_store_in_snowflake
[2025-05-21T08:40:40.814+0000] {logging_mixin.py:154} WARNING - /home/***/.local/lib/python3.8/site-packages/***/settings.py:195 DeprecationWarning: The sql_alchemy_conn option in [core] has been moved to the sql_alchemy_conn option in [database] - the old setting has been used, but please update your config.
[2025-05-21T08:40:40.869+0000] {task_command.py:416} INFO - Running <TaskInstance: kafka_to_snowflake.consume_kafka_and_store_in_snowflake manual__2025-05-21T08:40:39.877951+00:00 [running]> on host 181c87754ed7
[2025-05-21T08:40:40.932+0000] {taskinstance.py:1662} INFO - Exporting env vars: AIRFLOW_CTX_DAG_OWNER='***' AIRFLOW_CTX_DAG_ID='kafka_to_snowflake' AIRFLOW_CTX_TASK_ID='consume_kafka_and_store_in_snowflake' AIRFLOW_CTX_EXECUTION_DATE='2025-05-21T08:40:39.877951+00:00' AIRFLOW_CTX_TRY_NUMBER='1' AIRFLOW_CTX_DAG_RUN_ID='manual__2025-05-21T08:40:39.877951+00:00'
[2025-05-21T08:40:40.937+0000] {conn.py:396} INFO - <BrokerConnection client_id=kafka-python-2.2.7, node_id=bootstrap-0 host=kafka:29092 <connecting> [IPv4 ('172.18.0.3', 29092)]>: connecting to kafka:29092 [('172.18.0.3', 29092) IPv4]
[2025-05-21T08:40:40.948+0000] {conn.py:618} INFO - <BrokerConnection client_id=kafka-python-2.2.7, node_id=bootstrap-0 host=kafka:29092 <checking_api_versions_recv> [IPv4 ('172.18.0.3', 29092)]>: Broker version identified as 2.6
[2025-05-21T08:40:40.949+0000] {conn.py:457} INFO - <BrokerConnection client_id=kafka-python-2.2.7, node_id=bootstrap-0 host=kafka:29092 <connected> [IPv4 ('172.18.0.3', 29092)]>: Connection complete.
[2025-05-21T08:40:40.950+0000] {consumer.py:120} WARNING - group_id is None: disabling auto-commit.
[2025-05-21T08:40:40.951+0000] {subscription_state.py:177} INFO - Updating subscribed topics to: ('flights',)
[2025-05-21T08:40:40.952+0000] {connection.py:334} INFO - Snowflake Connector for Python Version: 3.3.1, Python Version: 3.8.18, Platform: Linux-6.10.14-linuxkit-aarch64-with-glibc2.17
[2025-05-21T08:40:40.953+0000] {connection.py:1103} INFO - This connection is in OCSP Fail Open Mode. TLS Certificates would be checked for validity and revocation status. Any other Certificate Revocation related exceptions or OCSP Responder failures would be disregarded in favor of connectivity.
[2025-05-21T08:40:40.955+0000] {connection.py:1121} INFO - Setting use_openssl_only mode to False
[2025-05-21T08:40:43.249+0000] {subscription_state.py:246} INFO - Updated partition assignment: [('flights', 0)]
[2025-05-21T08:40:43.250+0000] {conn.py:396} INFO - <BrokerConnection client_id=kafka-python-2.2.7, node_id=1001 host=kafka:29092 <connecting> [IPv4 ('172.18.0.3', 29092)]>: connecting to kafka:29092 [('172.18.0.3', 29092) IPv4]
[2025-05-21T08:40:43.255+0000] {conn.py:457} INFO - <BrokerConnection client_id=kafka-python-2.2.7, node_id=1001 host=kafka:29092 <connected> [IPv4 ('172.18.0.3', 29092)]>: Connection complete.
[2025-05-21T08:40:43.255+0000] {conn.py:945} INFO - <BrokerConnection client_id=kafka-python-2.2.7, node_id=bootstrap-0 host=kafka:29092 <connected> [IPv4 ('172.18.0.3', 29092)]>: Closing connection. 
[2025-05-21T08:40:43.256+0000] {fetcher.py:413} INFO - Resetting offset for partition ('flights', 0) to offset 0.
[2025-05-21T08:40:59.156+0000] {cursor.py:833} INFO - query: [INSERT INTO PUBLIC.aircraft_raw (icao24, callsign, origin_country, longitude, la...]
[2025-05-21T08:41:00.327+0000] {cursor.py:846} INFO - query execution done
[2025-05-21T08:41:00.329+0000] {cursor.py:833} INFO - query: [INSERT INTO PUBLIC.aircraft_raw (icao24, callsign, origin_country, longitude, la...]
[2025-05-21T08:41:01.174+0000] {cursor.py:846} INFO - query execution done
[2025-05-21T08:41:01.177+0000] {cursor.py:833} INFO - query: [INSERT INTO PUBLIC.aircraft_raw (icao24, callsign, origin_country, longitude, la...]
[2025-05-21T08:41:02.005+0000] {cursor.py:846} INFO - query execution done
[2025-05-21T08:41:02.005+0000] {cursor.py:833} INFO - query: [INSERT INTO PUBLIC.aircraft_raw (icao24, callsign, origin_country, longitude, la...]
[2025-05-21T08:41:02.582+0000] {cursor.py:846} INFO - query execution done
[2025-05-21T08:41:02.582+0000] {cursor.py:833} INFO - query: [INSERT INTO PUBLIC.aircraft_raw (icao24, callsign, origin_country, longitude, la...]
[2025-05-21T08:41:03.361+0000] {cursor.py:846} INFO - query execution done
[2025-05-21T08:41:03.361+0000] {cursor.py:833} INFO - query: [INSERT INTO PUBLIC.aircraft_raw (icao24, callsign, origin_country, longitude, la...]
[2025-05-21T08:41:03.901+0000] {cursor.py:846} INFO - query execution done
[2025-05-21T08:41:03.902+0000] {cursor.py:833} INFO - query: [INSERT INTO PUBLIC.aircraft_raw (icao24, callsign, origin_country, longitude, la...]
[2025-05-21T08:41:04.486+0000] {cursor.py:846} INFO - query execution done
[2025-05-21T08:41:04.487+0000] {cursor.py:833} INFO - query: [INSERT INTO PUBLIC.aircraft_raw (icao24, callsign, origin_country, longitude, la...]
[2025-05-21T08:41:05.083+0000] {cursor.py:846} INFO - query execution done
[2025-05-21T08:41:05.084+0000] {cursor.py:833} INFO - query: [INSERT INTO PUBLIC.aircraft_raw (icao24, callsign, origin_country, longitude, la...]
[2025-05-21T08:41:05.615+0000] {cursor.py:846} INFO - query execution done
[2025-05-21T08:41:05.619+0000] {cursor.py:833} INFO - query: [INSERT INTO PUBLIC.aircraft_raw (icao24, callsign, origin_country, longitude, la...]
[2025-05-21T08:41:06.433+0000] {cursor.py:846} INFO - query execution done
[2025-05-21T08:41:06.434+0000] {cursor.py:833} INFO - query: [INSERT INTO PUBLIC.aircraft_raw (icao24, callsign, origin_country, longitude, la...]
[2025-05-21T08:41:07.059+0000] {cursor.py:846} INFO - query execution done
[2025-05-21T08:41:07.060+0000] {cursor.py:833} INFO - query: [INSERT INTO PUBLIC.aircraft_raw (icao24, callsign, origin_country, longitude, la...]
[2025-05-21T08:41:07.759+0000] {cursor.py:846} INFO - query execution done
[2025-05-21T08:41:07.761+0000] {cursor.py:833} INFO - query: [INSERT INTO PUBLIC.aircraft_raw (icao24, callsign, origin_country, longitude, la...]
[2025-05-21T08:41:08.389+0000] {cursor.py:846} INFO - query execution done
[2025-05-21T08:41:08.391+0000] {cursor.py:833} INFO - query: [INSERT INTO PUBLIC.aircraft_raw (icao24, callsign, origin_country, longitude, la...]
[2025-05-21T08:41:08.908+0000] {cursor.py:846} INFO - query execution done
[2025-05-21T08:41:08.909+0000] {cursor.py:833} INFO - query: [INSERT INTO PUBLIC.aircraft_raw (icao24, callsign, origin_country, longitude, la...]
[2025-05-21T08:41:09.588+0000] {cursor.py:846} INFO - query execution done
[2025-05-21T08:41:09.590+0000] {cursor.py:833} INFO - query: [INSERT INTO PUBLIC.aircraft_raw (icao24, callsign, origin_country, longitude, la...]
[2025-05-21T08:41:10.323+0000] {cursor.py:846} INFO - query execution done
[2025-05-21T08:41:10.324+0000] {cursor.py:833} INFO - query: [INSERT INTO PUBLIC.aircraft_raw (icao24, callsign, origin_country, longitude, la...]
[2025-05-21T08:41:10.846+0000] {cursor.py:846} INFO - query execution done
[2025-05-21T08:41:10.847+0000] {cursor.py:833} INFO - query: [INSERT INTO PUBLIC.aircraft_raw (icao24, callsign, origin_country, longitude, la...]
[2025-05-21T08:41:11.927+0000] {cursor.py:846} INFO - query execution done
[2025-05-21T08:41:11.929+0000] {cursor.py:833} INFO - query: [INSERT INTO PUBLIC.aircraft_raw (icao24, callsign, origin_country, longitude, la...]
[2025-05-21T08:41:12.526+0000] {cursor.py:846} INFO - query execution done
[2025-05-21T08:41:12.527+0000] {cursor.py:833} INFO - query: [INSERT INTO PUBLIC.aircraft_raw (icao24, callsign, origin_country, longitude, la...]
[2025-05-21T08:41:13.011+0000] {cursor.py:846} INFO - query execution done
[2025-05-21T08:41:13.012+0000] {cursor.py:833} INFO - query: [INSERT INTO PUBLIC.aircraft_raw (icao24, callsign, origin_country, longitude, la...]
[2025-05-21T08:41:13.549+0000] {cursor.py:846} INFO - query execution done
[2025-05-21T08:41:13.550+0000] {cursor.py:833} INFO - query: [INSERT INTO PUBLIC.aircraft_raw (icao24, callsign, origin_country, longitude, la...]
[2025-05-21T08:41:14.050+0000] {cursor.py:846} INFO - query execution done
[2025-05-21T08:41:14.053+0000] {cursor.py:833} INFO - query: [INSERT INTO PUBLIC.aircraft_raw (icao24, callsign, origin_country, longitude, la...]
[2025-05-21T08:41:14.592+0000] {cursor.py:846} INFO - query execution done
[2025-05-21T08:41:14.593+0000] {cursor.py:833} INFO - query: [INSERT INTO PUBLIC.aircraft_raw (icao24, callsign, origin_country, longitude, la...]
[2025-05-21T08:41:15.135+0000] {cursor.py:846} INFO - query execution done
[2025-05-21T08:41:15.136+0000] {cursor.py:833} INFO - query: [INSERT INTO PUBLIC.aircraft_raw (icao24, callsign, origin_country, longitude, la...]
[2025-05-21T08:41:15.634+0000] {cursor.py:846} INFO - query execution done
[2025-05-21T08:41:15.635+0000] {cursor.py:833} INFO - query: [INSERT INTO PUBLIC.aircraft_raw (icao24, callsign, origin_country, longitude, la...]
[2025-05-21T08:41:16.160+0000] {cursor.py:846} INFO - query execution done
[2025-05-21T08:41:16.163+0000] {cursor.py:833} INFO - query: [INSERT INTO PUBLIC.aircraft_raw (icao24, callsign, origin_country, longitude, la...]
[2025-05-21T08:41:16.681+0000] {cursor.py:846} INFO - query execution done
[2025-05-21T08:41:16.682+0000] {cursor.py:833} INFO - query: [INSERT INTO PUBLIC.aircraft_raw (icao24, callsign, origin_country, longitude, la...]
[2025-05-21T08:41:17.286+0000] {cursor.py:846} INFO - query execution done
[2025-05-21T08:41:17.288+0000] {cursor.py:833} INFO - query: [INSERT INTO PUBLIC.aircraft_raw (icao24, callsign, origin_country, longitude, la...]
[2025-05-21T08:41:17.901+0000] {cursor.py:846} INFO - query execution done
[2025-05-21T08:41:17.902+0000] {cursor.py:833} INFO - query: [INSERT INTO PUBLIC.aircraft_raw (icao24, callsign, origin_country, longitude, la...]
[2025-05-21T08:41:18.411+0000] {cursor.py:846} INFO - query execution done
[2025-05-21T08:41:18.412+0000] {cursor.py:833} INFO - query: [INSERT INTO PUBLIC.aircraft_raw (icao24, callsign, origin_country, longitude, la...]
[2025-05-21T08:41:18.941+0000] {cursor.py:846} INFO - query execution done
[2025-05-21T08:41:18.943+0000] {cursor.py:833} INFO - query: [INSERT INTO PUBLIC.aircraft_raw (icao24, callsign, origin_country, longitude, la...]
[2025-05-21T08:41:19.523+0000] {cursor.py:846} INFO - query execution done
[2025-05-21T08:41:19.524+0000] {cursor.py:833} INFO - query: [INSERT INTO PUBLIC.aircraft_raw (icao24, callsign, origin_country, longitude, la...]
[2025-05-21T08:41:20.089+0000] {cursor.py:846} INFO - query execution done
[2025-05-21T08:41:20.091+0000] {cursor.py:833} INFO - query: [INSERT INTO PUBLIC.aircraft_raw (icao24, callsign, origin_country, longitude, la...]
[2025-05-21T08:41:20.668+0000] {cursor.py:846} INFO - query execution done
[2025-05-21T08:41:20.669+0000] {cursor.py:833} INFO - query: [INSERT INTO PUBLIC.aircraft_raw (icao24, callsign, origin_country, longitude, la...]
[2025-05-21T08:41:21.180+0000] {cursor.py:846} INFO - query execution done
[2025-05-21T08:41:21.181+0000] {cursor.py:833} INFO - query: [INSERT INTO PUBLIC.aircraft_raw (icao24, callsign, origin_country, longitude, la...]
[2025-05-21T08:41:21.859+0000] {cursor.py:846} INFO - query execution done
[2025-05-21T08:41:21.860+0000] {cursor.py:833} INFO - query: [INSERT INTO PUBLIC.aircraft_raw (icao24, callsign, origin_country, longitude, la...]
[2025-05-21T08:41:22.539+0000] {cursor.py:846} INFO - query execution done
[2025-05-21T08:41:22.541+0000] {cursor.py:833} INFO - query: [INSERT INTO PUBLIC.aircraft_raw (icao24, callsign, origin_country, longitude, la...]
[2025-05-21T08:41:23.173+0000] {cursor.py:846} INFO - query execution done
[2025-05-21T08:41:23.174+0000] {cursor.py:833} INFO - query: [INSERT INTO PUBLIC.aircraft_raw (icao24, callsign, origin_country, longitude, la...]
[2025-05-21T08:41:23.827+0000] {cursor.py:846} INFO - query execution done
[2025-05-21T08:41:23.828+0000] {cursor.py:833} INFO - query: [INSERT INTO PUBLIC.aircraft_raw (icao24, callsign, origin_country, longitude, la...]
[2025-05-21T08:41:24.468+0000] {cursor.py:846} INFO - query execution done
[2025-05-21T08:41:24.470+0000] {cursor.py:833} INFO - query: [INSERT INTO PUBLIC.aircraft_raw (icao24, callsign, origin_country, longitude, la...]
[2025-05-21T08:41:24.989+0000] {cursor.py:846} INFO - query execution done
[2025-05-21T08:41:24.991+0000] {cursor.py:833} INFO - query: [INSERT INTO PUBLIC.aircraft_raw (icao24, callsign, origin_country, longitude, la...]
[2025-05-21T08:41:25.494+0000] {cursor.py:846} INFO - query execution done
[2025-05-21T08:41:25.495+0000] {cursor.py:833} INFO - query: [INSERT INTO PUBLIC.aircraft_raw (icao24, callsign, origin_country, longitude, la...]
[2025-05-21T08:41:26.019+0000] {cursor.py:846} INFO - query execution done
[2025-05-21T08:41:26.020+0000] {cursor.py:833} INFO - query: [INSERT INTO PUBLIC.aircraft_raw (icao24, callsign, origin_country, longitude, la...]
[2025-05-21T08:41:26.527+0000] {cursor.py:846} INFO - query execution done
[2025-05-21T08:41:26.528+0000] {cursor.py:833} INFO - query: [INSERT INTO PUBLIC.aircraft_raw (icao24, callsign, origin_country, longitude, la...]
[2025-05-21T08:41:27.021+0000] {cursor.py:846} INFO - query execution done
[2025-05-21T08:41:27.022+0000] {cursor.py:833} INFO - query: [INSERT INTO PUBLIC.aircraft_raw (icao24, callsign, origin_country, longitude, la...]
[2025-05-21T08:41:27.494+0000] {cursor.py:846} INFO - query execution done
[2025-05-21T08:41:27.495+0000] {cursor.py:833} INFO - query: [INSERT INTO PUBLIC.aircraft_raw (icao24, callsign, origin_country, longitude, la...]
[2025-05-21T08:41:28.190+0000] {cursor.py:846} INFO - query execution done
[2025-05-21T08:41:28.190+0000] {cursor.py:833} INFO - query: [INSERT INTO PUBLIC.aircraft_raw (icao24, callsign, origin_country, longitude, la...]
[2025-05-21T08:41:28.809+0000] {cursor.py:846} INFO - query execution done
[2025-05-21T08:41:28.810+0000] {cursor.py:833} INFO - query: [INSERT INTO PUBLIC.aircraft_raw (icao24, callsign, origin_country, longitude, la...]
[2025-05-21T08:41:29.315+0000] {cursor.py:846} INFO - query execution done
[2025-05-21T08:41:29.316+0000] {cursor.py:833} INFO - query: [INSERT INTO PUBLIC.aircraft_raw (icao24, callsign, origin_country, longitude, la...]
[2025-05-21T08:41:29.898+0000] {cursor.py:846} INFO - query execution done
[2025-05-21T08:41:29.900+0000] {cursor.py:833} INFO - query: [INSERT INTO PUBLIC.aircraft_raw (icao24, callsign, origin_country, longitude, la...]
[2025-05-21T08:41:30.542+0000] {cursor.py:846} INFO - query execution done
[2025-05-21T08:41:30.543+0000] {cursor.py:833} INFO - query: [INSERT INTO PUBLIC.aircraft_raw (icao24, callsign, origin_country, longitude, la...]
[2025-05-21T08:41:31.041+0000] {cursor.py:846} INFO - query execution done
[2025-05-21T08:41:31.041+0000] {cursor.py:833} INFO - query: [INSERT INTO PUBLIC.aircraft_raw (icao24, callsign, origin_country, longitude, la...]
[2025-05-21T08:41:31.599+0000] {cursor.py:846} INFO - query execution done
[2025-05-21T08:41:31.600+0000] {cursor.py:833} INFO - query: [INSERT INTO PUBLIC.aircraft_raw (icao24, callsign, origin_country, longitude, la...]
[2025-05-21T08:41:32.168+0000] {cursor.py:846} INFO - query execution done
[2025-05-21T08:41:32.170+0000] {cursor.py:833} INFO - query: [INSERT INTO PUBLIC.aircraft_raw (icao24, callsign, origin_country, longitude, la...]
[2025-05-21T08:41:32.756+0000] {cursor.py:846} INFO - query execution done
[2025-05-21T08:41:32.758+0000] {cursor.py:833} INFO - query: [INSERT INTO PUBLIC.aircraft_raw (icao24, callsign, origin_country, longitude, la...]
[2025-05-21T08:41:33.275+0000] {cursor.py:846} INFO - query execution done
[2025-05-21T08:41:33.275+0000] {cursor.py:833} INFO - query: [INSERT INTO PUBLIC.aircraft_raw (icao24, callsign, origin_country, longitude, la...]
[2025-05-21T08:41:33.773+0000] {cursor.py:846} INFO - query execution done
[2025-05-21T08:41:33.774+0000] {cursor.py:833} INFO - query: [INSERT INTO PUBLIC.aircraft_raw (icao24, callsign, origin_country, longitude, la...]
[2025-05-21T08:41:34.308+0000] {cursor.py:846} INFO - query execution done
[2025-05-21T08:41:34.309+0000] {cursor.py:833} INFO - query: [INSERT INTO PUBLIC.aircraft_raw (icao24, callsign, origin_country, longitude, la...]
[2025-05-21T08:41:34.849+0000] {cursor.py:846} INFO - query execution done
[2025-05-21T08:41:34.850+0000] {cursor.py:833} INFO - query: [INSERT INTO PUBLIC.aircraft_raw (icao24, callsign, origin_country, longitude, la...]
[2025-05-21T08:41:35.468+0000] {cursor.py:846} INFO - query execution done
[2025-05-21T08:41:35.469+0000] {cursor.py:833} INFO - query: [INSERT INTO PUBLIC.aircraft_raw (icao24, callsign, origin_country, longitude, la...]
[2025-05-21T08:41:36.028+0000] {cursor.py:846} INFO - query execution done
[2025-05-21T08:41:36.030+0000] {cursor.py:833} INFO - query: [INSERT INTO PUBLIC.aircraft_raw (icao24, callsign, origin_country, longitude, la...]
[2025-05-21T08:41:36.709+0000] {cursor.py:846} INFO - query execution done
[2025-05-21T08:41:36.710+0000] {cursor.py:833} INFO - query: [INSERT INTO PUBLIC.aircraft_raw (icao24, callsign, origin_country, longitude, la...]
[2025-05-21T08:41:37.212+0000] {cursor.py:846} INFO - query execution done
[2025-05-21T08:41:37.213+0000] {cursor.py:833} INFO - query: [INSERT INTO PUBLIC.aircraft_raw (icao24, callsign, origin_country, longitude, la...]
[2025-05-21T08:41:37.738+0000] {cursor.py:846} INFO - query execution done
[2025-05-21T08:41:37.738+0000] {cursor.py:833} INFO - query: [INSERT INTO PUBLIC.aircraft_raw (icao24, callsign, origin_country, longitude, la...]
[2025-05-21T08:41:38.217+0000] {cursor.py:846} INFO - query execution done
[2025-05-21T08:41:38.218+0000] {cursor.py:833} INFO - query: [INSERT INTO PUBLIC.aircraft_raw (icao24, callsign, origin_country, longitude, la...]
[2025-05-21T08:41:38.756+0000] {cursor.py:846} INFO - query execution done
[2025-05-21T08:41:38.757+0000] {cursor.py:833} INFO - query: [INSERT INTO PUBLIC.aircraft_raw (icao24, callsign, origin_country, longitude, la...]
[2025-05-21T08:41:39.304+0000] {cursor.py:846} INFO - query execution done
[2025-05-21T08:41:39.305+0000] {cursor.py:833} INFO - query: [INSERT INTO PUBLIC.aircraft_raw (icao24, callsign, origin_country, longitude, la...]
[2025-05-21T08:41:39.950+0000] {cursor.py:846} INFO - query execution done
[2025-05-21T08:41:39.952+0000] {cursor.py:833} INFO - query: [INSERT INTO PUBLIC.aircraft_raw (icao24, callsign, origin_country, longitude, la...]
[2025-05-21T08:41:40.643+0000] {cursor.py:846} INFO - query execution done
[2025-05-21T08:41:40.644+0000] {cursor.py:833} INFO - query: [INSERT INTO PUBLIC.aircraft_raw (icao24, callsign, origin_country, longitude, la...]
[2025-05-21T08:41:41.303+0000] {cursor.py:846} INFO - query execution done
[2025-05-21T08:41:41.304+0000] {cursor.py:833} INFO - query: [INSERT INTO PUBLIC.aircraft_raw (icao24, callsign, origin_country, longitude, la...]
[2025-05-21T08:41:41.956+0000] {cursor.py:846} INFO - query execution done
[2025-05-21T08:41:41.957+0000] {cursor.py:833} INFO - query: [INSERT INTO PUBLIC.aircraft_raw (icao24, callsign, origin_country, longitude, la...]
[2025-05-21T08:41:42.535+0000] {cursor.py:846} INFO - query execution done
[2025-05-21T08:41:42.536+0000] {cursor.py:833} INFO - query: [INSERT INTO PUBLIC.aircraft_raw (icao24, callsign, origin_country, longitude, la...]
[2025-05-21T08:41:43.093+0000] {cursor.py:846} INFO - query execution done
[2025-05-21T08:41:43.094+0000] {cursor.py:833} INFO - query: [INSERT INTO PUBLIC.aircraft_raw (icao24, callsign, origin_country, longitude, la...]
[2025-05-21T08:41:43.848+0000] {cursor.py:846} INFO - query execution done
[2025-05-21T08:41:43.850+0000] {cursor.py:833} INFO - query: [INSERT INTO PUBLIC.aircraft_raw (icao24, callsign, origin_country, longitude, la...]
[2025-05-21T08:41:44.474+0000] {cursor.py:846} INFO - query execution done
[2025-05-21T08:41:44.476+0000] {cursor.py:833} INFO - query: [INSERT INTO PUBLIC.aircraft_raw (icao24, callsign, origin_country, longitude, la...]
[2025-05-21T08:41:45.142+0000] {cursor.py:846} INFO - query execution done
[2025-05-21T08:41:45.143+0000] {cursor.py:833} INFO - query: [INSERT INTO PUBLIC.aircraft_raw (icao24, callsign, origin_country, longitude, la...]
[2025-05-21T08:41:46.059+0000] {cursor.py:846} INFO - query execution done
[2025-05-21T08:41:46.061+0000] {cursor.py:833} INFO - query: [INSERT INTO PUBLIC.aircraft_raw (icao24, callsign, origin_country, longitude, la...]
[2025-05-21T08:41:46.570+0000] {cursor.py:846} INFO - query execution done
[2025-05-21T08:41:46.572+0000] {cursor.py:833} INFO - query: [INSERT INTO PUBLIC.aircraft_raw (icao24, callsign, origin_country, longitude, la...]
[2025-05-21T08:41:47.185+0000] {cursor.py:846} INFO - query execution done
[2025-05-21T08:41:47.187+0000] {cursor.py:833} INFO - query: [INSERT INTO PUBLIC.aircraft_raw (icao24, callsign, origin_country, longitude, la...]
[2025-05-21T08:41:47.797+0000] {cursor.py:846} INFO - query execution done
[2025-05-21T08:41:47.798+0000] {cursor.py:833} INFO - query: [INSERT INTO PUBLIC.aircraft_raw (icao24, callsign, origin_country, longitude, la...]
[2025-05-21T08:41:48.305+0000] {cursor.py:846} INFO - query execution done
[2025-05-21T08:41:48.307+0000] {cursor.py:833} INFO - query: [INSERT INTO PUBLIC.aircraft_raw (icao24, callsign, origin_country, longitude, la...]
[2025-05-21T08:41:48.801+0000] {cursor.py:846} INFO - query execution done
[2025-05-21T08:41:48.802+0000] {cursor.py:833} INFO - query: [INSERT INTO PUBLIC.aircraft_raw (icao24, callsign, origin_country, longitude, la...]
[2025-05-21T08:41:49.563+0000] {cursor.py:846} INFO - query execution done
[2025-05-21T08:41:49.564+0000] {cursor.py:833} INFO - query: [INSERT INTO PUBLIC.aircraft_raw (icao24, callsign, origin_country, longitude, la...]
[2025-05-21T08:41:50.290+0000] {cursor.py:846} INFO - query execution done
[2025-05-21T08:41:50.291+0000] {cursor.py:833} INFO - query: [INSERT INTO PUBLIC.aircraft_raw (icao24, callsign, origin_country, longitude, la...]
[2025-05-21T08:41:50.868+0000] {cursor.py:846} INFO - query execution done
[2025-05-21T08:41:50.869+0000] {cursor.py:833} INFO - query: [INSERT INTO PUBLIC.aircraft_raw (icao24, callsign, origin_country, longitude, la...]
[2025-05-21T08:41:51.400+0000] {cursor.py:846} INFO - query execution done
[2025-05-21T08:41:51.402+0000] {cursor.py:833} INFO - query: [INSERT INTO PUBLIC.aircraft_raw (icao24, callsign, origin_country, longitude, la...]
[2025-05-21T08:41:51.948+0000] {cursor.py:846} INFO - query execution done
[2025-05-21T08:41:51.949+0000] {cursor.py:833} INFO - query: [INSERT INTO PUBLIC.aircraft_raw (icao24, callsign, origin_country, longitude, la...]
[2025-05-21T08:41:52.508+0000] {cursor.py:846} INFO - query execution done
[2025-05-21T08:41:52.509+0000] {cursor.py:833} INFO - query: [INSERT INTO PUBLIC.aircraft_raw (icao24, callsign, origin_country, longitude, la...]
[2025-05-21T08:41:53.021+0000] {cursor.py:846} INFO - query execution done
[2025-05-21T08:41:53.022+0000] {cursor.py:833} INFO - query: [INSERT INTO PUBLIC.aircraft_raw (icao24, callsign, origin_country, longitude, la...]
[2025-05-21T08:41:53.565+0000] {cursor.py:846} INFO - query execution done
[2025-05-21T08:41:53.566+0000] {cursor.py:833} INFO - query: [INSERT INTO PUBLIC.aircraft_raw (icao24, callsign, origin_country, longitude, la...]
[2025-05-21T08:41:54.061+0000] {cursor.py:846} INFO - query execution done
[2025-05-21T08:41:54.063+0000] {cursor.py:833} INFO - query: [INSERT INTO PUBLIC.aircraft_raw (icao24, callsign, origin_country, longitude, la...]
[2025-05-21T08:41:54.574+0000] {cursor.py:846} INFO - query execution done
[2025-05-21T08:41:54.574+0000] {cursor.py:833} INFO - query: [INSERT INTO PUBLIC.aircraft_raw (icao24, callsign, origin_country, longitude, la...]
[2025-05-21T08:41:55.171+0000] {cursor.py:846} INFO - query execution done
[2025-05-21T08:41:55.173+0000] {cursor.py:833} INFO - query: [INSERT INTO PUBLIC.aircraft_raw (icao24, callsign, origin_country, longitude, la...]
[2025-05-21T08:41:55.702+0000] {cursor.py:846} INFO - query execution done
[2025-05-21T08:41:55.703+0000] {cursor.py:833} INFO - query: [INSERT INTO PUBLIC.aircraft_raw (icao24, callsign, origin_country, longitude, la...]
[2025-05-21T08:41:56.256+0000] {cursor.py:846} INFO - query execution done
[2025-05-21T08:41:56.258+0000] {cursor.py:833} INFO - query: [INSERT INTO PUBLIC.aircraft_raw (icao24, callsign, origin_country, longitude, la...]
[2025-05-21T08:41:56.750+0000] {cursor.py:846} INFO - query execution done
[2025-05-21T08:41:56.751+0000] {cursor.py:833} INFO - query: [INSERT INTO PUBLIC.aircraft_raw (icao24, callsign, origin_country, longitude, la...]
[2025-05-21T08:41:57.234+0000] {cursor.py:846} INFO - query execution done
[2025-05-21T08:41:57.236+0000] {cursor.py:833} INFO - query: [INSERT INTO PUBLIC.aircraft_raw (icao24, callsign, origin_country, longitude, la...]
[2025-05-21T08:41:57.821+0000] {cursor.py:846} INFO - query execution done
[2025-05-21T08:41:57.822+0000] {cursor.py:833} INFO - query: [INSERT INTO PUBLIC.aircraft_raw (icao24, callsign, origin_country, longitude, la...]
[2025-05-21T08:41:58.453+0000] {cursor.py:846} INFO - query execution done
[2025-05-21T08:41:58.659+0000] {cursor.py:833} INFO - query: [INSERT INTO PUBLIC.aircraft_raw (icao24, callsign, origin_country, longitude, la...]
[2025-05-21T08:41:59.214+0000] {cursor.py:846} INFO - query execution done
[2025-05-21T08:41:59.216+0000] {cursor.py:833} INFO - query: [INSERT INTO PUBLIC.aircraft_raw (icao24, callsign, origin_country, longitude, la...]
[2025-05-21T08:41:59.831+0000] {cursor.py:846} INFO - query execution done
[2025-05-21T08:41:59.832+0000] {cursor.py:833} INFO - query: [INSERT INTO PUBLIC.aircraft_raw (icao24, callsign, origin_country, longitude, la...]
[2025-05-21T08:42:00.354+0000] {cursor.py:846} INFO - query execution done
[2025-05-21T08:42:00.355+0000] {cursor.py:833} INFO - query: [INSERT INTO PUBLIC.aircraft_raw (icao24, callsign, origin_country, longitude, la...]
[2025-05-21T08:42:00.860+0000] {cursor.py:846} INFO - query execution done
[2025-05-21T08:42:00.861+0000] {cursor.py:833} INFO - query: [INSERT INTO PUBLIC.aircraft_raw (icao24, callsign, origin_country, longitude, la...]
[2025-05-21T08:42:01.599+0000] {cursor.py:846} INFO - query execution done
[2025-05-21T08:42:01.600+0000] {cursor.py:833} INFO - query: [INSERT INTO PUBLIC.aircraft_raw (icao24, callsign, origin_country, longitude, la...]
[2025-05-21T08:42:02.136+0000] {cursor.py:846} INFO - query execution done
[2025-05-21T08:42:02.137+0000] {cursor.py:833} INFO - query: [INSERT INTO PUBLIC.aircraft_raw (icao24, callsign, origin_country, longitude, la...]
[2025-05-21T08:42:02.708+0000] {cursor.py:846} INFO - query execution done
[2025-05-21T08:42:02.710+0000] {cursor.py:833} INFO - query: [INSERT INTO PUBLIC.aircraft_raw (icao24, callsign, origin_country, longitude, la...]
[2025-05-21T08:42:03.659+0000] {cursor.py:846} INFO - query execution done
[2025-05-21T08:42:03.660+0000] {cursor.py:833} INFO - query: [INSERT INTO PUBLIC.aircraft_raw (icao24, callsign, origin_country, longitude, la...]
[2025-05-21T08:42:04.183+0000] {cursor.py:846} INFO - query execution done
[2025-05-21T08:42:04.184+0000] {cursor.py:833} INFO - query: [INSERT INTO PUBLIC.aircraft_raw (icao24, callsign, origin_country, longitude, la...]
[2025-05-21T08:42:04.758+0000] {cursor.py:846} INFO - query execution done
[2025-05-21T08:42:04.759+0000] {cursor.py:833} INFO - query: [INSERT INTO PUBLIC.aircraft_raw (icao24, callsign, origin_country, longitude, la...]
[2025-05-21T08:42:05.334+0000] {cursor.py:846} INFO - query execution done
[2025-05-21T08:42:05.335+0000] {cursor.py:833} INFO - query: [INSERT INTO PUBLIC.aircraft_raw (icao24, callsign, origin_country, longitude, la...]
[2025-05-21T08:42:05.922+0000] {cursor.py:846} INFO - query execution done
[2025-05-21T08:42:05.923+0000] {cursor.py:833} INFO - query: [INSERT INTO PUBLIC.aircraft_raw (icao24, callsign, origin_country, longitude, la...]
[2025-05-21T08:42:06.480+0000] {cursor.py:846} INFO - query execution done
[2025-05-21T08:42:06.481+0000] {cursor.py:833} INFO - query: [INSERT INTO PUBLIC.aircraft_raw (icao24, callsign, origin_country, longitude, la...]
[2025-05-21T08:42:07.184+0000] {cursor.py:846} INFO - query execution done
[2025-05-21T08:42:07.185+0000] {cursor.py:833} INFO - query: [INSERT INTO PUBLIC.aircraft_raw (icao24, callsign, origin_country, longitude, la...]
[2025-05-21T08:42:07.764+0000] {cursor.py:846} INFO - query execution done
[2025-05-21T08:42:07.765+0000] {cursor.py:833} INFO - query: [INSERT INTO PUBLIC.aircraft_raw (icao24, callsign, origin_country, longitude, la...]
[2025-05-21T08:42:08.577+0000] {cursor.py:846} INFO - query execution done
[2025-05-21T08:42:08.579+0000] {cursor.py:833} INFO - query: [INSERT INTO PUBLIC.aircraft_raw (icao24, callsign, origin_country, longitude, la...]
[2025-05-21T08:42:09.063+0000] {cursor.py:846} INFO - query execution done
[2025-05-21T08:42:09.064+0000] {cursor.py:833} INFO - query: [INSERT INTO PUBLIC.aircraft_raw (icao24, callsign, origin_country, longitude, la...]
[2025-05-21T08:42:09.744+0000] {cursor.py:846} INFO - query execution done
[2025-05-21T08:42:09.745+0000] {cursor.py:833} INFO - query: [INSERT INTO PUBLIC.aircraft_raw (icao24, callsign, origin_country, longitude, la...]
[2025-05-21T08:42:10.505+0000] {cursor.py:846} INFO - query execution done
[2025-05-21T08:42:10.506+0000] {cursor.py:833} INFO - query: [INSERT INTO PUBLIC.aircraft_raw (icao24, callsign, origin_country, longitude, la...]
[2025-05-21T08:42:11.532+0000] {cursor.py:846} INFO - query execution done
[2025-05-21T08:42:11.533+0000] {cursor.py:833} INFO - query: [INSERT INTO PUBLIC.aircraft_raw (icao24, callsign, origin_country, longitude, la...]
[2025-05-21T08:42:12.221+0000] {cursor.py:846} INFO - query execution done
[2025-05-21T08:42:12.223+0000] {cursor.py:833} INFO - query: [INSERT INTO PUBLIC.aircraft_raw (icao24, callsign, origin_country, longitude, la...]
[2025-05-21T08:42:12.647+0000] {cursor.py:846} INFO - query execution done
[2025-05-21T08:42:12.648+0000] {cursor.py:833} INFO - query: [INSERT INTO PUBLIC.aircraft_raw (icao24, callsign, origin_country, longitude, la...]
[2025-05-21T08:42:13.165+0000] {cursor.py:846} INFO - query execution done
[2025-05-21T08:42:13.167+0000] {cursor.py:833} INFO - query: [INSERT INTO PUBLIC.aircraft_raw (icao24, callsign, origin_country, longitude, la...]
[2025-05-21T08:42:13.784+0000] {cursor.py:846} INFO - query execution done
[2025-05-21T08:42:13.785+0000] {cursor.py:833} INFO - query: [INSERT INTO PUBLIC.aircraft_raw (icao24, callsign, origin_country, longitude, la...]
[2025-05-21T08:42:14.325+0000] {cursor.py:846} INFO - query execution done
[2025-05-21T08:42:14.327+0000] {cursor.py:833} INFO - query: [INSERT INTO PUBLIC.aircraft_raw (icao24, callsign, origin_country, longitude, la...]
[2025-05-21T08:42:15.068+0000] {cursor.py:846} INFO - query execution done
[2025-05-21T08:42:15.070+0000] {cursor.py:833} INFO - query: [INSERT INTO PUBLIC.aircraft_raw (icao24, callsign, origin_country, longitude, la...]
[2025-05-21T08:42:15.981+0000] {cursor.py:846} INFO - query execution done
[2025-05-21T08:42:15.982+0000] {cursor.py:833} INFO - query: [INSERT INTO PUBLIC.aircraft_raw (icao24, callsign, origin_country, longitude, la...]
[2025-05-21T08:42:16.705+0000] {cursor.py:846} INFO - query execution done
[2025-05-21T08:42:16.706+0000] {cursor.py:833} INFO - query: [INSERT INTO PUBLIC.aircraft_raw (icao24, callsign, origin_country, longitude, la...]
[2025-05-21T08:42:17.270+0000] {cursor.py:846} INFO - query execution done
[2025-05-21T08:42:17.272+0000] {cursor.py:833} INFO - query: [INSERT INTO PUBLIC.aircraft_raw (icao24, callsign, origin_country, longitude, la...]
[2025-05-21T08:42:18.002+0000] {cursor.py:846} INFO - query execution done
[2025-05-21T08:42:18.003+0000] {cursor.py:833} INFO - query: [INSERT INTO PUBLIC.aircraft_raw (icao24, callsign, origin_country, longitude, la...]
[2025-05-21T08:42:18.725+0000] {cursor.py:846} INFO - query execution done
[2025-05-21T08:42:18.726+0000] {cursor.py:833} INFO - query: [INSERT INTO PUBLIC.aircraft_raw (icao24, callsign, origin_country, longitude, la...]
[2025-05-21T08:42:19.337+0000] {cursor.py:846} INFO - query execution done
[2025-05-21T08:42:19.338+0000] {cursor.py:833} INFO - query: [INSERT INTO PUBLIC.aircraft_raw (icao24, callsign, origin_country, longitude, la...]
[2025-05-21T08:42:19.952+0000] {cursor.py:846} INFO - query execution done
[2025-05-21T08:42:19.952+0000] {cursor.py:833} INFO - query: [INSERT INTO PUBLIC.aircraft_raw (icao24, callsign, origin_country, longitude, la...]
[2025-05-21T08:42:20.718+0000] {cursor.py:846} INFO - query execution done
[2025-05-21T08:42:20.719+0000] {cursor.py:833} INFO - query: [INSERT INTO PUBLIC.aircraft_raw (icao24, callsign, origin_country, longitude, la...]
[2025-05-21T08:42:21.303+0000] {cursor.py:846} INFO - query execution done
[2025-05-21T08:42:21.305+0000] {cursor.py:833} INFO - query: [INSERT INTO PUBLIC.aircraft_raw (icao24, callsign, origin_country, longitude, la...]
[2025-05-21T08:42:21.780+0000] {cursor.py:846} INFO - query execution done
[2025-05-21T08:42:21.782+0000] {cursor.py:833} INFO - query: [INSERT INTO PUBLIC.aircraft_raw (icao24, callsign, origin_country, longitude, la...]
[2025-05-21T08:42:22.601+0000] {cursor.py:846} INFO - query execution done
[2025-05-21T08:42:22.602+0000] {cursor.py:833} INFO - query: [INSERT INTO PUBLIC.aircraft_raw (icao24, callsign, origin_country, longitude, la...]
[2025-05-21T08:42:23.120+0000] {cursor.py:846} INFO - query execution done
[2025-05-21T08:42:23.121+0000] {cursor.py:833} INFO - query: [INSERT INTO PUBLIC.aircraft_raw (icao24, callsign, origin_country, longitude, la...]
[2025-05-21T08:42:23.860+0000] {cursor.py:846} INFO - query execution done
[2025-05-21T08:42:23.861+0000] {cursor.py:833} INFO - query: [INSERT INTO PUBLIC.aircraft_raw (icao24, callsign, origin_country, longitude, la...]
[2025-05-21T08:42:24.472+0000] {cursor.py:846} INFO - query execution done
[2025-05-21T08:42:24.473+0000] {cursor.py:833} INFO - query: [INSERT INTO PUBLIC.aircraft_raw (icao24, callsign, origin_country, longitude, la...]
[2025-05-21T08:42:25.239+0000] {cursor.py:846} INFO - query execution done
[2025-05-21T08:42:25.240+0000] {cursor.py:833} INFO - query: [INSERT INTO PUBLIC.aircraft_raw (icao24, callsign, origin_country, longitude, la...]
[2025-05-21T08:42:25.735+0000] {cursor.py:846} INFO - query execution done
[2025-05-21T08:42:25.736+0000] {cursor.py:833} INFO - query: [INSERT INTO PUBLIC.aircraft_raw (icao24, callsign, origin_country, longitude, la...]
[2025-05-21T08:42:26.210+0000] {cursor.py:846} INFO - query execution done
[2025-05-21T08:42:26.212+0000] {cursor.py:833} INFO - query: [INSERT INTO PUBLIC.aircraft_raw (icao24, callsign, origin_country, longitude, la...]
[2025-05-21T08:42:26.712+0000] {cursor.py:846} INFO - query execution done
[2025-05-21T08:42:26.713+0000] {cursor.py:833} INFO - query: [INSERT INTO PUBLIC.aircraft_raw (icao24, callsign, origin_country, longitude, la...]
[2025-05-21T08:42:27.461+0000] {cursor.py:846} INFO - query execution done
[2025-05-21T08:42:27.461+0000] {cursor.py:833} INFO - query: [INSERT INTO PUBLIC.aircraft_raw (icao24, callsign, origin_country, longitude, la...]
[2025-05-21T08:42:28.045+0000] {cursor.py:846} INFO - query execution done
[2025-05-21T08:42:28.046+0000] {cursor.py:833} INFO - query: [INSERT INTO PUBLIC.aircraft_raw (icao24, callsign, origin_country, longitude, la...]
[2025-05-21T08:42:28.574+0000] {cursor.py:846} INFO - query execution done
[2025-05-21T08:42:28.575+0000] {cursor.py:833} INFO - query: [INSERT INTO PUBLIC.aircraft_raw (icao24, callsign, origin_country, longitude, la...]
[2025-05-21T08:42:29.066+0000] {cursor.py:846} INFO - query execution done
[2025-05-21T08:42:29.068+0000] {cursor.py:833} INFO - query: [INSERT INTO PUBLIC.aircraft_raw (icao24, callsign, origin_country, longitude, la...]
[2025-05-21T08:42:29.739+0000] {cursor.py:846} INFO - query execution done
[2025-05-21T08:42:29.741+0000] {cursor.py:833} INFO - query: [INSERT INTO PUBLIC.aircraft_raw (icao24, callsign, origin_country, longitude, la...]
[2025-05-21T08:42:30.197+0000] {cursor.py:846} INFO - query execution done
[2025-05-21T08:42:30.198+0000] {cursor.py:833} INFO - query: [INSERT INTO PUBLIC.aircraft_raw (icao24, callsign, origin_country, longitude, la...]
[2025-05-21T08:42:30.662+0000] {cursor.py:846} INFO - query execution done
[2025-05-21T08:42:30.663+0000] {cursor.py:833} INFO - query: [INSERT INTO PUBLIC.aircraft_raw (icao24, callsign, origin_country, longitude, la...]
[2025-05-21T08:42:31.222+0000] {cursor.py:846} INFO - query execution done
[2025-05-21T08:42:31.223+0000] {cursor.py:833} INFO - query: [INSERT INTO PUBLIC.aircraft_raw (icao24, callsign, origin_country, longitude, la...]
[2025-05-21T08:42:31.856+0000] {cursor.py:846} INFO - query execution done
[2025-05-21T08:42:31.858+0000] {cursor.py:833} INFO - query: [INSERT INTO PUBLIC.aircraft_raw (icao24, callsign, origin_country, longitude, la...]
[2025-05-21T08:42:32.573+0000] {cursor.py:846} INFO - query execution done
[2025-05-21T08:42:32.574+0000] {cursor.py:833} INFO - query: [INSERT INTO PUBLIC.aircraft_raw (icao24, callsign, origin_country, longitude, la...]
[2025-05-21T08:42:33.124+0000] {cursor.py:846} INFO - query execution done
[2025-05-21T08:42:33.126+0000] {cursor.py:833} INFO - query: [INSERT INTO PUBLIC.aircraft_raw (icao24, callsign, origin_country, longitude, la...]
[2025-05-21T08:42:33.692+0000] {cursor.py:846} INFO - query execution done
[2025-05-21T08:42:33.693+0000] {cursor.py:833} INFO - query: [INSERT INTO PUBLIC.aircraft_raw (icao24, callsign, origin_country, longitude, la...]
[2025-05-21T08:42:34.175+0000] {cursor.py:846} INFO - query execution done
[2025-05-21T08:42:34.176+0000] {cursor.py:833} INFO - query: [INSERT INTO PUBLIC.aircraft_raw (icao24, callsign, origin_country, longitude, la...]
[2025-05-21T08:42:34.754+0000] {cursor.py:846} INFO - query execution done
[2025-05-21T08:42:34.754+0000] {cursor.py:833} INFO - query: [INSERT INTO PUBLIC.aircraft_raw (icao24, callsign, origin_country, longitude, la...]
[2025-05-21T08:42:35.312+0000] {cursor.py:846} INFO - query execution done
[2025-05-21T08:42:35.313+0000] {cursor.py:833} INFO - query: [INSERT INTO PUBLIC.aircraft_raw (icao24, callsign, origin_country, longitude, la...]
[2025-05-21T08:42:36.132+0000] {cursor.py:846} INFO - query execution done
[2025-05-21T08:42:36.133+0000] {cursor.py:833} INFO - query: [INSERT INTO PUBLIC.aircraft_raw (icao24, callsign, origin_country, longitude, la...]
[2025-05-21T08:42:36.956+0000] {cursor.py:846} INFO - query execution done
[2025-05-21T08:42:36.957+0000] {cursor.py:833} INFO - query: [INSERT INTO PUBLIC.aircraft_raw (icao24, callsign, origin_country, longitude, la...]
[2025-05-21T08:42:37.562+0000] {cursor.py:846} INFO - query execution done
[2025-05-21T08:42:37.563+0000] {cursor.py:833} INFO - query: [INSERT INTO PUBLIC.aircraft_raw (icao24, callsign, origin_country, longitude, la...]
[2025-05-21T08:42:38.074+0000] {cursor.py:846} INFO - query execution done
[2025-05-21T08:42:38.076+0000] {cursor.py:833} INFO - query: [INSERT INTO PUBLIC.aircraft_raw (icao24, callsign, origin_country, longitude, la...]
[2025-05-21T08:42:38.631+0000] {cursor.py:846} INFO - query execution done
[2025-05-21T08:42:38.633+0000] {cursor.py:833} INFO - query: [INSERT INTO PUBLIC.aircraft_raw (icao24, callsign, origin_country, longitude, la...]
[2025-05-21T08:42:39.134+0000] {cursor.py:846} INFO - query execution done
[2025-05-21T08:42:39.135+0000] {cursor.py:833} INFO - query: [INSERT INTO PUBLIC.aircraft_raw (icao24, callsign, origin_country, longitude, la...]
[2025-05-21T08:42:39.688+0000] {cursor.py:846} INFO - query execution done
[2025-05-21T08:42:39.689+0000] {cursor.py:833} INFO - query: [INSERT INTO PUBLIC.aircraft_raw (icao24, callsign, origin_country, longitude, la...]
[2025-05-21T08:42:40.279+0000] {cursor.py:846} INFO - query execution done
[2025-05-21T08:42:40.280+0000] {cursor.py:833} INFO - query: [INSERT INTO PUBLIC.aircraft_raw (icao24, callsign, origin_country, longitude, la...]
[2025-05-21T08:42:40.886+0000] {cursor.py:846} INFO - query execution done
[2025-05-21T08:42:40.886+0000] {cursor.py:833} INFO - query: [INSERT INTO PUBLIC.aircraft_raw (icao24, callsign, origin_country, longitude, la...]
[2025-05-21T08:42:41.431+0000] {cursor.py:846} INFO - query execution done
[2025-05-21T08:42:41.432+0000] {cursor.py:833} INFO - query: [INSERT INTO PUBLIC.aircraft_raw (icao24, callsign, origin_country, longitude, la...]
[2025-05-21T08:42:41.980+0000] {cursor.py:846} INFO - query execution done
[2025-05-21T08:42:41.981+0000] {cursor.py:833} INFO - query: [INSERT INTO PUBLIC.aircraft_raw (icao24, callsign, origin_country, longitude, la...]
[2025-05-21T08:42:42.485+0000] {cursor.py:846} INFO - query execution done
[2025-05-21T08:42:42.486+0000] {cursor.py:833} INFO - query: [INSERT INTO PUBLIC.aircraft_raw (icao24, callsign, origin_country, longitude, la...]
[2025-05-21T08:42:43.096+0000] {cursor.py:846} INFO - query execution done
[2025-05-21T08:42:43.097+0000] {cursor.py:833} INFO - query: [INSERT INTO PUBLIC.aircraft_raw (icao24, callsign, origin_country, longitude, la...]
[2025-05-21T08:42:43.710+0000] {cursor.py:846} INFO - query execution done
[2025-05-21T08:42:43.711+0000] {cursor.py:833} INFO - query: [INSERT INTO PUBLIC.aircraft_raw (icao24, callsign, origin_country, longitude, la...]
[2025-05-21T08:42:44.424+0000] {cursor.py:846} INFO - query execution done
[2025-05-21T08:42:44.426+0000] {cursor.py:833} INFO - query: [INSERT INTO PUBLIC.aircraft_raw (icao24, callsign, origin_country, longitude, la...]
[2025-05-21T08:42:44.932+0000] {cursor.py:846} INFO - query execution done
[2025-05-21T08:42:44.933+0000] {cursor.py:833} INFO - query: [INSERT INTO PUBLIC.aircraft_raw (icao24, callsign, origin_country, longitude, la...]
[2025-05-21T08:42:45.468+0000] {cursor.py:846} INFO - query execution done
[2025-05-21T08:42:45.469+0000] {cursor.py:833} INFO - query: [INSERT INTO PUBLIC.aircraft_raw (icao24, callsign, origin_country, longitude, la...]
[2025-05-21T08:42:45.968+0000] {cursor.py:846} INFO - query execution done
[2025-05-21T08:42:45.969+0000] {cursor.py:833} INFO - query: [INSERT INTO PUBLIC.aircraft_raw (icao24, callsign, origin_country, longitude, la...]
[2025-05-21T08:42:46.457+0000] {cursor.py:846} INFO - query execution done
[2025-05-21T08:42:46.458+0000] {cursor.py:833} INFO - query: [INSERT INTO PUBLIC.aircraft_raw (icao24, callsign, origin_country, longitude, la...]
[2025-05-21T08:42:47.021+0000] {cursor.py:846} INFO - query execution done
[2025-05-21T08:42:47.022+0000] {cursor.py:833} INFO - query: [INSERT INTO PUBLIC.aircraft_raw (icao24, callsign, origin_country, longitude, la...]
[2025-05-21T08:42:47.660+0000] {cursor.py:846} INFO - query execution done
[2025-05-21T08:42:47.662+0000] {cursor.py:833} INFO - query: [INSERT INTO PUBLIC.aircraft_raw (icao24, callsign, origin_country, longitude, la...]
[2025-05-21T08:42:48.252+0000] {cursor.py:846} INFO - query execution done
[2025-05-21T08:42:48.252+0000] {cursor.py:833} INFO - query: [INSERT INTO PUBLIC.aircraft_raw (icao24, callsign, origin_country, longitude, la...]
[2025-05-21T08:42:48.839+0000] {cursor.py:846} INFO - query execution done
[2025-05-21T08:42:48.840+0000] {cursor.py:833} INFO - query: [INSERT INTO PUBLIC.aircraft_raw (icao24, callsign, origin_country, longitude, la...]
[2025-05-21T08:42:49.371+0000] {cursor.py:846} INFO - query execution done
[2025-05-21T08:42:49.371+0000] {cursor.py:833} INFO - query: [INSERT INTO PUBLIC.aircraft_raw (icao24, callsign, origin_country, longitude, la...]
[2025-05-21T08:42:49.918+0000] {cursor.py:846} INFO - query execution done
[2025-05-21T08:42:49.919+0000] {cursor.py:833} INFO - query: [INSERT INTO PUBLIC.aircraft_raw (icao24, callsign, origin_country, longitude, la...]
[2025-05-21T08:42:50.500+0000] {cursor.py:846} INFO - query execution done
[2025-05-21T08:42:50.501+0000] {cursor.py:833} INFO - query: [INSERT INTO PUBLIC.aircraft_raw (icao24, callsign, origin_country, longitude, la...]
[2025-05-21T08:42:51.089+0000] {cursor.py:846} INFO - query execution done
[2025-05-21T08:42:51.090+0000] {cursor.py:833} INFO - query: [INSERT INTO PUBLIC.aircraft_raw (icao24, callsign, origin_country, longitude, la...]
[2025-05-21T08:42:51.604+0000] {cursor.py:846} INFO - query execution done
[2025-05-21T08:42:51.605+0000] {cursor.py:833} INFO - query: [INSERT INTO PUBLIC.aircraft_raw (icao24, callsign, origin_country, longitude, la...]
[2025-05-21T08:42:52.316+0000] {cursor.py:846} INFO - query execution done
[2025-05-21T08:42:52.317+0000] {cursor.py:833} INFO - query: [INSERT INTO PUBLIC.aircraft_raw (icao24, callsign, origin_country, longitude, la...]
[2025-05-21T08:42:53.049+0000] {cursor.py:846} INFO - query execution done
[2025-05-21T08:42:53.050+0000] {cursor.py:833} INFO - query: [INSERT INTO PUBLIC.aircraft_raw (icao24, callsign, origin_country, longitude, la...]
[2025-05-21T08:42:53.735+0000] {cursor.py:846} INFO - query execution done
[2025-05-21T08:42:53.736+0000] {cursor.py:833} INFO - query: [INSERT INTO PUBLIC.aircraft_raw (icao24, callsign, origin_country, longitude, la...]
[2025-05-21T08:42:54.245+0000] {cursor.py:846} INFO - query execution done
[2025-05-21T08:42:54.247+0000] {cursor.py:833} INFO - query: [INSERT INTO PUBLIC.aircraft_raw (icao24, callsign, origin_country, longitude, la...]
[2025-05-21T08:42:54.983+0000] {cursor.py:846} INFO - query execution done
[2025-05-21T08:42:54.984+0000] {cursor.py:833} INFO - query: [INSERT INTO PUBLIC.aircraft_raw (icao24, callsign, origin_country, longitude, la...]
[2025-05-21T08:42:55.590+0000] {cursor.py:846} INFO - query execution done
[2025-05-21T08:42:55.591+0000] {cursor.py:833} INFO - query: [INSERT INTO PUBLIC.aircraft_raw (icao24, callsign, origin_country, longitude, la...]
[2025-05-21T08:42:56.168+0000] {cursor.py:846} INFO - query execution done
[2025-05-21T08:42:56.169+0000] {cursor.py:833} INFO - query: [INSERT INTO PUBLIC.aircraft_raw (icao24, callsign, origin_country, longitude, la...]
[2025-05-21T08:42:56.749+0000] {cursor.py:846} INFO - query execution done
[2025-05-21T08:42:56.750+0000] {cursor.py:833} INFO - query: [INSERT INTO PUBLIC.aircraft_raw (icao24, callsign, origin_country, longitude, la...]
[2025-05-21T08:42:57.258+0000] {cursor.py:846} INFO - query execution done
[2025-05-21T08:42:57.258+0000] {cursor.py:833} INFO - query: [INSERT INTO PUBLIC.aircraft_raw (icao24, callsign, origin_country, longitude, la...]
[2025-05-21T08:42:58.102+0000] {cursor.py:846} INFO - query execution done
[2025-05-21T08:42:58.103+0000] {cursor.py:833} INFO - query: [INSERT INTO PUBLIC.aircraft_raw (icao24, callsign, origin_country, longitude, la...]
[2025-05-21T08:42:58.834+0000] {cursor.py:846} INFO - query execution done
[2025-05-21T08:42:58.835+0000] {cursor.py:833} INFO - query: [INSERT INTO PUBLIC.aircraft_raw (icao24, callsign, origin_country, longitude, la...]
[2025-05-21T08:42:59.387+0000] {cursor.py:846} INFO - query execution done
[2025-05-21T08:42:59.388+0000] {cursor.py:833} INFO - query: [INSERT INTO PUBLIC.aircraft_raw (icao24, callsign, origin_country, longitude, la...]
[2025-05-21T08:42:59.831+0000] {cursor.py:846} INFO - query execution done
[2025-05-21T08:43:00.037+0000] {cursor.py:833} INFO - query: [INSERT INTO PUBLIC.aircraft_raw (icao24, callsign, origin_country, longitude, la...]
[2025-05-21T08:43:00.556+0000] {cursor.py:846} INFO - query execution done
[2025-05-21T08:43:00.558+0000] {cursor.py:833} INFO - query: [INSERT INTO PUBLIC.aircraft_raw (icao24, callsign, origin_country, longitude, la...]
[2025-05-21T08:43:01.022+0000] {cursor.py:846} INFO - query execution done
[2025-05-21T08:43:01.023+0000] {cursor.py:833} INFO - query: [INSERT INTO PUBLIC.aircraft_raw (icao24, callsign, origin_country, longitude, la...]
[2025-05-21T08:43:01.636+0000] {cursor.py:846} INFO - query execution done
[2025-05-21T08:43:01.638+0000] {cursor.py:833} INFO - query: [INSERT INTO PUBLIC.aircraft_raw (icao24, callsign, origin_country, longitude, la...]
[2025-05-21T08:43:02.245+0000] {cursor.py:846} INFO - query execution done
[2025-05-21T08:43:02.247+0000] {cursor.py:833} INFO - query: [INSERT INTO PUBLIC.aircraft_raw (icao24, callsign, origin_country, longitude, la...]
[2025-05-21T08:43:02.798+0000] {cursor.py:846} INFO - query execution done
[2025-05-21T08:43:02.800+0000] {cursor.py:833} INFO - query: [INSERT INTO PUBLIC.aircraft_raw (icao24, callsign, origin_country, longitude, la...]
[2025-05-21T08:43:03.376+0000] {cursor.py:846} INFO - query execution done
[2025-05-21T08:43:03.379+0000] {cursor.py:833} INFO - query: [INSERT INTO PUBLIC.aircraft_raw (icao24, callsign, origin_country, longitude, la...]
[2025-05-21T08:43:03.984+0000] {cursor.py:846} INFO - query execution done
[2025-05-21T08:43:03.985+0000] {cursor.py:833} INFO - query: [INSERT INTO PUBLIC.aircraft_raw (icao24, callsign, origin_country, longitude, la...]
[2025-05-21T08:43:04.504+0000] {cursor.py:846} INFO - query execution done
[2025-05-21T08:43:04.506+0000] {cursor.py:833} INFO - query: [INSERT INTO PUBLIC.aircraft_raw (icao24, callsign, origin_country, longitude, la...]
[2025-05-21T08:43:05.183+0000] {cursor.py:846} INFO - query execution done
[2025-05-21T08:43:05.184+0000] {cursor.py:833} INFO - query: [INSERT INTO PUBLIC.aircraft_raw (icao24, callsign, origin_country, longitude, la...]
[2025-05-21T08:43:06.162+0000] {cursor.py:846} INFO - query execution done
[2025-05-21T08:43:06.163+0000] {cursor.py:833} INFO - query: [INSERT INTO PUBLIC.aircraft_raw (icao24, callsign, origin_country, longitude, la...]
[2025-05-21T08:43:06.647+0000] {cursor.py:846} INFO - query execution done
[2025-05-21T08:43:06.648+0000] {cursor.py:833} INFO - query: [INSERT INTO PUBLIC.aircraft_raw (icao24, callsign, origin_country, longitude, la...]
[2025-05-21T08:43:07.280+0000] {cursor.py:846} INFO - query execution done
[2025-05-21T08:43:07.281+0000] {cursor.py:833} INFO - query: [INSERT INTO PUBLIC.aircraft_raw (icao24, callsign, origin_country, longitude, la...]
[2025-05-21T08:43:07.983+0000] {cursor.py:846} INFO - query execution done
[2025-05-21T08:43:07.984+0000] {cursor.py:833} INFO - query: [INSERT INTO PUBLIC.aircraft_raw (icao24, callsign, origin_country, longitude, la...]
[2025-05-21T08:43:08.528+0000] {cursor.py:846} INFO - query execution done
[2025-05-21T08:43:08.529+0000] {cursor.py:833} INFO - query: [INSERT INTO PUBLIC.aircraft_raw (icao24, callsign, origin_country, longitude, la...]
[2025-05-21T08:43:09.123+0000] {cursor.py:846} INFO - query execution done
[2025-05-21T08:43:09.126+0000] {cursor.py:833} INFO - query: [INSERT INTO PUBLIC.aircraft_raw (icao24, callsign, origin_country, longitude, la...]
[2025-05-21T08:43:09.680+0000] {cursor.py:846} INFO - query execution done
[2025-05-21T08:43:09.682+0000] {cursor.py:833} INFO - query: [INSERT INTO PUBLIC.aircraft_raw (icao24, callsign, origin_country, longitude, la...]
[2025-05-21T08:43:10.202+0000] {cursor.py:846} INFO - query execution done
[2025-05-21T08:43:10.203+0000] {cursor.py:833} INFO - query: [INSERT INTO PUBLIC.aircraft_raw (icao24, callsign, origin_country, longitude, la...]
[2025-05-21T08:43:10.711+0000] {cursor.py:846} INFO - query execution done
[2025-05-21T08:43:10.712+0000] {cursor.py:833} INFO - query: [INSERT INTO PUBLIC.aircraft_raw (icao24, callsign, origin_country, longitude, la...]
[2025-05-21T08:43:11.216+0000] {cursor.py:846} INFO - query execution done
[2025-05-21T08:43:11.217+0000] {cursor.py:833} INFO - query: [INSERT INTO PUBLIC.aircraft_raw (icao24, callsign, origin_country, longitude, la...]
[2025-05-21T08:43:12.144+0000] {cursor.py:846} INFO - query execution done
[2025-05-21T08:43:12.145+0000] {cursor.py:833} INFO - query: [INSERT INTO PUBLIC.aircraft_raw (icao24, callsign, origin_country, longitude, la...]
[2025-05-21T08:43:12.551+0000] {cursor.py:846} INFO - query execution done
[2025-05-21T08:43:12.552+0000] {cursor.py:833} INFO - query: [INSERT INTO PUBLIC.aircraft_raw (icao24, callsign, origin_country, longitude, la...]
[2025-05-21T08:43:13.387+0000] {cursor.py:846} INFO - query execution done
[2025-05-21T08:43:13.389+0000] {cursor.py:833} INFO - query: [INSERT INTO PUBLIC.aircraft_raw (icao24, callsign, origin_country, longitude, la...]
[2025-05-21T08:43:13.821+0000] {cursor.py:846} INFO - query execution done
[2025-05-21T08:43:13.822+0000] {cursor.py:833} INFO - query: [INSERT INTO PUBLIC.aircraft_raw (icao24, callsign, origin_country, longitude, la...]
[2025-05-21T08:43:14.329+0000] {cursor.py:846} INFO - query execution done
[2025-05-21T08:43:14.331+0000] {cursor.py:833} INFO - query: [INSERT INTO PUBLIC.aircraft_raw (icao24, callsign, origin_country, longitude, la...]
[2025-05-21T08:43:14.912+0000] {cursor.py:846} INFO - query execution done
[2025-05-21T08:43:14.914+0000] {cursor.py:833} INFO - query: [INSERT INTO PUBLIC.aircraft_raw (icao24, callsign, origin_country, longitude, la...]
[2025-05-21T08:43:15.463+0000] {cursor.py:846} INFO - query execution done
[2025-05-21T08:43:15.464+0000] {cursor.py:833} INFO - query: [INSERT INTO PUBLIC.aircraft_raw (icao24, callsign, origin_country, longitude, la...]
[2025-05-21T08:43:16.304+0000] {cursor.py:846} INFO - query execution done
[2025-05-21T08:43:16.305+0000] {cursor.py:833} INFO - query: [INSERT INTO PUBLIC.aircraft_raw (icao24, callsign, origin_country, longitude, la...]
[2025-05-21T08:43:16.842+0000] {cursor.py:846} INFO - query execution done
[2025-05-21T08:43:16.846+0000] {cursor.py:833} INFO - query: [INSERT INTO PUBLIC.aircraft_raw (icao24, callsign, origin_country, longitude, la...]
[2025-05-21T08:43:17.397+0000] {cursor.py:846} INFO - query execution done
[2025-05-21T08:43:17.397+0000] {cursor.py:833} INFO - query: [INSERT INTO PUBLIC.aircraft_raw (icao24, callsign, origin_country, longitude, la...]
[2025-05-21T08:43:17.856+0000] {cursor.py:846} INFO - query execution done
[2025-05-21T08:43:17.858+0000] {cursor.py:833} INFO - query: [INSERT INTO PUBLIC.aircraft_raw (icao24, callsign, origin_country, longitude, la...]
[2025-05-21T08:43:18.412+0000] {cursor.py:846} INFO - query execution done
[2025-05-21T08:43:18.413+0000] {cursor.py:833} INFO - query: [INSERT INTO PUBLIC.aircraft_raw (icao24, callsign, origin_country, longitude, la...]
[2025-05-21T08:43:18.907+0000] {cursor.py:846} INFO - query execution done
[2025-05-21T08:43:18.908+0000] {cursor.py:833} INFO - query: [INSERT INTO PUBLIC.aircraft_raw (icao24, callsign, origin_country, longitude, la...]
[2025-05-21T08:43:19.473+0000] {cursor.py:846} INFO - query execution done
[2025-05-21T08:43:19.475+0000] {cursor.py:833} INFO - query: [INSERT INTO PUBLIC.aircraft_raw (icao24, callsign, origin_country, longitude, la...]
[2025-05-21T08:43:20.026+0000] {cursor.py:846} INFO - query execution done
[2025-05-21T08:43:20.027+0000] {cursor.py:833} INFO - query: [INSERT INTO PUBLIC.aircraft_raw (icao24, callsign, origin_country, longitude, la...]
[2025-05-21T08:43:20.725+0000] {cursor.py:846} INFO - query execution done
[2025-05-21T08:43:20.726+0000] {cursor.py:833} INFO - query: [INSERT INTO PUBLIC.aircraft_raw (icao24, callsign, origin_country, longitude, la...]
[2025-05-21T08:43:21.262+0000] {cursor.py:846} INFO - query execution done
[2025-05-21T08:43:21.263+0000] {cursor.py:833} INFO - query: [INSERT INTO PUBLIC.aircraft_raw (icao24, callsign, origin_country, longitude, la...]
[2025-05-21T08:43:21.882+0000] {cursor.py:846} INFO - query execution done
[2025-05-21T08:43:21.883+0000] {cursor.py:833} INFO - query: [INSERT INTO PUBLIC.aircraft_raw (icao24, callsign, origin_country, longitude, la...]
[2025-05-21T08:43:22.365+0000] {cursor.py:846} INFO - query execution done
[2025-05-21T08:43:22.366+0000] {cursor.py:833} INFO - query: [INSERT INTO PUBLIC.aircraft_raw (icao24, callsign, origin_country, longitude, la...]
[2025-05-21T08:43:23.286+0000] {cursor.py:846} INFO - query execution done
[2025-05-21T08:43:23.286+0000] {cursor.py:833} INFO - query: [INSERT INTO PUBLIC.aircraft_raw (icao24, callsign, origin_country, longitude, la...]
[2025-05-21T08:43:23.956+0000] {cursor.py:846} INFO - query execution done
[2025-05-21T08:43:23.957+0000] {cursor.py:833} INFO - query: [INSERT INTO PUBLIC.aircraft_raw (icao24, callsign, origin_country, longitude, la...]
[2025-05-21T08:43:24.527+0000] {cursor.py:846} INFO - query execution done
[2025-05-21T08:43:24.527+0000] {cursor.py:833} INFO - query: [INSERT INTO PUBLIC.aircraft_raw (icao24, callsign, origin_country, longitude, la...]
[2025-05-21T08:43:25.064+0000] {cursor.py:846} INFO - query execution done
[2025-05-21T08:43:25.065+0000] {cursor.py:833} INFO - query: [INSERT INTO PUBLIC.aircraft_raw (icao24, callsign, origin_country, longitude, la...]
[2025-05-21T08:43:25.576+0000] {cursor.py:846} INFO - query execution done
[2025-05-21T08:43:25.577+0000] {cursor.py:833} INFO - query: [INSERT INTO PUBLIC.aircraft_raw (icao24, callsign, origin_country, longitude, la...]
[2025-05-21T08:43:26.079+0000] {cursor.py:846} INFO - query execution done
[2025-05-21T08:43:26.081+0000] {cursor.py:833} INFO - query: [INSERT INTO PUBLIC.aircraft_raw (icao24, callsign, origin_country, longitude, la...]
[2025-05-21T08:43:26.625+0000] {cursor.py:846} INFO - query execution done
[2025-05-21T08:43:26.627+0000] {cursor.py:833} INFO - query: [INSERT INTO PUBLIC.aircraft_raw (icao24, callsign, origin_country, longitude, la...]
[2025-05-21T08:43:27.159+0000] {cursor.py:846} INFO - query execution done
[2025-05-21T08:43:27.164+0000] {cursor.py:833} INFO - query: [INSERT INTO PUBLIC.aircraft_raw (icao24, callsign, origin_country, longitude, la...]
[2025-05-21T08:43:28.111+0000] {cursor.py:846} INFO - query execution done
[2025-05-21T08:43:28.112+0000] {cursor.py:833} INFO - query: [INSERT INTO PUBLIC.aircraft_raw (icao24, callsign, origin_country, longitude, la...]
[2025-05-21T08:43:28.863+0000] {cursor.py:846} INFO - query execution done
[2025-05-21T08:43:28.863+0000] {cursor.py:833} INFO - query: [INSERT INTO PUBLIC.aircraft_raw (icao24, callsign, origin_country, longitude, la...]
[2025-05-21T08:43:29.551+0000] {cursor.py:846} INFO - query execution done
[2025-05-21T08:43:29.552+0000] {cursor.py:833} INFO - query: [INSERT INTO PUBLIC.aircraft_raw (icao24, callsign, origin_country, longitude, la...]
[2025-05-21T08:43:30.179+0000] {cursor.py:846} INFO - query execution done
[2025-05-21T08:43:30.181+0000] {cursor.py:833} INFO - query: [INSERT INTO PUBLIC.aircraft_raw (icao24, callsign, origin_country, longitude, la...]
[2025-05-21T08:43:30.809+0000] {cursor.py:846} INFO - query execution done
[2025-05-21T08:43:30.810+0000] {cursor.py:833} INFO - query: [INSERT INTO PUBLIC.aircraft_raw (icao24, callsign, origin_country, longitude, la...]
[2025-05-21T08:43:31.572+0000] {cursor.py:846} INFO - query execution done
[2025-05-21T08:43:31.572+0000] {cursor.py:833} INFO - query: [INSERT INTO PUBLIC.aircraft_raw (icao24, callsign, origin_country, longitude, la...]
[2025-05-21T08:43:32.130+0000] {cursor.py:846} INFO - query execution done
[2025-05-21T08:43:32.131+0000] {cursor.py:833} INFO - query: [INSERT INTO PUBLIC.aircraft_raw (icao24, callsign, origin_country, longitude, la...]
[2025-05-21T08:43:32.707+0000] {cursor.py:846} INFO - query execution done
[2025-05-21T08:43:32.708+0000] {cursor.py:833} INFO - query: [INSERT INTO PUBLIC.aircraft_raw (icao24, callsign, origin_country, longitude, la...]
[2025-05-21T08:43:33.204+0000] {cursor.py:846} INFO - query execution done
[2025-05-21T08:43:33.205+0000] {cursor.py:833} INFO - query: [INSERT INTO PUBLIC.aircraft_raw (icao24, callsign, origin_country, longitude, la...]
[2025-05-21T08:43:33.764+0000] {cursor.py:846} INFO - query execution done
[2025-05-21T08:43:33.765+0000] {cursor.py:833} INFO - query: [INSERT INTO PUBLIC.aircraft_raw (icao24, callsign, origin_country, longitude, la...]
[2025-05-21T08:43:34.432+0000] {cursor.py:846} INFO - query execution done
[2025-05-21T08:43:34.433+0000] {cursor.py:833} INFO - query: [INSERT INTO PUBLIC.aircraft_raw (icao24, callsign, origin_country, longitude, la...]
[2025-05-21T08:43:34.928+0000] {cursor.py:846} INFO - query execution done
[2025-05-21T08:43:34.929+0000] {cursor.py:833} INFO - query: [INSERT INTO PUBLIC.aircraft_raw (icao24, callsign, origin_country, longitude, la...]
[2025-05-21T08:43:35.498+0000] {cursor.py:846} INFO - query execution done
[2025-05-21T08:43:35.500+0000] {cursor.py:833} INFO - query: [INSERT INTO PUBLIC.aircraft_raw (icao24, callsign, origin_country, longitude, la...]
[2025-05-21T08:43:35.962+0000] {cursor.py:846} INFO - query execution done
[2025-05-21T08:43:35.963+0000] {cursor.py:833} INFO - query: [INSERT INTO PUBLIC.aircraft_raw (icao24, callsign, origin_country, longitude, la...]
[2025-05-21T08:43:36.673+0000] {cursor.py:846} INFO - query execution done
[2025-05-21T08:43:36.673+0000] {cursor.py:833} INFO - query: [INSERT INTO PUBLIC.aircraft_raw (icao24, callsign, origin_country, longitude, la...]
[2025-05-21T08:43:37.155+0000] {cursor.py:846} INFO - query execution done
[2025-05-21T08:43:37.156+0000] {cursor.py:833} INFO - query: [INSERT INTO PUBLIC.aircraft_raw (icao24, callsign, origin_country, longitude, la...]
[2025-05-21T08:43:37.663+0000] {cursor.py:846} INFO - query execution done
[2025-05-21T08:43:37.663+0000] {cursor.py:833} INFO - query: [INSERT INTO PUBLIC.aircraft_raw (icao24, callsign, origin_country, longitude, la...]
[2025-05-21T08:43:38.193+0000] {cursor.py:846} INFO - query execution done
[2025-05-21T08:43:38.193+0000] {cursor.py:833} INFO - query: [INSERT INTO PUBLIC.aircraft_raw (icao24, callsign, origin_country, longitude, la...]
[2025-05-21T08:43:38.779+0000] {cursor.py:846} INFO - query execution done
[2025-05-21T08:43:38.781+0000] {cursor.py:833} INFO - query: [INSERT INTO PUBLIC.aircraft_raw (icao24, callsign, origin_country, longitude, la...]
[2025-05-21T08:43:39.290+0000] {cursor.py:846} INFO - query execution done
[2025-05-21T08:43:39.291+0000] {cursor.py:833} INFO - query: [INSERT INTO PUBLIC.aircraft_raw (icao24, callsign, origin_country, longitude, la...]
[2025-05-21T08:43:39.934+0000] {cursor.py:846} INFO - query execution done
[2025-05-21T08:43:39.935+0000] {cursor.py:833} INFO - query: [INSERT INTO PUBLIC.aircraft_raw (icao24, callsign, origin_country, longitude, la...]
[2025-05-21T08:43:40.682+0000] {cursor.py:846} INFO - query execution done
[2025-05-21T08:43:40.682+0000] {cursor.py:833} INFO - query: [INSERT INTO PUBLIC.aircraft_raw (icao24, callsign, origin_country, longitude, la...]
[2025-05-21T08:43:41.211+0000] {cursor.py:846} INFO - query execution done
[2025-05-21T08:43:41.211+0000] {cursor.py:833} INFO - query: [INSERT INTO PUBLIC.aircraft_raw (icao24, callsign, origin_country, longitude, la...]
[2025-05-21T08:43:41.861+0000] {cursor.py:846} INFO - query execution done
[2025-05-21T08:43:41.862+0000] {cursor.py:833} INFO - query: [INSERT INTO PUBLIC.aircraft_raw (icao24, callsign, origin_country, longitude, la...]
[2025-05-21T08:43:42.507+0000] {cursor.py:846} INFO - query execution done
[2025-05-21T08:43:42.508+0000] {cursor.py:833} INFO - query: [INSERT INTO PUBLIC.aircraft_raw (icao24, callsign, origin_country, longitude, la...]
[2025-05-21T08:43:43.103+0000] {cursor.py:846} INFO - query execution done
[2025-05-21T08:43:43.104+0000] {cursor.py:833} INFO - query: [INSERT INTO PUBLIC.aircraft_raw (icao24, callsign, origin_country, longitude, la...]
[2025-05-21T08:43:43.892+0000] {cursor.py:846} INFO - query execution done
[2025-05-21T08:43:43.893+0000] {cursor.py:833} INFO - query: [INSERT INTO PUBLIC.aircraft_raw (icao24, callsign, origin_country, longitude, la...]
[2025-05-21T08:43:44.453+0000] {cursor.py:846} INFO - query execution done
[2025-05-21T08:43:44.454+0000] {cursor.py:833} INFO - query: [INSERT INTO PUBLIC.aircraft_raw (icao24, callsign, origin_country, longitude, la...]
[2025-05-21T08:43:45.092+0000] {cursor.py:846} INFO - query execution done
[2025-05-21T08:43:45.093+0000] {cursor.py:833} INFO - query: [INSERT INTO PUBLIC.aircraft_raw (icao24, callsign, origin_country, longitude, la...]
[2025-05-21T08:43:45.578+0000] {cursor.py:846} INFO - query execution done
[2025-05-21T08:43:45.579+0000] {cursor.py:833} INFO - query: [INSERT INTO PUBLIC.aircraft_raw (icao24, callsign, origin_country, longitude, la...]
[2025-05-21T08:43:46.276+0000] {cursor.py:846} INFO - query execution done
[2025-05-21T08:43:46.278+0000] {cursor.py:833} INFO - query: [INSERT INTO PUBLIC.aircraft_raw (icao24, callsign, origin_country, longitude, la...]
[2025-05-21T08:43:46.820+0000] {cursor.py:846} INFO - query execution done
[2025-05-21T08:43:46.821+0000] {cursor.py:833} INFO - query: [INSERT INTO PUBLIC.aircraft_raw (icao24, callsign, origin_country, longitude, la...]
[2025-05-21T08:43:47.299+0000] {cursor.py:846} INFO - query execution done
[2025-05-21T08:43:47.300+0000] {cursor.py:833} INFO - query: [INSERT INTO PUBLIC.aircraft_raw (icao24, callsign, origin_country, longitude, la...]
[2025-05-21T08:43:48.093+0000] {cursor.py:846} INFO - query execution done
[2025-05-21T08:43:48.094+0000] {cursor.py:833} INFO - query: [INSERT INTO PUBLIC.aircraft_raw (icao24, callsign, origin_country, longitude, la...]
[2025-05-21T08:43:48.591+0000] {cursor.py:846} INFO - query execution done
[2025-05-21T08:43:48.593+0000] {cursor.py:833} INFO - query: [INSERT INTO PUBLIC.aircraft_raw (icao24, callsign, origin_country, longitude, la...]
[2025-05-21T08:43:49.214+0000] {cursor.py:846} INFO - query execution done
[2025-05-21T08:43:49.216+0000] {cursor.py:833} INFO - query: [INSERT INTO PUBLIC.aircraft_raw (icao24, callsign, origin_country, longitude, la...]
[2025-05-21T08:43:49.685+0000] {cursor.py:846} INFO - query execution done
[2025-05-21T08:43:49.686+0000] {cursor.py:833} INFO - query: [INSERT INTO PUBLIC.aircraft_raw (icao24, callsign, origin_country, longitude, la...]
[2025-05-21T08:43:50.406+0000] {cursor.py:846} INFO - query execution done
[2025-05-21T08:43:50.407+0000] {cursor.py:833} INFO - query: [INSERT INTO PUBLIC.aircraft_raw (icao24, callsign, origin_country, longitude, la...]
[2025-05-21T08:43:50.962+0000] {cursor.py:846} INFO - query execution done
[2025-05-21T08:43:50.962+0000] {cursor.py:833} INFO - query: [INSERT INTO PUBLIC.aircraft_raw (icao24, callsign, origin_country, longitude, la...]
[2025-05-21T08:43:51.497+0000] {cursor.py:846} INFO - query execution done
[2025-05-21T08:43:51.498+0000] {cursor.py:833} INFO - query: [INSERT INTO PUBLIC.aircraft_raw (icao24, callsign, origin_country, longitude, la...]
[2025-05-21T08:43:52.360+0000] {cursor.py:846} INFO - query execution done
[2025-05-21T08:43:52.361+0000] {cursor.py:833} INFO - query: [INSERT INTO PUBLIC.aircraft_raw (icao24, callsign, origin_country, longitude, la...]
[2025-05-21T08:43:52.934+0000] {cursor.py:846} INFO - query execution done
[2025-05-21T08:43:52.935+0000] {cursor.py:833} INFO - query: [INSERT INTO PUBLIC.aircraft_raw (icao24, callsign, origin_country, longitude, la...]
[2025-05-21T08:43:53.775+0000] {cursor.py:846} INFO - query execution done
[2025-05-21T08:43:53.776+0000] {cursor.py:833} INFO - query: [INSERT INTO PUBLIC.aircraft_raw (icao24, callsign, origin_country, longitude, la...]
[2025-05-21T08:43:54.441+0000] {cursor.py:846} INFO - query execution done
[2025-05-21T08:43:54.443+0000] {cursor.py:833} INFO - query: [INSERT INTO PUBLIC.aircraft_raw (icao24, callsign, origin_country, longitude, la...]
[2025-05-21T08:43:54.988+0000] {cursor.py:846} INFO - query execution done
[2025-05-21T08:43:54.989+0000] {cursor.py:833} INFO - query: [INSERT INTO PUBLIC.aircraft_raw (icao24, callsign, origin_country, longitude, la...]
[2025-05-21T08:43:55.597+0000] {cursor.py:846} INFO - query execution done
[2025-05-21T08:43:55.599+0000] {cursor.py:833} INFO - query: [INSERT INTO PUBLIC.aircraft_raw (icao24, callsign, origin_country, longitude, la...]
[2025-05-21T08:43:56.167+0000] {cursor.py:846} INFO - query execution done
[2025-05-21T08:43:56.167+0000] {cursor.py:833} INFO - query: [INSERT INTO PUBLIC.aircraft_raw (icao24, callsign, origin_country, longitude, la...]
[2025-05-21T08:43:56.699+0000] {cursor.py:846} INFO - query execution done
[2025-05-21T08:43:56.700+0000] {cursor.py:833} INFO - query: [INSERT INTO PUBLIC.aircraft_raw (icao24, callsign, origin_country, longitude, la...]
[2025-05-21T08:43:57.293+0000] {cursor.py:846} INFO - query execution done
[2025-05-21T08:43:57.294+0000] {cursor.py:833} INFO - query: [INSERT INTO PUBLIC.aircraft_raw (icao24, callsign, origin_country, longitude, la...]
[2025-05-21T08:43:57.933+0000] {cursor.py:846} INFO - query execution done
[2025-05-21T08:43:57.934+0000] {cursor.py:833} INFO - query: [INSERT INTO PUBLIC.aircraft_raw (icao24, callsign, origin_country, longitude, la...]
[2025-05-21T08:43:58.523+0000] {cursor.py:846} INFO - query execution done
[2025-05-21T08:43:58.524+0000] {cursor.py:833} INFO - query: [INSERT INTO PUBLIC.aircraft_raw (icao24, callsign, origin_country, longitude, la...]
[2025-05-21T08:43:59.076+0000] {cursor.py:846} INFO - query execution done
[2025-05-21T08:43:59.077+0000] {cursor.py:833} INFO - query: [INSERT INTO PUBLIC.aircraft_raw (icao24, callsign, origin_country, longitude, la...]
[2025-05-21T08:43:59.645+0000] {cursor.py:846} INFO - query execution done
[2025-05-21T08:43:59.646+0000] {cursor.py:833} INFO - query: [INSERT INTO PUBLIC.aircraft_raw (icao24, callsign, origin_country, longitude, la...]
[2025-05-21T08:44:00.212+0000] {cursor.py:846} INFO - query execution done
[2025-05-21T08:44:00.439+0000] {cursor.py:833} INFO - query: [INSERT INTO PUBLIC.aircraft_raw (icao24, callsign, origin_country, longitude, la...]
[2025-05-21T08:44:01.124+0000] {cursor.py:846} INFO - query execution done
[2025-05-21T08:44:01.125+0000] {cursor.py:833} INFO - query: [INSERT INTO PUBLIC.aircraft_summary (run_time, origin_country, aircraft_count, a...]
[2025-05-21T08:44:01.367+0000] {cursor.py:846} INFO - query execution done
[2025-05-21T08:44:01.378+0000] {taskinstance.py:1937} ERROR - Task failed with exception
Traceback (most recent call last):
  File "/home/airflow/.local/lib/python3.8/site-packages/airflow/operators/python.py", line 192, in execute
    return_value = self.execute_callable()
  File "/home/airflow/.local/lib/python3.8/site-packages/airflow/operators/python.py", line 209, in execute_callable
    return self.python_callable(*self.op_args, **self.op_kwargs)
  File "/opt/airflow/dags/kafka_to_snowflake.py", line 70, in consume_and_load
    cursor.execute("""
  File "/home/airflow/.local/lib/python3.8/site-packages/snowflake/connector/cursor.py", line 937, in execute
    Error.errorhandler_wrapper(self.connection, self, error_class, errvalue)
  File "/home/airflow/.local/lib/python3.8/site-packages/snowflake/connector/errors.py", line 290, in errorhandler_wrapper
    handed_over = Error.hand_to_other_handler(
  File "/home/airflow/.local/lib/python3.8/site-packages/snowflake/connector/errors.py", line 345, in hand_to_other_handler
    cursor.errorhandler(connection, cursor, error_class, error_value)
  File "/home/airflow/.local/lib/python3.8/site-packages/snowflake/connector/errors.py", line 221, in default_errorhandler
    raise error_class(
snowflake.connector.errors.ProgrammingError: 002003 (42S02): 01bc7e2c-0205-57dd-0006-75e30014a0c6: SQL compilation error:
Table 'AIRPLANE_TRACKER_DB.PUBLIC.AIRCRAFT_SUMMARY' does not exist or not authorized.
[2025-05-21T08:44:01.409+0000] {taskinstance.py:1400} INFO - Marking task as UP_FOR_RETRY. dag_id=kafka_to_snowflake, task_id=consume_kafka_and_store_in_snowflake, execution_date=20250521T084039, start_date=20250521T084040, end_date=20250521T084401
[2025-05-21T08:44:01.434+0000] {standard_task_runner.py:104} ERROR - Failed to execute job 5 for task consume_kafka_and_store_in_snowflake (002003 (42S02): 01bc7e2c-0205-57dd-0006-75e30014a0c6: SQL compilation error:
Table 'AIRPLANE_TRACKER_DB.PUBLIC.AIRCRAFT_SUMMARY' does not exist or not authorized.; 288)
[2025-05-21T08:44:01.488+0000] {local_task_job_runner.py:228} INFO - Task exited with return code 1
[2025-05-21T08:44:01.505+0000] {taskinstance.py:2778} INFO - 0 downstream tasks scheduled from follow-on schedule check
